        -:    0:Source:png.c
        -:    1:
        -:    2:/* png.c - location for general purpose libpng functions
        -:    3: *
        -:    4: * Last changed in libpng 1.6.33 [September 28, 2017]
        -:    5: * Copyright (c) 1998-2002,2004,2006-2017 Glenn Randers-Pehrson
        -:    6: * (Version 0.96 Copyright (c) 1996, 1997 Andreas Dilger)
        -:    7: * (Version 0.88 Copyright (c) 1995, 1996 Guy Eric Schalnat, Group 42, Inc.)
        -:    8: *
        -:    9: * This code is released under the libpng license.
        -:   10: * For conditions of distribution and use, see the disclaimer
        -:   11: * and license in png.h
        -:   12: */
        -:   13:
        -:   14:#include "pngpriv.h"
        -:   15:
        -:   16:/* Generate a compiler error if there is an old png.h in the search path. */
        -:   17:typedef png_libpng_version_1_6_34 Your_png_h_is_not_version_1_6_34;
        -:   18:
        -:   19:#ifdef __GNUC__
        -:   20:/* The version tests may need to be added to, but the problem warning has
        -:   21: * consistently been fixed in GCC versions which obtain wide-spread release.
        -:   22: * The problem is that many versions of GCC rearrange comparison expressions in
        -:   23: * the optimizer in such a way that the results of the comparison will change
        -:   24: * if signed integer overflow occurs.  Such comparisons are not permitted in
        -:   25: * ANSI C90, however GCC isn't clever enough to work out that that do not occur
        -:   26: * below in png_ascii_from_fp and png_muldiv, so it produces a warning with
        -:   27: * -Wextra.  Unfortunately this is highly dependent on the optimizer and the
        -:   28: * machine architecture so the warning comes and goes unpredictably and is
        -:   29: * impossible to "fix", even were that a good idea.
        -:   30: */
        -:   31:#if __GNUC__ == 7 && __GNUC_MINOR__ == 1
        -:   32:#define GCC_STRICT_OVERFLOW 1
        -:   33:#endif /* GNU 7.1.x */
        -:   34:#endif /* GNU */
        -:   35:#ifndef GCC_STRICT_OVERFLOW
        -:   36:#define GCC_STRICT_OVERFLOW 0
        -:   37:#endif
        -:   38:
        -:   39:/* Tells libpng that we have already handled the first "num_bytes" bytes
        -:   40: * of the PNG file signature.  If the PNG data is embedded into another
        -:   41: * stream we can set num_bytes = 8 so that libpng will not attempt to read
        -:   42: * or write any of the magic bytes before it starts on the IHDR.
        -:   43: */
        -:   44:
        -:   45:#ifdef PNG_READ_SUPPORTED
        -:   46:void PNGAPI
    #####:   47:png_set_sig_bytes(png_structrp png_ptr, int num_bytes)
        -:   48:{
    #####:   49:   unsigned int nb = (unsigned int)num_bytes;
        -:   50:
        -:   51:   png_debug(1, "in png_set_sig_bytes");
        -:   52:
    #####:   53:   if (png_ptr == NULL)
    #####:   54:      return;
        -:   55:
    #####:   56:   if (num_bytes < 0)
    #####:   57:      nb = 0;
        -:   58:
    #####:   59:   if (nb > 8)
    #####:   60:      png_error(png_ptr, "Too many bytes for PNG signature");
        -:   61:
    #####:   62:   png_ptr->sig_bytes = (png_byte)nb;
        -:   63:}
        -:   64:
        -:   65:/* Checks whether the supplied bytes match the PNG signature.  We allow
        -:   66: * checking less than the full 8-byte signature so that those apps that
        -:   67: * already read the first few bytes of a file to determine the file type
        -:   68: * can simply check the remaining bytes for extra assurance.  Returns
        -:   69: * an integer less than, equal to, or greater than zero if sig is found,
        -:   70: * respectively, to be less than, to match, or be greater than the correct
        -:   71: * PNG signature (this is the same behavior as strcmp, memcmp, etc).
        -:   72: */
        -:   73:int PNGAPI
     1539:   74:png_sig_cmp(png_const_bytep sig, png_size_t start, png_size_t num_to_check)
        -:   75:{
     1539:   76:   png_byte png_signature[8] = {137, 80, 78, 71, 13, 10, 26, 10};
        -:   77:
     1539:   78:   if (num_to_check > 8)
    #####:   79:      num_to_check = 8;
        -:   80:
     1539:   81:   else if (num_to_check < 1)
    #####:   82:      return (-1);
        -:   83:
     1539:   84:   if (start > 7)
    #####:   85:      return (-1);
        -:   86:
     1539:   87:   if (start + num_to_check > 8)
    #####:   88:      num_to_check = 8 - start;
        -:   89:
     1539:   90:   return ((int)(memcmp(&sig[start], &png_signature[start], num_to_check)));
        -:   91:}
        -:   92:
        -:   93:#endif /* READ */
        -:   94:
        -:   95:#if defined(PNG_READ_SUPPORTED) || defined(PNG_WRITE_SUPPORTED)
        -:   96:/* Function to allocate memory for zlib */
    13215:   97:PNG_FUNCTION(voidpf /* PRIVATE */,
        -:   98:png_zalloc,(voidpf png_ptr, uInt items, uInt size),PNG_ALLOCATED)
        -:   99:{
    13215:  100:   png_alloc_size_t num_bytes = size;
        -:  101:
    13215:  102:   if (png_ptr == NULL)
    #####:  103:      return NULL;
        -:  104:
    13215:  105:   if (items >= (~(png_alloc_size_t)0)/size)
        -:  106:   {
    #####:  107:      png_warning (png_voidcast(png_structrp, png_ptr),
        -:  108:          "Potential overflow in png_zalloc()");
    #####:  109:      return NULL;
        -:  110:   }
        -:  111:
    13215:  112:   num_bytes *= items;
    13215:  113:   return png_malloc_warn(png_voidcast(png_structrp, png_ptr), num_bytes);
        -:  114:}
        -:  115:
        -:  116:/* Function to free memory for zlib */
        -:  117:void /* PRIVATE */
    13215:  118:png_zfree(voidpf png_ptr, voidpf ptr)
        -:  119:{
    13215:  120:   png_free(png_voidcast(png_const_structrp,png_ptr), ptr);
    13215:  121:}
        -:  122:
        -:  123:/* Reset the CRC variable to 32 bits of 1's.  Care must be taken
        -:  124: * in case CRC is > 32 bits to leave the top bits 0.
        -:  125: */
        -:  126:void /* PRIVATE */
    10782:  127:png_reset_crc(png_structrp png_ptr)
        -:  128:{
        -:  129:   /* The cast is safe because the crc is a 32-bit value. */
    10782:  130:   png_ptr->crc = (png_uint_32)crc32(0, Z_NULL, 0);
    10782:  131:}
        -:  132:
        -:  133:/* Calculate the CRC over a section of data.  We can only pass as
        -:  134: * much data to this routine as the largest single buffer size.  We
        -:  135: * also check that this data will actually be used before going to the
        -:  136: * trouble of calculating it.
        -:  137: */
        -:  138:void /* PRIVATE */
    32520:  139:png_calculate_crc(png_structrp png_ptr, png_const_bytep ptr, png_size_t length)
        -:  140:{
    32520:  141:   int need_crc = 1;
        -:  142:
    32520:  143:   if (PNG_CHUNK_ANCILLARY(png_ptr->chunk_name) != 0)
        -:  144:   {
    13992:  145:      if ((png_ptr->flags & PNG_FLAG_CRC_ANCILLARY_MASK) ==
        -:  146:          (PNG_FLAG_CRC_ANCILLARY_USE | PNG_FLAG_CRC_ANCILLARY_NOWARN))
    #####:  147:         need_crc = 0;
        -:  148:   }
        -:  149:
        -:  150:   else /* critical */
        -:  151:   {
    18528:  152:      if ((png_ptr->flags & PNG_FLAG_CRC_CRITICAL_IGNORE) != 0)
    #####:  153:         need_crc = 0;
        -:  154:   }
        -:  155:
        -:  156:   /* 'uLong' is defined in zlib.h as unsigned long; this means that on some
        -:  157:    * systems it is a 64-bit value.  crc32, however, returns 32 bits so the
        -:  158:    * following cast is safe.  'uInt' may be no more than 16 bits, so it is
        -:  159:    * necessary to perform a loop here.
        -:  160:    */
    32520:  161:   if (need_crc != 0 && length > 0)
        -:  162:   {
    32502:  163:      uLong crc = png_ptr->crc; /* Should never issue a warning */
        -:  164:
        -:  165:      do
        -:  166:      {
    32502:  167:         uInt safe_length = (uInt)length;
        -:  168:#ifndef __COVERITY__
    32502:  169:         if (safe_length == 0)
    #####:  170:            safe_length = (uInt)-1; /* evil, but safe */
        -:  171:#endif
        -:  172:
    32502:  173:         crc = crc32(crc, ptr, safe_length);
        -:  174:
        -:  175:         /* The following should never issue compiler warnings; if they do the
        -:  176:          * target system has characteristics that will probably violate other
        -:  177:          * assumptions within the libpng code.
        -:  178:          */
    32502:  179:         ptr += safe_length;
    32502:  180:         length -= safe_length;
        -:  181:      }
    32502:  182:      while (length > 0);
        -:  183:
        -:  184:      /* And the following is always safe because the crc is only 32 bits. */
    32502:  185:      png_ptr->crc = (png_uint_32)crc;
        -:  186:   }
    32520:  187:}
        -:  188:
        -:  189:/* Check a user supplied version number, called from both read and write
        -:  190: * functions that create a png_struct.
        -:  191: */
        -:  192:int
     3585:  193:png_user_version_check(png_structrp png_ptr, png_const_charp user_png_ver)
        -:  194:{
        -:  195:   /* Libpng versions 1.0.0 and later are binary compatible if the version
        -:  196:    * string matches through the second '.'; we must recompile any
        -:  197:    * applications that use any older library version.
        -:  198:    */
        -:  199:
     3585:  200:   if (user_png_ver != NULL)
        -:  201:   {
     3585:  202:      int i = -1;
     3585:  203:      int found_dots = 0;
        -:  204:
        -:  205:      do
        -:  206:      {
    14340:  207:         i++;
    14340:  208:         if (user_png_ver[i] != PNG_LIBPNG_VER_STRING[i])
    #####:  209:            png_ptr->flags |= PNG_FLAG_LIBRARY_MISMATCH;
    14340:  210:         if (user_png_ver[i] == '.')
     7170:  211:            found_dots++;
    14340:  212:      } while (found_dots < 2 && user_png_ver[i] != 0 &&
    10755:  213:            PNG_LIBPNG_VER_STRING[i] != 0);
        -:  214:   }
        -:  215:
        -:  216:   else
    #####:  217:      png_ptr->flags |= PNG_FLAG_LIBRARY_MISMATCH;
        -:  218:
     3585:  219:   if ((png_ptr->flags & PNG_FLAG_LIBRARY_MISMATCH) != 0)
        -:  220:   {
        -:  221:#ifdef PNG_WARNINGS_SUPPORTED
    #####:  222:      size_t pos = 0;
        -:  223:      char m[128];
        -:  224:
    #####:  225:      pos = png_safecat(m, (sizeof m), pos,
        -:  226:          "Application built with libpng-");
    #####:  227:      pos = png_safecat(m, (sizeof m), pos, user_png_ver);
    #####:  228:      pos = png_safecat(m, (sizeof m), pos, " but running with ");
    #####:  229:      pos = png_safecat(m, (sizeof m), pos, PNG_LIBPNG_VER_STRING);
        -:  230:      PNG_UNUSED(pos)
        -:  231:
    #####:  232:      png_warning(png_ptr, m);
        -:  233:#endif
        -:  234:
        -:  235:#ifdef PNG_ERROR_NUMBERS_SUPPORTED
        -:  236:      png_ptr->flags = 0;
        -:  237:#endif
        -:  238:
    #####:  239:      return 0;
        -:  240:   }
        -:  241:
        -:  242:   /* Success return. */
     3585:  243:   return 1;
        -:  244:}
        -:  245:
        -:  246:/* Generic function to create a png_struct for either read or write - this
        -:  247: * contains the common initialization.
        -:  248: */
     3585:  249:PNG_FUNCTION(png_structp /* PRIVATE */,
        -:  250:png_create_png_struct,(png_const_charp user_png_ver, png_voidp error_ptr,
        -:  251:    png_error_ptr error_fn, png_error_ptr warn_fn, png_voidp mem_ptr,
        -:  252:    png_malloc_ptr malloc_fn, png_free_ptr free_fn),PNG_ALLOCATED)
        -:  253:{
        -:  254:   png_struct create_struct;
        -:  255:#  ifdef PNG_SETJMP_SUPPORTED
        -:  256:      jmp_buf create_jmp_buf;
        -:  257:#  endif
        -:  258:
        -:  259:   /* This temporary stack-allocated structure is used to provide a place to
        -:  260:    * build enough context to allow the user provided memory allocator (if any)
        -:  261:    * to be called.
        -:  262:    */
     3585:  263:   memset(&create_struct, 0, (sizeof create_struct));
        -:  264:
        -:  265:   /* Added at libpng-1.2.6 */
        -:  266:#  ifdef PNG_USER_LIMITS_SUPPORTED
     3585:  267:      create_struct.user_width_max = PNG_USER_WIDTH_MAX;
     3585:  268:      create_struct.user_height_max = PNG_USER_HEIGHT_MAX;
        -:  269:
        -:  270:#     ifdef PNG_USER_CHUNK_CACHE_MAX
        -:  271:      /* Added at libpng-1.2.43 and 1.4.0 */
     3585:  272:      create_struct.user_chunk_cache_max = PNG_USER_CHUNK_CACHE_MAX;
        -:  273:#     endif
        -:  274:
        -:  275:#     ifdef PNG_USER_CHUNK_MALLOC_MAX
        -:  276:      /* Added at libpng-1.2.43 and 1.4.1, required only for read but exists
        -:  277:       * in png_struct regardless.
        -:  278:       */
     3585:  279:      create_struct.user_chunk_malloc_max = PNG_USER_CHUNK_MALLOC_MAX;
        -:  280:#     endif
        -:  281:#  endif
        -:  282:
        -:  283:   /* The following two API calls simply set fields in png_struct, so it is safe
        -:  284:    * to do them now even though error handling is not yet set up.
        -:  285:    */
        -:  286:#  ifdef PNG_USER_MEM_SUPPORTED
     3585:  287:      png_set_mem_fn(&create_struct, mem_ptr, malloc_fn, free_fn);
        -:  288:#  else
        -:  289:      PNG_UNUSED(mem_ptr)
        -:  290:      PNG_UNUSED(malloc_fn)
        -:  291:      PNG_UNUSED(free_fn)
        -:  292:#  endif
        -:  293:
        -:  294:   /* (*error_fn) can return control to the caller after the error_ptr is set,
        -:  295:    * this will result in a memory leak unless the error_fn does something
        -:  296:    * extremely sophisticated.  The design lacks merit but is implicit in the
        -:  297:    * API.
        -:  298:    */
     3585:  299:   png_set_error_fn(&create_struct, error_ptr, error_fn, warn_fn);
        -:  300:
        -:  301:#  ifdef PNG_SETJMP_SUPPORTED
     3585:  302:      if (!setjmp(create_jmp_buf))
        -:  303:#  endif
        -:  304:      {
        -:  305:#  ifdef PNG_SETJMP_SUPPORTED
        -:  306:         /* Temporarily fake out the longjmp information until we have
        -:  307:          * successfully completed this function.  This only works if we have
        -:  308:          * setjmp() support compiled in, but it is safe - this stuff should
        -:  309:          * never happen.
        -:  310:          */
     3585:  311:         create_struct.jmp_buf_ptr = &create_jmp_buf;
     3585:  312:         create_struct.jmp_buf_size = 0; /*stack allocation*/
     3585:  313:         create_struct.longjmp_fn = longjmp;
        -:  314:#  endif
        -:  315:         /* Call the general version checker (shared with read and write code):
        -:  316:          */
     3585:  317:         if (png_user_version_check(&create_struct, user_png_ver) != 0)
        -:  318:         {
     3585:  319:            png_structrp png_ptr = png_voidcast(png_structrp,
        -:  320:                png_malloc_warn(&create_struct, (sizeof *png_ptr)));
        -:  321:
     3585:  322:            if (png_ptr != NULL)
        -:  323:            {
        -:  324:               /* png_ptr->zstream holds a back-pointer to the png_struct, so
        -:  325:                * this can only be done now:
        -:  326:                */
     3585:  327:               create_struct.zstream.zalloc = png_zalloc;
     3585:  328:               create_struct.zstream.zfree = png_zfree;
     3585:  329:               create_struct.zstream.opaque = png_ptr;
        -:  330:
        -:  331:#              ifdef PNG_SETJMP_SUPPORTED
        -:  332:               /* Eliminate the local error handling: */
     3585:  333:               create_struct.jmp_buf_ptr = NULL;
     3585:  334:               create_struct.jmp_buf_size = 0;
     3585:  335:               create_struct.longjmp_fn = 0;
        -:  336:#              endif
        -:  337:
     3585:  338:               *png_ptr = create_struct;
        -:  339:
        -:  340:               /* This is the successful return point */
     3585:  341:               return png_ptr;
        -:  342:            }
        -:  343:         }
        -:  344:      }
        -:  345:
        -:  346:   /* A longjmp because of a bug in the application storage allocator or a
        -:  347:    * simple failure to allocate the png_struct.
        -:  348:    */
    #####:  349:   return NULL;
        -:  350:}
        -:  351:
        -:  352:/* Allocate the memory for an info_struct for the application. */
     6144:  353:PNG_FUNCTION(png_infop,PNGAPI
        -:  354:png_create_info_struct,(png_const_structrp png_ptr),PNG_ALLOCATED)
        -:  355:{
        -:  356:   png_inforp info_ptr;
        -:  357:
        -:  358:   png_debug(1, "in png_create_info_struct");
        -:  359:
     6144:  360:   if (png_ptr == NULL)
    #####:  361:      return NULL;
        -:  362:
        -:  363:   /* Use the internal API that does not (or at least should not) error out, so
        -:  364:    * that this call always returns ok.  The application typically sets up the
        -:  365:    * error handling *after* creating the info_struct because this is the way it
        -:  366:    * has always been done in 'example.c'.
        -:  367:    */
     6144:  368:   info_ptr = png_voidcast(png_inforp, png_malloc_base(png_ptr,
        -:  369:       (sizeof *info_ptr)));
        -:  370:
     6144:  371:   if (info_ptr != NULL)
     6144:  372:      memset(info_ptr, 0, (sizeof *info_ptr));
        -:  373:
     6144:  374:   return info_ptr;
        -:  375:}
        -:  376:
        -:  377:/* This function frees the memory associated with a single info struct.
        -:  378: * Normally, one would use either png_destroy_read_struct() or
        -:  379: * png_destroy_write_struct() to free an info struct, but this may be
        -:  380: * useful for some applications.  From libpng 1.6.0 this function is also used
        -:  381: * internally to implement the png_info release part of the 'struct' destroy
        -:  382: * APIs.  This ensures that all possible approaches free the same data (all of
        -:  383: * it).
        -:  384: */
        -:  385:void PNGAPI
     7170:  386:png_destroy_info_struct(png_const_structrp png_ptr, png_infopp info_ptr_ptr)
        -:  387:{
     7170:  388:   png_inforp info_ptr = NULL;
        -:  389:
        -:  390:   png_debug(1, "in png_destroy_info_struct");
        -:  391:
     7170:  392:   if (png_ptr == NULL)
    #####:  393:      return;
        -:  394:
     7170:  395:   if (info_ptr_ptr != NULL)
     6144:  396:      info_ptr = *info_ptr_ptr;
        -:  397:
     7170:  398:   if (info_ptr != NULL)
        -:  399:   {
        -:  400:      /* Do this first in case of an error below; if the app implements its own
        -:  401:       * memory management this can lead to png_free calling png_error, which
        -:  402:       * will abort this routine and return control to the app error handler.
        -:  403:       * An infinite loop may result if it then tries to free the same info
        -:  404:       * ptr.
        -:  405:       */
     6144:  406:      *info_ptr_ptr = NULL;
        -:  407:
     6144:  408:      png_free_data(png_ptr, info_ptr, PNG_FREE_ALL, -1);
     6144:  409:      memset(info_ptr, 0, (sizeof *info_ptr));
     6144:  410:      png_free(png_ptr, info_ptr);
        -:  411:   }
        -:  412:}
        -:  413:
        -:  414:/* Initialize the info structure.  This is now an internal function (0.89)
        -:  415: * and applications using it are urged to use png_create_info_struct()
        -:  416: * instead.  Use deprecated in 1.6.0, internal use removed (used internally it
        -:  417: * is just a memset).
        -:  418: *
        -:  419: * NOTE: it is almost inconceivable that this API is used because it bypasses
        -:  420: * the user-memory mechanism and the user error handling/warning mechanisms in
        -:  421: * those cases where it does anything other than a memset.
        -:  422: */
    #####:  423:PNG_FUNCTION(void,PNGAPI
        -:  424:png_info_init_3,(png_infopp ptr_ptr, png_size_t png_info_struct_size),
        -:  425:    PNG_DEPRECATED)
        -:  426:{
    #####:  427:   png_inforp info_ptr = *ptr_ptr;
        -:  428:
        -:  429:   png_debug(1, "in png_info_init_3");
        -:  430:
    #####:  431:   if (info_ptr == NULL)
    #####:  432:      return;
        -:  433:
    #####:  434:   if ((sizeof (png_info)) > png_info_struct_size)
        -:  435:   {
    #####:  436:      *ptr_ptr = NULL;
        -:  437:      /* The following line is why this API should not be used: */
    #####:  438:      free(info_ptr);
    #####:  439:      info_ptr = png_voidcast(png_inforp, png_malloc_base(NULL,
        -:  440:          (sizeof *info_ptr)));
    #####:  441:      if (info_ptr == NULL)
    #####:  442:         return;
    #####:  443:      *ptr_ptr = info_ptr;
        -:  444:   }
        -:  445:
        -:  446:   /* Set everything to 0 */
    #####:  447:   memset(info_ptr, 0, (sizeof *info_ptr));
        -:  448:}
        -:  449:
        -:  450:/* The following API is not called internally */
        -:  451:void PNGAPI
    #####:  452:png_data_freer(png_const_structrp png_ptr, png_inforp info_ptr,
        -:  453:    int freer, png_uint_32 mask)
        -:  454:{
        -:  455:   png_debug(1, "in png_data_freer");
        -:  456:
    #####:  457:   if (png_ptr == NULL || info_ptr == NULL)
    #####:  458:      return;
        -:  459:
    #####:  460:   if (freer == PNG_DESTROY_WILL_FREE_DATA)
    #####:  461:      info_ptr->free_me |= mask;
        -:  462:
    #####:  463:   else if (freer == PNG_USER_WILL_FREE_DATA)
    #####:  464:      info_ptr->free_me &= ~mask;
        -:  465:
        -:  466:   else
    #####:  467:      png_error(png_ptr, "Unknown freer parameter in png_data_freer");
        -:  468:}
        -:  469:
        -:  470:void PNGAPI
     6861:  471:png_free_data(png_const_structrp png_ptr, png_inforp info_ptr, png_uint_32 mask,
        -:  472:    int num)
        -:  473:{
        -:  474:   png_debug(1, "in png_free_data");
        -:  475:
     6861:  476:   if (png_ptr == NULL || info_ptr == NULL)
    #####:  477:      return;
        -:  478:
        -:  479:#ifdef PNG_TEXT_SUPPORTED
        -:  480:   /* Free text item num or (if num == -1) all text items */
     6861:  481:   if (info_ptr->text != NULL &&
     1839:  482:       ((mask & PNG_FREE_TEXT) & info_ptr->free_me) != 0)
        -:  483:   {
     1707:  484:      if (num != -1)
        -:  485:      {
    #####:  486:         png_free(png_ptr, info_ptr->text[num].key);
    #####:  487:         info_ptr->text[num].key = NULL;
        -:  488:      }
        -:  489:
        -:  490:      else
        -:  491:      {
        -:  492:         int i;
        -:  493:
     5091:  494:         for (i = 0; i < info_ptr->num_text; i++)
     3384:  495:            png_free(png_ptr, info_ptr->text[i].key);
        -:  496:
     1707:  497:         png_free(png_ptr, info_ptr->text);
     1707:  498:         info_ptr->text = NULL;
     1707:  499:         info_ptr->num_text = 0;
     1707:  500:         info_ptr->max_text = 0;
        -:  501:      }
        -:  502:   }
        -:  503:#endif
        -:  504:
        -:  505:#ifdef PNG_tRNS_SUPPORTED
        -:  506:   /* Free any tRNS entry */
     6861:  507:   if (((mask & PNG_FREE_TRNS) & info_ptr->free_me) != 0)
        -:  508:   {
      474:  509:      info_ptr->valid &= ~PNG_INFO_tRNS;
      474:  510:      png_free(png_ptr, info_ptr->trans_alpha);
      474:  511:      info_ptr->trans_alpha = NULL;
      474:  512:      info_ptr->num_trans = 0;
        -:  513:   }
        -:  514:#endif
        -:  515:
        -:  516:#ifdef PNG_sCAL_SUPPORTED
        -:  517:   /* Free any sCAL entry */
     6861:  518:   if (((mask & PNG_FREE_SCAL) & info_ptr->free_me) != 0)
        -:  519:   {
        6:  520:      png_free(png_ptr, info_ptr->scal_s_width);
        6:  521:      png_free(png_ptr, info_ptr->scal_s_height);
        6:  522:      info_ptr->scal_s_width = NULL;
        6:  523:      info_ptr->scal_s_height = NULL;
        6:  524:      info_ptr->valid &= ~PNG_INFO_sCAL;
        -:  525:   }
        -:  526:#endif
        -:  527:
        -:  528:#ifdef PNG_pCAL_SUPPORTED
        -:  529:   /* Free any pCAL entry */
     6861:  530:   if (((mask & PNG_FREE_PCAL) & info_ptr->free_me) != 0)
        -:  531:   {
        6:  532:      png_free(png_ptr, info_ptr->pcal_purpose);
        6:  533:      png_free(png_ptr, info_ptr->pcal_units);
        6:  534:      info_ptr->pcal_purpose = NULL;
        6:  535:      info_ptr->pcal_units = NULL;
        -:  536:
        6:  537:      if (info_ptr->pcal_params != NULL)
        -:  538:         {
        -:  539:            int i;
        -:  540:
       18:  541:            for (i = 0; i < info_ptr->pcal_nparams; i++)
       12:  542:               png_free(png_ptr, info_ptr->pcal_params[i]);
        -:  543:
        6:  544:            png_free(png_ptr, info_ptr->pcal_params);
        6:  545:            info_ptr->pcal_params = NULL;
        -:  546:         }
        6:  547:      info_ptr->valid &= ~PNG_INFO_pCAL;
        -:  548:   }
        -:  549:#endif
        -:  550:
        -:  551:#ifdef PNG_iCCP_SUPPORTED
        -:  552:   /* Free any profile entry */
     6861:  553:   if (((mask & PNG_FREE_ICCP) & info_ptr->free_me) != 0)
        -:  554:   {
    #####:  555:      png_free(png_ptr, info_ptr->iccp_name);
    #####:  556:      png_free(png_ptr, info_ptr->iccp_profile);
    #####:  557:      info_ptr->iccp_name = NULL;
    #####:  558:      info_ptr->iccp_profile = NULL;
    #####:  559:      info_ptr->valid &= ~PNG_INFO_iCCP;
        -:  560:   }
        -:  561:#endif
        -:  562:
        -:  563:#ifdef PNG_sPLT_SUPPORTED
        -:  564:   /* Free a given sPLT entry, or (if num == -1) all sPLT entries */
    6861*:  565:   if (info_ptr->splt_palettes != NULL &&
    #####:  566:       ((mask & PNG_FREE_SPLT) & info_ptr->free_me) != 0)
        -:  567:   {
    #####:  568:      if (num != -1)
        -:  569:      {
    #####:  570:         png_free(png_ptr, info_ptr->splt_palettes[num].name);
    #####:  571:         png_free(png_ptr, info_ptr->splt_palettes[num].entries);
    #####:  572:         info_ptr->splt_palettes[num].name = NULL;
    #####:  573:         info_ptr->splt_palettes[num].entries = NULL;
        -:  574:      }
        -:  575:
        -:  576:      else
        -:  577:      {
        -:  578:         int i;
        -:  579:
    #####:  580:         for (i = 0; i < info_ptr->splt_palettes_num; i++)
        -:  581:         {
    #####:  582:            png_free(png_ptr, info_ptr->splt_palettes[i].name);
    #####:  583:            png_free(png_ptr, info_ptr->splt_palettes[i].entries);
        -:  584:         }
        -:  585:
    #####:  586:         png_free(png_ptr, info_ptr->splt_palettes);
    #####:  587:         info_ptr->splt_palettes = NULL;
    #####:  588:         info_ptr->splt_palettes_num = 0;
    #####:  589:         info_ptr->valid &= ~PNG_INFO_sPLT;
        -:  590:      }
        -:  591:   }
        -:  592:#endif
        -:  593:
        -:  594:#ifdef PNG_STORE_UNKNOWN_CHUNKS_SUPPORTED
     6861:  595:   if (info_ptr->unknown_chunks != NULL &&
       72:  596:       ((mask & PNG_FREE_UNKN) & info_ptr->free_me) != 0)
        -:  597:   {
       72:  598:      if (num != -1)
        -:  599:      {
    #####:  600:          png_free(png_ptr, info_ptr->unknown_chunks[num].data);
    #####:  601:          info_ptr->unknown_chunks[num].data = NULL;
        -:  602:      }
        -:  603:
        -:  604:      else
        -:  605:      {
        -:  606:         int i;
        -:  607:
      144:  608:         for (i = 0; i < info_ptr->unknown_chunks_num; i++)
       72:  609:            png_free(png_ptr, info_ptr->unknown_chunks[i].data);
        -:  610:
       72:  611:         png_free(png_ptr, info_ptr->unknown_chunks);
       72:  612:         info_ptr->unknown_chunks = NULL;
       72:  613:         info_ptr->unknown_chunks_num = 0;
        -:  614:      }
        -:  615:   }
        -:  616:#endif
        -:  617:
        -:  618:#ifdef PNG_eXIf_SUPPORTED
        -:  619:   /* Free any eXIf entry */
     6861:  620:   if (((mask & PNG_FREE_EXIF) & info_ptr->free_me) != 0)
        -:  621:   {
        -:  622:# ifdef PNG_READ_eXIf_SUPPORTED
        6:  623:      if (info_ptr->eXIf_buf)
        -:  624:      {
    #####:  625:         png_free(png_ptr, info_ptr->eXIf_buf);
    #####:  626:         info_ptr->eXIf_buf = NULL;
        -:  627:      }
        -:  628:# endif
        6:  629:      if (info_ptr->exif)
        -:  630:      {
        6:  631:         png_free(png_ptr, info_ptr->exif);
        6:  632:         info_ptr->exif = NULL;
        -:  633:      }
        6:  634:      info_ptr->valid &= ~PNG_INFO_eXIf;
        -:  635:   }
        -:  636:#endif
        -:  637:
        -:  638:#ifdef PNG_hIST_SUPPORTED
        -:  639:   /* Free any hIST entry */
     6861:  640:   if (((mask & PNG_FREE_HIST) & info_ptr->free_me) != 0)
        -:  641:   {
        6:  642:      png_free(png_ptr, info_ptr->hist);
        6:  643:      info_ptr->hist = NULL;
        6:  644:      info_ptr->valid &= ~PNG_INFO_hIST;
        -:  645:   }
        -:  646:#endif
        -:  647:
        -:  648:   /* Free any PLTE entry that was internally allocated */
     6861:  649:   if (((mask & PNG_FREE_PLTE) & info_ptr->free_me) != 0)
        -:  650:   {
       90:  651:      png_free(png_ptr, info_ptr->palette);
       90:  652:      info_ptr->palette = NULL;
       90:  653:      info_ptr->valid &= ~PNG_INFO_PLTE;
       90:  654:      info_ptr->num_palette = 0;
        -:  655:   }
        -:  656:
        -:  657:#ifdef PNG_INFO_IMAGE_SUPPORTED
        -:  658:   /* Free any image bits attached to the info structure */
     6861:  659:   if (((mask & PNG_FREE_ROWS) & info_ptr->free_me) != 0)
        -:  660:   {
    #####:  661:      if (info_ptr->row_pointers != NULL)
        -:  662:      {
        -:  663:         png_uint_32 row;
    #####:  664:         for (row = 0; row < info_ptr->height; row++)
    #####:  665:            png_free(png_ptr, info_ptr->row_pointers[row]);
        -:  666:
    #####:  667:         png_free(png_ptr, info_ptr->row_pointers);
    #####:  668:         info_ptr->row_pointers = NULL;
        -:  669:      }
    #####:  670:      info_ptr->valid &= ~PNG_INFO_IDAT;
        -:  671:   }
        -:  672:#endif
        -:  673:
     6861:  674:   if (num != -1)
      348:  675:      mask &= ~PNG_FREE_MUL;
        -:  676:
     6861:  677:   info_ptr->free_me &= ~mask;
        -:  678:}
        -:  679:#endif /* READ || WRITE */
        -:  680:
        -:  681:/* This function returns a pointer to the io_ptr associated with the user
        -:  682: * functions.  The application should free any memory associated with this
        -:  683: * pointer before png_write_destroy() or png_read_destroy() are called.
        -:  684: */
        -:  685:png_voidp PNGAPI
    #####:  686:png_get_io_ptr(png_const_structrp png_ptr)
        -:  687:{
    #####:  688:   if (png_ptr == NULL)
    #####:  689:      return (NULL);
        -:  690:
    #####:  691:   return (png_ptr->io_ptr);
        -:  692:}
        -:  693:
        -:  694:#if defined(PNG_READ_SUPPORTED) || defined(PNG_WRITE_SUPPORTED)
        -:  695:#  ifdef PNG_STDIO_SUPPORTED
        -:  696:/* Initialize the default input/output functions for the PNG file.  If you
        -:  697: * use your own read or write routines, you can call either png_set_read_fn()
        -:  698: * or png_set_write_fn() instead of png_init_io().  If you have defined
        -:  699: * PNG_NO_STDIO or otherwise disabled PNG_STDIO_SUPPORTED, you must use a
        -:  700: * function of your own because "FILE *" isn't necessarily available.
        -:  701: */
        -:  702:void PNGAPI
     3072:  703:png_init_io(png_structrp png_ptr, png_FILE_p fp)
        -:  704:{
        -:  705:   png_debug(1, "in png_init_io");
        -:  706:
     3072:  707:   if (png_ptr == NULL)
    #####:  708:      return;
        -:  709:
     3072:  710:   png_ptr->io_ptr = (png_voidp)fp;
        -:  711:}
        -:  712:#  endif
        -:  713:
        -:  714:#  ifdef PNG_SAVE_INT_32_SUPPORTED
        -:  715:/* PNG signed integers are saved in 32-bit 2's complement format.  ANSI C-90
        -:  716: * defines a cast of a signed integer to an unsigned integer either to preserve
        -:  717: * the value, if it is positive, or to calculate:
        -:  718: *
        -:  719: *     (UNSIGNED_MAX+1) + integer
        -:  720: *
        -:  721: * Where UNSIGNED_MAX is the appropriate maximum unsigned value, so when the
        -:  722: * negative integral value is added the result will be an unsigned value
        -:  723: * correspnding to the 2's complement representation.
        -:  724: */
        -:  725:void PNGAPI
      108:  726:png_save_int_32(png_bytep buf, png_int_32 i)
        -:  727:{
      108:  728:   png_save_uint_32(buf, (png_uint_32)i);
      108:  729:}
        -:  730:#  endif
        -:  731:
        -:  732:#  ifdef PNG_TIME_RFC1123_SUPPORTED
        -:  733:/* Convert the supplied time into an RFC 1123 string suitable for use in
        -:  734: * a "Creation Time" or other text-based time string.
        -:  735: */
        -:  736:int PNGAPI
       18:  737:png_convert_to_rfc1123_buffer(char out[29], png_const_timep ptime)
        -:  738:{
        -:  739:   static PNG_CONST char short_months[12][4] =
        -:  740:        {"Jan", "Feb", "Mar", "Apr", "May", "Jun",
        -:  741:         "Jul", "Aug", "Sep", "Oct", "Nov", "Dec"};
        -:  742:
       18:  743:   if (out == NULL)
    #####:  744:      return 0;
        -:  745:
       18:  746:   if (ptime->year > 9999 /* RFC1123 limitation */ ||
       18:  747:       ptime->month == 0    ||  ptime->month > 12  ||
       18:  748:       ptime->day   == 0    ||  ptime->day   > 31  ||
       18:  749:       ptime->hour  > 23    ||  ptime->minute > 59 ||
       18:  750:       ptime->second > 60)
    #####:  751:      return 0;
        -:  752:
        -:  753:   {
       18:  754:      size_t pos = 0;
        -:  755:      char number_buf[5]; /* enough for a four-digit year */
        -:  756:
        -:  757:#     define APPEND_STRING(string) pos = png_safecat(out, 29, pos, (string))
        -:  758:#     define APPEND_NUMBER(format, value)\
        -:  759:         APPEND_STRING(PNG_FORMAT_NUMBER(number_buf, format, (value)))
        -:  760:#     define APPEND(ch) if (pos < 28) out[pos++] = (ch)
        -:  761:
       18:  762:      APPEND_NUMBER(PNG_NUMBER_FORMAT_u, (unsigned)ptime->day);
       18:  763:      APPEND(' ');
       18:  764:      APPEND_STRING(short_months[(ptime->month - 1)]);
       18:  765:      APPEND(' ');
       18:  766:      APPEND_NUMBER(PNG_NUMBER_FORMAT_u, ptime->year);
       18:  767:      APPEND(' ');
       18:  768:      APPEND_NUMBER(PNG_NUMBER_FORMAT_02u, (unsigned)ptime->hour);
       18:  769:      APPEND(':');
       18:  770:      APPEND_NUMBER(PNG_NUMBER_FORMAT_02u, (unsigned)ptime->minute);
       18:  771:      APPEND(':');
       18:  772:      APPEND_NUMBER(PNG_NUMBER_FORMAT_02u, (unsigned)ptime->second);
       18:  773:      APPEND_STRING(" +0000"); /* This reliably terminates the buffer */
        -:  774:      PNG_UNUSED (pos)
        -:  775:
        -:  776:#     undef APPEND
        -:  777:#     undef APPEND_NUMBER
        -:  778:#     undef APPEND_STRING
        -:  779:   }
        -:  780:
       18:  781:   return 1;
        -:  782:}
        -:  783:
        -:  784:#    if PNG_LIBPNG_VER < 10700
        -:  785:/* To do: remove the following from libpng-1.7 */
        -:  786:/* Original API that uses a private buffer in png_struct.
        -:  787: * Deprecated because it causes png_struct to carry a spurious temporary
        -:  788: * buffer (png_struct::time_buffer), better to have the caller pass this in.
        -:  789: */
        -:  790:png_const_charp PNGAPI
    #####:  791:png_convert_to_rfc1123(png_structrp png_ptr, png_const_timep ptime)
        -:  792:{
    #####:  793:   if (png_ptr != NULL)
        -:  794:   {
        -:  795:      /* The only failure above if png_ptr != NULL is from an invalid ptime */
    #####:  796:      if (png_convert_to_rfc1123_buffer(png_ptr->time_buffer, ptime) == 0)
    #####:  797:         png_warning(png_ptr, "Ignoring invalid time value");
        -:  798:
        -:  799:      else
    #####:  800:         return png_ptr->time_buffer;
        -:  801:   }
        -:  802:
    #####:  803:   return NULL;
        -:  804:}
        -:  805:#    endif /* LIBPNG_VER < 10700 */
        -:  806:#  endif /* TIME_RFC1123 */
        -:  807:
        -:  808:#endif /* READ || WRITE */
        -:  809:
        -:  810:png_const_charp PNGAPI
      513:  811:png_get_copyright(png_const_structrp png_ptr)
        -:  812:{
        -:  813:   PNG_UNUSED(png_ptr)  /* Silence compiler warning about unused png_ptr */
        -:  814:#ifdef PNG_STRING_COPYRIGHT
        -:  815:   return PNG_STRING_COPYRIGHT
        -:  816:#else
        -:  817:#  ifdef __STDC__
      513:  818:   return PNG_STRING_NEWLINE \
        -:  819:      "libpng version 1.6.34 - September 29, 2017" PNG_STRING_NEWLINE \
        -:  820:      "Copyright (c) 1998-2002,2004,2006-2017 Glenn Randers-Pehrson" \
        -:  821:      PNG_STRING_NEWLINE \
        -:  822:      "Copyright (c) 1996-1997 Andreas Dilger" PNG_STRING_NEWLINE \
        -:  823:      "Copyright (c) 1995-1996 Guy Eric Schalnat, Group 42, Inc." \
        -:  824:      PNG_STRING_NEWLINE;
        -:  825:#  else
        -:  826:   return "libpng version 1.6.34 - September 29, 2017\
        -:  827:      Copyright (c) 1998-2002,2004,2006-2017 Glenn Randers-Pehrson\
        -:  828:      Copyright (c) 1996-1997 Andreas Dilger\
        -:  829:      Copyright (c) 1995-1996 Guy Eric Schalnat, Group 42, Inc.";
        -:  830:#  endif
        -:  831:#endif
        -:  832:}
        -:  833:
        -:  834:/* The following return the library version as a short string in the
        -:  835: * format 1.0.0 through 99.99.99zz.  To get the version of *.h files
        -:  836: * used with your application, print out PNG_LIBPNG_VER_STRING, which
        -:  837: * is defined in png.h.
        -:  838: * Note: now there is no difference between png_get_libpng_ver() and
        -:  839: * png_get_header_ver().  Due to the version_nn_nn_nn typedef guard,
        -:  840: * it is guaranteed that png.c uses the correct version of png.h.
        -:  841: */
        -:  842:png_const_charp PNGAPI
    #####:  843:png_get_libpng_ver(png_const_structrp png_ptr)
        -:  844:{
        -:  845:   /* Version of *.c files used when building libpng */
    #####:  846:   return png_get_header_ver(png_ptr);
        -:  847:}
        -:  848:
        -:  849:png_const_charp PNGAPI
      513:  850:png_get_header_ver(png_const_structrp png_ptr)
        -:  851:{
        -:  852:   /* Version of *.h files used when building libpng */
        -:  853:   PNG_UNUSED(png_ptr)  /* Silence compiler warning about unused png_ptr */
      513:  854:   return PNG_LIBPNG_VER_STRING;
        -:  855:}
        -:  856:
        -:  857:png_const_charp PNGAPI
      513:  858:png_get_header_version(png_const_structrp png_ptr)
        -:  859:{
        -:  860:   /* Returns longer string containing both version and date */
        -:  861:   PNG_UNUSED(png_ptr)  /* Silence compiler warning about unused png_ptr */
        -:  862:#ifdef __STDC__
      513:  863:   return PNG_HEADER_VERSION_STRING
        -:  864:#  ifndef PNG_READ_SUPPORTED
        -:  865:      " (NO READ SUPPORT)"
        -:  866:#  endif
        -:  867:      PNG_STRING_NEWLINE;
        -:  868:#else
        -:  869:   return PNG_HEADER_VERSION_STRING;
        -:  870:#endif
        -:  871:}
        -:  872:
        -:  873:#ifdef PNG_BUILD_GRAYSCALE_PALETTE_SUPPORTED
        -:  874:/* NOTE: this routine is not used internally! */
        -:  875:/* Build a grayscale palette.  Palette is assumed to be 1 << bit_depth
        -:  876: * large of png_color.  This lets grayscale images be treated as
        -:  877: * paletted.  Most useful for gamma correction and simplification
        -:  878: * of code.  This API is not used internally.
        -:  879: */
        -:  880:void PNGAPI
    #####:  881:png_build_grayscale_palette(int bit_depth, png_colorp palette)
        -:  882:{
        -:  883:   int num_palette;
        -:  884:   int color_inc;
        -:  885:   int i;
        -:  886:   int v;
        -:  887:
        -:  888:   png_debug(1, "in png_do_build_grayscale_palette");
        -:  889:
    #####:  890:   if (palette == NULL)
    #####:  891:      return;
        -:  892:
    #####:  893:   switch (bit_depth)
        -:  894:   {
    #####:  895:      case 1:
    #####:  896:         num_palette = 2;
    #####:  897:         color_inc = 0xff;
    #####:  898:         break;
        -:  899:
    #####:  900:      case 2:
    #####:  901:         num_palette = 4;
    #####:  902:         color_inc = 0x55;
    #####:  903:         break;
        -:  904:
    #####:  905:      case 4:
    #####:  906:         num_palette = 16;
    #####:  907:         color_inc = 0x11;
    #####:  908:         break;
        -:  909:
    #####:  910:      case 8:
    #####:  911:         num_palette = 256;
    #####:  912:         color_inc = 1;
    #####:  913:         break;
        -:  914:
    #####:  915:      default:
    #####:  916:         num_palette = 0;
    #####:  917:         color_inc = 0;
    #####:  918:         break;
        -:  919:   }
        -:  920:
    #####:  921:   for (i = 0, v = 0; i < num_palette; i++, v += color_inc)
        -:  922:   {
    #####:  923:      palette[i].red = (png_byte)(v & 0xff);
    #####:  924:      palette[i].green = (png_byte)(v & 0xff);
    #####:  925:      palette[i].blue = (png_byte)(v & 0xff);
        -:  926:   }
        -:  927:}
        -:  928:#endif
        -:  929:
        -:  930:#ifdef PNG_SET_UNKNOWN_CHUNKS_SUPPORTED
        -:  931:int PNGAPI
     4431:  932:png_handle_as_unknown(png_const_structrp png_ptr, png_const_bytep chunk_name)
        -:  933:{
        -:  934:   /* Check chunk_name and return "keep" value if it's on the list, else 0 */
        -:  935:   png_const_bytep p, p_end;
        -:  936:
     4431:  937:   if (png_ptr == NULL || chunk_name == NULL || png_ptr->num_chunk_list == 0)
     4431:  938:      return PNG_HANDLE_CHUNK_AS_DEFAULT;
        -:  939:
    #####:  940:   p_end = png_ptr->chunk_list;
    #####:  941:   p = p_end + png_ptr->num_chunk_list*5; /* beyond end */
        -:  942:
        -:  943:   /* The code is the fifth byte after each four byte string.  Historically this
        -:  944:    * code was always searched from the end of the list, this is no longer
        -:  945:    * necessary because the 'set' routine handles duplicate entries correcty.
        -:  946:    */
        -:  947:   do /* num_chunk_list > 0, so at least one */
        -:  948:   {
    #####:  949:      p -= 5;
        -:  950:
    #####:  951:      if (memcmp(chunk_name, p, 4) == 0)
    #####:  952:         return p[4];
        -:  953:   }
    #####:  954:   while (p > p_end);
        -:  955:
        -:  956:   /* This means that known chunks should be processed and unknown chunks should
        -:  957:    * be handled according to the value of png_ptr->unknown_default; this can be
        -:  958:    * confusing because, as a result, there are two levels of defaulting for
        -:  959:    * unknown chunks.
        -:  960:    */
    #####:  961:   return PNG_HANDLE_CHUNK_AS_DEFAULT;
        -:  962:}
        -:  963:
        -:  964:#if defined(PNG_READ_UNKNOWN_CHUNKS_SUPPORTED) ||\
        -:  965:   defined(PNG_HANDLE_AS_UNKNOWN_SUPPORTED)
        -:  966:int /* PRIVATE */
     4407:  967:png_chunk_unknown_handling(png_const_structrp png_ptr, png_uint_32 chunk_name)
        -:  968:{
        -:  969:   png_byte chunk_string[5];
        -:  970:
     4407:  971:   PNG_CSTRING_FROM_CHUNK(chunk_string, chunk_name);
     4407:  972:   return png_handle_as_unknown(png_ptr, chunk_string);
        -:  973:}
        -:  974:#endif /* READ_UNKNOWN_CHUNKS || HANDLE_AS_UNKNOWN */
        -:  975:#endif /* SET_UNKNOWN_CHUNKS */
        -:  976:
        -:  977:#ifdef PNG_READ_SUPPORTED
        -:  978:/* This function, added to libpng-1.0.6g, is untested. */
        -:  979:int PNGAPI
    #####:  980:png_reset_zstream(png_structrp png_ptr)
        -:  981:{
    #####:  982:   if (png_ptr == NULL)
    #####:  983:      return Z_STREAM_ERROR;
        -:  984:
        -:  985:   /* WARNING: this resets the window bits to the maximum! */
    #####:  986:   return (inflateReset(&png_ptr->zstream));
        -:  987:}
        -:  988:#endif /* READ */
        -:  989:
        -:  990:/* This function was added to libpng-1.0.7 */
        -:  991:png_uint_32 PNGAPI
      513:  992:png_access_version_number(void)
        -:  993:{
        -:  994:   /* Version of *.c files used when building libpng */
      513:  995:   return((png_uint_32)PNG_LIBPNG_VER);
        -:  996:}
        -:  997:
        -:  998:#if defined(PNG_READ_SUPPORTED) || defined(PNG_WRITE_SUPPORTED)
        -:  999:/* Ensure that png_ptr->zstream.msg holds some appropriate error message string.
        -: 1000: * If it doesn't 'ret' is used to set it to something appropriate, even in cases
        -: 1001: * like Z_OK or Z_STREAM_END where the error code is apparently a success code.
        -: 1002: */
        -: 1003:void /* PRIVATE */
     3273: 1004:png_zstream_error(png_structrp png_ptr, int ret)
        -: 1005:{
        -: 1006:   /* Translate 'ret' into an appropriate error string, priority is given to the
        -: 1007:    * one in zstream if set.  This always returns a string, even in cases like
        -: 1008:    * Z_OK or Z_STREAM_END where the error code is a success code.
        -: 1009:    */
     3273: 1010:   if (png_ptr->zstream.msg == NULL) switch (ret)
        -: 1011:   {
    #####: 1012:      default:
        -: 1013:      case Z_OK:
    #####: 1014:         png_ptr->zstream.msg = PNGZ_MSG_CAST("unexpected zlib return code");
    #####: 1015:         break;
        -: 1016:
     2496: 1017:      case Z_STREAM_END:
        -: 1018:         /* Normal exit */
     2496: 1019:         png_ptr->zstream.msg = PNGZ_MSG_CAST("unexpected end of LZ stream");
     2496: 1020:         break;
        -: 1021:
        3: 1022:      case Z_NEED_DICT:
        -: 1023:         /* This means the deflate stream did not have a dictionary; this
        -: 1024:          * indicates a bogus PNG.
        -: 1025:          */
        3: 1026:         png_ptr->zstream.msg = PNGZ_MSG_CAST("missing LZ dictionary");
        3: 1027:         break;
        -: 1028:
    #####: 1029:      case Z_ERRNO:
        -: 1030:         /* gz APIs only: should not happen */
    #####: 1031:         png_ptr->zstream.msg = PNGZ_MSG_CAST("zlib IO error");
    #####: 1032:         break;
        -: 1033:
    #####: 1034:      case Z_STREAM_ERROR:
        -: 1035:         /* internal libpng error */
    #####: 1036:         png_ptr->zstream.msg = PNGZ_MSG_CAST("bad parameters to zlib");
    #####: 1037:         break;
        -: 1038:
    #####: 1039:      case Z_DATA_ERROR:
    #####: 1040:         png_ptr->zstream.msg = PNGZ_MSG_CAST("damaged LZ stream");
    #####: 1041:         break;
        -: 1042:
    #####: 1043:      case Z_MEM_ERROR:
    #####: 1044:         png_ptr->zstream.msg = PNGZ_MSG_CAST("insufficient memory");
    #####: 1045:         break;
        -: 1046:
    #####: 1047:      case Z_BUF_ERROR:
        -: 1048:         /* End of input or output; not a problem if the caller is doing
        -: 1049:          * incremental read or write.
        -: 1050:          */
    #####: 1051:         png_ptr->zstream.msg = PNGZ_MSG_CAST("truncated");
    #####: 1052:         break;
        -: 1053:
    #####: 1054:      case Z_VERSION_ERROR:
    #####: 1055:         png_ptr->zstream.msg = PNGZ_MSG_CAST("unsupported zlib version");
    #####: 1056:         break;
        -: 1057:
    #####: 1058:      case PNG_UNEXPECTED_ZLIB_RETURN:
        -: 1059:         /* Compile errors here mean that zlib now uses the value co-opted in
        -: 1060:          * pngpriv.h for PNG_UNEXPECTED_ZLIB_RETURN; update the switch above
        -: 1061:          * and change pngpriv.h.  Note that this message is "... return",
        -: 1062:          * whereas the default/Z_OK one is "... return code".
        -: 1063:          */
    #####: 1064:         png_ptr->zstream.msg = PNGZ_MSG_CAST("unexpected zlib return");
    #####: 1065:         break;
        -: 1066:   }
     3273: 1067:}
        -: 1068:
        -: 1069:/* png_convert_size: a PNGAPI but no longer in png.h, so deleted
        -: 1070: * at libpng 1.5.5!
        -: 1071: */
        -: 1072:
        -: 1073:/* Added at libpng version 1.2.34 and 1.4.0 (moved from pngset.c) */
        -: 1074:#ifdef PNG_GAMMA_SUPPORTED /* always set if COLORSPACE */
        -: 1075:static int
      525: 1076:png_colorspace_check_gamma(png_const_structrp png_ptr,
        -: 1077:    png_colorspacerp colorspace, png_fixed_point gAMA, int from)
        -: 1078:   /* This is called to check a new gamma value against an existing one.  The
        -: 1079:    * routine returns false if the new gamma value should not be written.
        -: 1080:    *
        -: 1081:    * 'from' says where the new gamma value comes from:
        -: 1082:    *
        -: 1083:    *    0: the new gamma value is the libpng estimate for an ICC profile
        -: 1084:    *    1: the new gamma value comes from a gAMA chunk
        -: 1085:    *    2: the new gamma value comes from an sRGB chunk
        -: 1086:    */
        -: 1087:{
        -: 1088:   png_fixed_point gtest;
        -: 1089:
      537: 1090:   if ((colorspace->flags & PNG_COLORSPACE_HAVE_GAMMA) != 0 &&
       24: 1091:       (png_muldiv(&gtest, colorspace->gamma, PNG_FP_1, gAMA) == 0  ||
       12: 1092:      png_gamma_significant(gtest) != 0))
        -: 1093:   {
        -: 1094:      /* Either this is an sRGB image, in which case the calculated gamma
        -: 1095:       * approximation should match, or this is an image with a profile and the
        -: 1096:       * value libpng calculates for the gamma of the profile does not match the
        -: 1097:       * value recorded in the file.  The former, sRGB, case is an error, the
        -: 1098:       * latter is just a warning.
        -: 1099:       */
    #####: 1100:      if ((colorspace->flags & PNG_COLORSPACE_FROM_sRGB) != 0 || from == 2)
        -: 1101:      {
    #####: 1102:         png_chunk_report(png_ptr, "gamma value does not match sRGB",
        -: 1103:             PNG_CHUNK_ERROR);
        -: 1104:         /* Do not overwrite an sRGB value */
    #####: 1105:         return from == 2;
        -: 1106:      }
        -: 1107:
        -: 1108:      else /* sRGB tag not involved */
        -: 1109:      {
    #####: 1110:         png_chunk_report(png_ptr, "gamma value does not match libpng estimate",
        -: 1111:             PNG_CHUNK_WARNING);
    #####: 1112:         return from == 1;
        -: 1113:      }
        -: 1114:   }
        -: 1115:
      525: 1116:   return 1;
        -: 1117:}
        -: 1118:
        -: 1119:void /* PRIVATE */
      513: 1120:png_colorspace_set_gamma(png_const_structrp png_ptr,
        -: 1121:    png_colorspacerp colorspace, png_fixed_point gAMA)
        -: 1122:{
        -: 1123:   /* Changed in libpng-1.5.4 to limit the values to ensure overflow can't
        -: 1124:    * occur.  Since the fixed point representation is asymetrical it is
        -: 1125:    * possible for 1/gamma to overflow the limit of 21474 and this means the
        -: 1126:    * gamma value must be at least 5/100000 and hence at most 20000.0.  For
        -: 1127:    * safety the limits here are a little narrower.  The values are 0.00016 to
        -: 1128:    * 6250.0, which are truly ridiculous gamma values (and will produce
        -: 1129:    * displays that are all black or all white.)
        -: 1130:    *
        -: 1131:    * In 1.6.0 this test replaces the ones in pngrutil.c, in the gAMA chunk
        -: 1132:    * handling code, which only required the value to be >0.
        -: 1133:    */
        -: 1134:   png_const_charp errmsg;
        -: 1135:
      513: 1136:   if (gAMA < 16 || gAMA > 625000000)
    #####: 1137:      errmsg = "gamma value out of range";
        -: 1138:
        -: 1139:#  ifdef PNG_READ_gAMA_SUPPORTED
        -: 1140:   /* Allow the application to set the gamma value more than once */
      513: 1141:   else if ((png_ptr->mode & PNG_IS_READ_STRUCT) != 0 &&
      267: 1142:      (colorspace->flags & PNG_COLORSPACE_FROM_gAMA) != 0)
    #####: 1143:      errmsg = "duplicate";
        -: 1144:#  endif
        -: 1145:
        -: 1146:   /* Do nothing if the colorspace is already invalid */
      513: 1147:   else if ((colorspace->flags & PNG_COLORSPACE_INVALID) != 0)
    #####: 1148:      return;
        -: 1149:
        -: 1150:   else
        -: 1151:   {
      513: 1152:      if (png_colorspace_check_gamma(png_ptr, colorspace, gAMA,
        -: 1153:          1/*from gAMA*/) != 0)
        -: 1154:      {
        -: 1155:         /* Store this gamma value. */
      513: 1156:         colorspace->gamma = gAMA;
      513: 1157:         colorspace->flags |=
        -: 1158:            (PNG_COLORSPACE_HAVE_GAMMA | PNG_COLORSPACE_FROM_gAMA);
        -: 1159:      }
        -: 1160:
        -: 1161:      /* At present if the check_gamma test fails the gamma of the colorspace is
        -: 1162:       * not updated however the colorspace is not invalidated.  This
        -: 1163:       * corresponds to the case where the existing gamma comes from an sRGB
        -: 1164:       * chunk or profile.  An error message has already been output.
        -: 1165:       */
      513: 1166:      return;
        -: 1167:   }
        -: 1168:
        -: 1169:   /* Error exit - errmsg has been set. */
    #####: 1170:   colorspace->flags |= PNG_COLORSPACE_INVALID;
    #####: 1171:   png_chunk_report(png_ptr, errmsg, PNG_CHUNK_WRITE_ERROR);
        -: 1172:}
        -: 1173:
        -: 1174:void /* PRIVATE */
      552: 1175:png_colorspace_sync_info(png_const_structrp png_ptr, png_inforp info_ptr)
        -: 1176:{
      552: 1177:   if ((info_ptr->colorspace.flags & PNG_COLORSPACE_INVALID) != 0)
        -: 1178:   {
        -: 1179:      /* Everything is invalid */
        3: 1180:      info_ptr->valid &= ~(PNG_INFO_gAMA|PNG_INFO_cHRM|PNG_INFO_sRGB|
        -: 1181:         PNG_INFO_iCCP);
        -: 1182:
        -: 1183:#     ifdef PNG_COLORSPACE_SUPPORTED
        -: 1184:      /* Clean up the iCCP profile now if it won't be used. */
        3: 1185:      png_free_data(png_ptr, info_ptr, PNG_FREE_ICCP, -1/*not used*/);
        -: 1186:#     else
        -: 1187:      PNG_UNUSED(png_ptr)
        -: 1188:#     endif
        -: 1189:   }
        -: 1190:
        -: 1191:   else
        -: 1192:   {
        -: 1193:#     ifdef PNG_COLORSPACE_SUPPORTED
        -: 1194:      /* Leave the INFO_iCCP flag set if the pngset.c code has already set
        -: 1195:       * it; this allows a PNG to contain a profile which matches sRGB and
        -: 1196:       * yet still have that profile retrievable by the application.
        -: 1197:       */
      549: 1198:      if ((info_ptr->colorspace.flags & PNG_COLORSPACE_MATCHES_sRGB) != 0)
       21: 1199:         info_ptr->valid |= PNG_INFO_sRGB;
        -: 1200:
        -: 1201:      else
      528: 1202:         info_ptr->valid &= ~PNG_INFO_sRGB;
        -: 1203:
      549: 1204:      if ((info_ptr->colorspace.flags & PNG_COLORSPACE_HAVE_ENDPOINTS) != 0)
       48: 1205:         info_ptr->valid |= PNG_INFO_cHRM;
        -: 1206:
        -: 1207:      else
      501: 1208:         info_ptr->valid &= ~PNG_INFO_cHRM;
        -: 1209:#     endif
        -: 1210:
      549: 1211:      if ((info_ptr->colorspace.flags & PNG_COLORSPACE_HAVE_GAMMA) != 0)
      534: 1212:         info_ptr->valid |= PNG_INFO_gAMA;
        -: 1213:
        -: 1214:      else
       15: 1215:         info_ptr->valid &= ~PNG_INFO_gAMA;
        -: 1216:   }
      552: 1217:}
        -: 1218:
        -: 1219:#ifdef PNG_READ_SUPPORTED
        -: 1220:void /* PRIVATE */
      288: 1221:png_colorspace_sync(png_const_structrp png_ptr, png_inforp info_ptr)
        -: 1222:{
      288: 1223:   if (info_ptr == NULL) /* reduce code size; check here not in the caller */
    #####: 1224:      return;
        -: 1225:
      288: 1226:   info_ptr->colorspace = png_ptr->colorspace;
      288: 1227:   png_colorspace_sync_info(png_ptr, info_ptr);
        -: 1228:}
        -: 1229:#endif
        -: 1230:#endif /* GAMMA */
        -: 1231:
        -: 1232:#ifdef PNG_COLORSPACE_SUPPORTED
        -: 1233:/* Added at libpng-1.5.5 to support read and write of true CIEXYZ values for
        -: 1234: * cHRM, as opposed to using chromaticities.  These internal APIs return
        -: 1235: * non-zero on a parameter error.  The X, Y and Z values are required to be
        -: 1236: * positive and less than 1.0.
        -: 1237: */
        -: 1238:static int
       24: 1239:png_xy_from_XYZ(png_xy *xy, const png_XYZ *XYZ)
        -: 1240:{
        -: 1241:   png_int_32 d, dwhite, whiteX, whiteY;
        -: 1242:
       24: 1243:   d = XYZ->red_X + XYZ->red_Y + XYZ->red_Z;
       24: 1244:   if (png_muldiv(&xy->redx, XYZ->red_X, PNG_FP_1, d) == 0)
    #####: 1245:      return 1;
       24: 1246:   if (png_muldiv(&xy->redy, XYZ->red_Y, PNG_FP_1, d) == 0)
    #####: 1247:      return 1;
       24: 1248:   dwhite = d;
       24: 1249:   whiteX = XYZ->red_X;
       24: 1250:   whiteY = XYZ->red_Y;
        -: 1251:
       24: 1252:   d = XYZ->green_X + XYZ->green_Y + XYZ->green_Z;
       24: 1253:   if (png_muldiv(&xy->greenx, XYZ->green_X, PNG_FP_1, d) == 0)
    #####: 1254:      return 1;
       24: 1255:   if (png_muldiv(&xy->greeny, XYZ->green_Y, PNG_FP_1, d) == 0)
    #####: 1256:      return 1;
       24: 1257:   dwhite += d;
       24: 1258:   whiteX += XYZ->green_X;
       24: 1259:   whiteY += XYZ->green_Y;
        -: 1260:
       24: 1261:   d = XYZ->blue_X + XYZ->blue_Y + XYZ->blue_Z;
       24: 1262:   if (png_muldiv(&xy->bluex, XYZ->blue_X, PNG_FP_1, d) == 0)
    #####: 1263:      return 1;
       24: 1264:   if (png_muldiv(&xy->bluey, XYZ->blue_Y, PNG_FP_1, d) == 0)
    #####: 1265:      return 1;
       24: 1266:   dwhite += d;
       24: 1267:   whiteX += XYZ->blue_X;
       24: 1268:   whiteY += XYZ->blue_Y;
        -: 1269:
        -: 1270:   /* The reference white is simply the sum of the end-point (X,Y,Z) vectors,
        -: 1271:    * thus:
        -: 1272:    */
       24: 1273:   if (png_muldiv(&xy->whitex, whiteX, PNG_FP_1, dwhite) == 0)
    #####: 1274:      return 1;
       24: 1275:   if (png_muldiv(&xy->whitey, whiteY, PNG_FP_1, dwhite) == 0)
    #####: 1276:      return 1;
        -: 1277:
       24: 1278:   return 0;
        -: 1279:}
        -: 1280:
        -: 1281:static int
       27: 1282:png_XYZ_from_xy(png_XYZ *XYZ, const png_xy *xy)
        -: 1283:{
        -: 1284:   png_fixed_point red_inverse, green_inverse, blue_scale;
        -: 1285:   png_fixed_point left, right, denominator;
        -: 1286:
        -: 1287:   /* Check xy and, implicitly, z.  Note that wide gamut color spaces typically
        -: 1288:    * have end points with 0 tristimulus values (these are impossible end
        -: 1289:    * points, but they are used to cover the possible colors).  We check
        -: 1290:    * xy->whitey against 5, not 0, to avoid a possible integer overflow.
        -: 1291:    */
      27*: 1292:   if (xy->redx   < 0 || xy->redx > PNG_FP_1) return 1;
      27*: 1293:   if (xy->redy   < 0 || xy->redy > PNG_FP_1-xy->redx) return 1;
      27*: 1294:   if (xy->greenx < 0 || xy->greenx > PNG_FP_1) return 1;
      27*: 1295:   if (xy->greeny < 0 || xy->greeny > PNG_FP_1-xy->greenx) return 1;
      27*: 1296:   if (xy->bluex  < 0 || xy->bluex > PNG_FP_1) return 1;
      27*: 1297:   if (xy->bluey  < 0 || xy->bluey > PNG_FP_1-xy->bluex) return 1;
      27*: 1298:   if (xy->whitex < 0 || xy->whitex > PNG_FP_1) return 1;
       27: 1299:   if (xy->whitey < 5 || xy->whitey > PNG_FP_1-xy->whitex) return 1;
        -: 1300:
        -: 1301:   /* The reverse calculation is more difficult because the original tristimulus
        -: 1302:    * value had 9 independent values (red,green,blue)x(X,Y,Z) however only 8
        -: 1303:    * derived values were recorded in the cHRM chunk;
        -: 1304:    * (red,green,blue,white)x(x,y).  This loses one degree of freedom and
        -: 1305:    * therefore an arbitrary ninth value has to be introduced to undo the
        -: 1306:    * original transformations.
        -: 1307:    *
        -: 1308:    * Think of the original end-points as points in (X,Y,Z) space.  The
        -: 1309:    * chromaticity values (c) have the property:
        -: 1310:    *
        -: 1311:    *           C
        -: 1312:    *   c = ---------
        -: 1313:    *       X + Y + Z
        -: 1314:    *
        -: 1315:    * For each c (x,y,z) from the corresponding original C (X,Y,Z).  Thus the
        -: 1316:    * three chromaticity values (x,y,z) for each end-point obey the
        -: 1317:    * relationship:
        -: 1318:    *
        -: 1319:    *   x + y + z = 1
        -: 1320:    *
        -: 1321:    * This describes the plane in (X,Y,Z) space that intersects each axis at the
        -: 1322:    * value 1.0; call this the chromaticity plane.  Thus the chromaticity
        -: 1323:    * calculation has scaled each end-point so that it is on the x+y+z=1 plane
        -: 1324:    * and chromaticity is the intersection of the vector from the origin to the
        -: 1325:    * (X,Y,Z) value with the chromaticity plane.
        -: 1326:    *
        -: 1327:    * To fully invert the chromaticity calculation we would need the three
        -: 1328:    * end-point scale factors, (red-scale, green-scale, blue-scale), but these
        -: 1329:    * were not recorded.  Instead we calculated the reference white (X,Y,Z) and
        -: 1330:    * recorded the chromaticity of this.  The reference white (X,Y,Z) would have
        -: 1331:    * given all three of the scale factors since:
        -: 1332:    *
        -: 1333:    *    color-C = color-c * color-scale
        -: 1334:    *    white-C = red-C + green-C + blue-C
        -: 1335:    *            = red-c*red-scale + green-c*green-scale + blue-c*blue-scale
        -: 1336:    *
        -: 1337:    * But cHRM records only white-x and white-y, so we have lost the white scale
        -: 1338:    * factor:
        -: 1339:    *
        -: 1340:    *    white-C = white-c*white-scale
        -: 1341:    *
        -: 1342:    * To handle this the inverse transformation makes an arbitrary assumption
        -: 1343:    * about white-scale:
        -: 1344:    *
        -: 1345:    *    Assume: white-Y = 1.0
        -: 1346:    *    Hence:  white-scale = 1/white-y
        -: 1347:    *    Or:     red-Y + green-Y + blue-Y = 1.0
        -: 1348:    *
        -: 1349:    * Notice the last statement of the assumption gives an equation in three of
        -: 1350:    * the nine values we want to calculate.  8 more equations come from the
        -: 1351:    * above routine as summarised at the top above (the chromaticity
        -: 1352:    * calculation):
        -: 1353:    *
        -: 1354:    *    Given: color-x = color-X / (color-X + color-Y + color-Z)
        -: 1355:    *    Hence: (color-x - 1)*color-X + color.x*color-Y + color.x*color-Z = 0
        -: 1356:    *
        -: 1357:    * This is 9 simultaneous equations in the 9 variables "color-C" and can be
        -: 1358:    * solved by Cramer's rule.  Cramer's rule requires calculating 10 9x9 matrix
        -: 1359:    * determinants, however this is not as bad as it seems because only 28 of
        -: 1360:    * the total of 90 terms in the various matrices are non-zero.  Nevertheless
        -: 1361:    * Cramer's rule is notoriously numerically unstable because the determinant
        -: 1362:    * calculation involves the difference of large, but similar, numbers.  It is
        -: 1363:    * difficult to be sure that the calculation is stable for real world values
        -: 1364:    * and it is certain that it becomes unstable where the end points are close
        -: 1365:    * together.
        -: 1366:    *
        -: 1367:    * So this code uses the perhaps slightly less optimal but more
        -: 1368:    * understandable and totally obvious approach of calculating color-scale.
        -: 1369:    *
        -: 1370:    * This algorithm depends on the precision in white-scale and that is
        -: 1371:    * (1/white-y), so we can immediately see that as white-y approaches 0 the
        -: 1372:    * accuracy inherent in the cHRM chunk drops off substantially.
        -: 1373:    *
        -: 1374:    * libpng arithmetic: a simple inversion of the above equations
        -: 1375:    * ------------------------------------------------------------
        -: 1376:    *
        -: 1377:    *    white_scale = 1/white-y
        -: 1378:    *    white-X = white-x * white-scale
        -: 1379:    *    white-Y = 1.0
        -: 1380:    *    white-Z = (1 - white-x - white-y) * white_scale
        -: 1381:    *
        -: 1382:    *    white-C = red-C + green-C + blue-C
        -: 1383:    *            = red-c*red-scale + green-c*green-scale + blue-c*blue-scale
        -: 1384:    *
        -: 1385:    * This gives us three equations in (red-scale,green-scale,blue-scale) where
        -: 1386:    * all the coefficients are now known:
        -: 1387:    *
        -: 1388:    *    red-x*red-scale + green-x*green-scale + blue-x*blue-scale
        -: 1389:    *       = white-x/white-y
        -: 1390:    *    red-y*red-scale + green-y*green-scale + blue-y*blue-scale = 1
        -: 1391:    *    red-z*red-scale + green-z*green-scale + blue-z*blue-scale
        -: 1392:    *       = (1 - white-x - white-y)/white-y
        -: 1393:    *
        -: 1394:    * In the last equation color-z is (1 - color-x - color-y) so we can add all
        -: 1395:    * three equations together to get an alternative third:
        -: 1396:    *
        -: 1397:    *    red-scale + green-scale + blue-scale = 1/white-y = white-scale
        -: 1398:    *
        -: 1399:    * So now we have a Cramer's rule solution where the determinants are just
        -: 1400:    * 3x3 - far more tractible.  Unfortunately 3x3 determinants still involve
        -: 1401:    * multiplication of three coefficients so we can't guarantee to avoid
        -: 1402:    * overflow in the libpng fixed point representation.  Using Cramer's rule in
        -: 1403:    * floating point is probably a good choice here, but it's not an option for
        -: 1404:    * fixed point.  Instead proceed to simplify the first two equations by
        -: 1405:    * eliminating what is likely to be the largest value, blue-scale:
        -: 1406:    *
        -: 1407:    *    blue-scale = white-scale - red-scale - green-scale
        -: 1408:    *
        -: 1409:    * Hence:
        -: 1410:    *
        -: 1411:    *    (red-x - blue-x)*red-scale + (green-x - blue-x)*green-scale =
        -: 1412:    *                (white-x - blue-x)*white-scale
        -: 1413:    *
        -: 1414:    *    (red-y - blue-y)*red-scale + (green-y - blue-y)*green-scale =
        -: 1415:    *                1 - blue-y*white-scale
        -: 1416:    *
        -: 1417:    * And now we can trivially solve for (red-scale,green-scale):
        -: 1418:    *
        -: 1419:    *    green-scale =
        -: 1420:    *                (white-x - blue-x)*white-scale - (red-x - blue-x)*red-scale
        -: 1421:    *                -----------------------------------------------------------
        -: 1422:    *                                  green-x - blue-x
        -: 1423:    *
        -: 1424:    *    red-scale =
        -: 1425:    *                1 - blue-y*white-scale - (green-y - blue-y) * green-scale
        -: 1426:    *                ---------------------------------------------------------
        -: 1427:    *                                  red-y - blue-y
        -: 1428:    *
        -: 1429:    * Hence:
        -: 1430:    *
        -: 1431:    *    red-scale =
        -: 1432:    *          ( (green-x - blue-x) * (white-y - blue-y) -
        -: 1433:    *            (green-y - blue-y) * (white-x - blue-x) ) / white-y
        -: 1434:    * -------------------------------------------------------------------------
        -: 1435:    *  (green-x - blue-x)*(red-y - blue-y)-(green-y - blue-y)*(red-x - blue-x)
        -: 1436:    *
        -: 1437:    *    green-scale =
        -: 1438:    *          ( (red-y - blue-y) * (white-x - blue-x) -
        -: 1439:    *            (red-x - blue-x) * (white-y - blue-y) ) / white-y
        -: 1440:    * -------------------------------------------------------------------------
        -: 1441:    *  (green-x - blue-x)*(red-y - blue-y)-(green-y - blue-y)*(red-x - blue-x)
        -: 1442:    *
        -: 1443:    * Accuracy:
        -: 1444:    * The input values have 5 decimal digits of accuracy.  The values are all in
        -: 1445:    * the range 0 < value < 1, so simple products are in the same range but may
        -: 1446:    * need up to 10 decimal digits to preserve the original precision and avoid
        -: 1447:    * underflow.  Because we are using a 32-bit signed representation we cannot
        -: 1448:    * match this; the best is a little over 9 decimal digits, less than 10.
        -: 1449:    *
        -: 1450:    * The approach used here is to preserve the maximum precision within the
        -: 1451:    * signed representation.  Because the red-scale calculation above uses the
        -: 1452:    * difference between two products of values that must be in the range -1..+1
        -: 1453:    * it is sufficient to divide the product by 7; ceil(100,000/32767*2).  The
        -: 1454:    * factor is irrelevant in the calculation because it is applied to both
        -: 1455:    * numerator and denominator.
        -: 1456:    *
        -: 1457:    * Note that the values of the differences of the products of the
        -: 1458:    * chromaticities in the above equations tend to be small, for example for
        -: 1459:    * the sRGB chromaticities they are:
        -: 1460:    *
        -: 1461:    * red numerator:    -0.04751
        -: 1462:    * green numerator:  -0.08788
        -: 1463:    * denominator:      -0.2241 (without white-y multiplication)
        -: 1464:    *
        -: 1465:    *  The resultant Y coefficients from the chromaticities of some widely used
        -: 1466:    *  color space definitions are (to 15 decimal places):
        -: 1467:    *
        -: 1468:    *  sRGB
        -: 1469:    *    0.212639005871510 0.715168678767756 0.072192315360734
        -: 1470:    *  Kodak ProPhoto
        -: 1471:    *    0.288071128229293 0.711843217810102 0.000085653960605
        -: 1472:    *  Adobe RGB
        -: 1473:    *    0.297344975250536 0.627363566255466 0.075291458493998
        -: 1474:    *  Adobe Wide Gamut RGB
        -: 1475:    *    0.258728243040113 0.724682314948566 0.016589442011321
        -: 1476:    */
        -: 1477:   /* By the argument, above overflow should be impossible here. The return
        -: 1478:    * value of 2 indicates an internal error to the caller.
        -: 1479:    */
       24: 1480:   if (png_muldiv(&left, xy->greenx-xy->bluex, xy->redy - xy->bluey, 7) == 0)
    #####: 1481:      return 2;
       24: 1482:   if (png_muldiv(&right, xy->greeny-xy->bluey, xy->redx - xy->bluex, 7) == 0)
    #####: 1483:      return 2;
       24: 1484:   denominator = left - right;
        -: 1485:
        -: 1486:   /* Now find the red numerator. */
       24: 1487:   if (png_muldiv(&left, xy->greenx-xy->bluex, xy->whitey-xy->bluey, 7) == 0)
    #####: 1488:      return 2;
       24: 1489:   if (png_muldiv(&right, xy->greeny-xy->bluey, xy->whitex-xy->bluex, 7) == 0)
    #####: 1490:      return 2;
        -: 1491:
        -: 1492:   /* Overflow is possible here and it indicates an extreme set of PNG cHRM
        -: 1493:    * chunk values.  This calculation actually returns the reciprocal of the
        -: 1494:    * scale value because this allows us to delay the multiplication of white-y
        -: 1495:    * into the denominator, which tends to produce a small number.
        -: 1496:    */
       24: 1497:   if (png_muldiv(&red_inverse, xy->whitey, denominator, left-right) == 0 ||
       24: 1498:       red_inverse <= xy->whitey /* r+g+b scales = white scale */)
    #####: 1499:      return 1;
        -: 1500:
        -: 1501:   /* Similarly for green_inverse: */
       24: 1502:   if (png_muldiv(&left, xy->redy-xy->bluey, xy->whitex-xy->bluex, 7) == 0)
    #####: 1503:      return 2;
       24: 1504:   if (png_muldiv(&right, xy->redx-xy->bluex, xy->whitey-xy->bluey, 7) == 0)
    #####: 1505:      return 2;
       24: 1506:   if (png_muldiv(&green_inverse, xy->whitey, denominator, left-right) == 0 ||
       24: 1507:       green_inverse <= xy->whitey)
    #####: 1508:      return 1;
        -: 1509:
        -: 1510:   /* And the blue scale, the checks above guarantee this can't overflow but it
        -: 1511:    * can still produce 0 for extreme cHRM values.
        -: 1512:    */
       24: 1513:   blue_scale = png_reciprocal(xy->whitey) - png_reciprocal(red_inverse) -
       24: 1514:       png_reciprocal(green_inverse);
       24: 1515:   if (blue_scale <= 0)
    #####: 1516:      return 1;
        -: 1517:
        -: 1518:
        -: 1519:   /* And fill in the png_XYZ: */
       24: 1520:   if (png_muldiv(&XYZ->red_X, xy->redx, PNG_FP_1, red_inverse) == 0)
    #####: 1521:      return 1;
       24: 1522:   if (png_muldiv(&XYZ->red_Y, xy->redy, PNG_FP_1, red_inverse) == 0)
    #####: 1523:      return 1;
       24: 1524:   if (png_muldiv(&XYZ->red_Z, PNG_FP_1 - xy->redx - xy->redy, PNG_FP_1,
        -: 1525:       red_inverse) == 0)
    #####: 1526:      return 1;
        -: 1527:
       24: 1528:   if (png_muldiv(&XYZ->green_X, xy->greenx, PNG_FP_1, green_inverse) == 0)
    #####: 1529:      return 1;
       24: 1530:   if (png_muldiv(&XYZ->green_Y, xy->greeny, PNG_FP_1, green_inverse) == 0)
    #####: 1531:      return 1;
       24: 1532:   if (png_muldiv(&XYZ->green_Z, PNG_FP_1 - xy->greenx - xy->greeny, PNG_FP_1,
        -: 1533:       green_inverse) == 0)
    #####: 1534:      return 1;
        -: 1535:
       24: 1536:   if (png_muldiv(&XYZ->blue_X, xy->bluex, blue_scale, PNG_FP_1) == 0)
    #####: 1537:      return 1;
       24: 1538:   if (png_muldiv(&XYZ->blue_Y, xy->bluey, blue_scale, PNG_FP_1) == 0)
    #####: 1539:      return 1;
       24: 1540:   if (png_muldiv(&XYZ->blue_Z, PNG_FP_1 - xy->bluex - xy->bluey, blue_scale,
        -: 1541:       PNG_FP_1) == 0)
    #####: 1542:      return 1;
        -: 1543:
       24: 1544:   return 0; /*success*/
        -: 1545:}
        -: 1546:
        -: 1547:static int
    #####: 1548:png_XYZ_normalize(png_XYZ *XYZ)
        -: 1549:{
        -: 1550:   png_int_32 Y;
        -: 1551:
    #####: 1552:   if (XYZ->red_Y < 0 || XYZ->green_Y < 0 || XYZ->blue_Y < 0 ||
    #####: 1553:      XYZ->red_X < 0 || XYZ->green_X < 0 || XYZ->blue_X < 0 ||
    #####: 1554:      XYZ->red_Z < 0 || XYZ->green_Z < 0 || XYZ->blue_Z < 0)
    #####: 1555:      return 1;
        -: 1556:
        -: 1557:   /* Normalize by scaling so the sum of the end-point Y values is PNG_FP_1.
        -: 1558:    * IMPLEMENTATION NOTE: ANSI requires signed overflow not to occur, therefore
        -: 1559:    * relying on addition of two positive values producing a negative one is not
        -: 1560:    * safe.
        -: 1561:    */
    #####: 1562:   Y = XYZ->red_Y;
    #####: 1563:   if (0x7fffffff - Y < XYZ->green_X)
    #####: 1564:      return 1;
    #####: 1565:   Y += XYZ->green_Y;
    #####: 1566:   if (0x7fffffff - Y < XYZ->blue_X)
    #####: 1567:      return 1;
    #####: 1568:   Y += XYZ->blue_Y;
        -: 1569:
    #####: 1570:   if (Y != PNG_FP_1)
        -: 1571:   {
    #####: 1572:      if (png_muldiv(&XYZ->red_X, XYZ->red_X, PNG_FP_1, Y) == 0)
    #####: 1573:         return 1;
    #####: 1574:      if (png_muldiv(&XYZ->red_Y, XYZ->red_Y, PNG_FP_1, Y) == 0)
    #####: 1575:         return 1;
    #####: 1576:      if (png_muldiv(&XYZ->red_Z, XYZ->red_Z, PNG_FP_1, Y) == 0)
    #####: 1577:         return 1;
        -: 1578:
    #####: 1579:      if (png_muldiv(&XYZ->green_X, XYZ->green_X, PNG_FP_1, Y) == 0)
    #####: 1580:         return 1;
    #####: 1581:      if (png_muldiv(&XYZ->green_Y, XYZ->green_Y, PNG_FP_1, Y) == 0)
    #####: 1582:         return 1;
    #####: 1583:      if (png_muldiv(&XYZ->green_Z, XYZ->green_Z, PNG_FP_1, Y) == 0)
    #####: 1584:         return 1;
        -: 1585:
    #####: 1586:      if (png_muldiv(&XYZ->blue_X, XYZ->blue_X, PNG_FP_1, Y) == 0)
    #####: 1587:         return 1;
    #####: 1588:      if (png_muldiv(&XYZ->blue_Y, XYZ->blue_Y, PNG_FP_1, Y) == 0)
    #####: 1589:         return 1;
    #####: 1590:      if (png_muldiv(&XYZ->blue_Z, XYZ->blue_Z, PNG_FP_1, Y) == 0)
    #####: 1591:         return 1;
        -: 1592:   }
        -: 1593:
    #####: 1594:   return 0;
        -: 1595:}
        -: 1596:
        -: 1597:static int
       60: 1598:png_colorspace_endpoints_match(const png_xy *xy1, const png_xy *xy2, int delta)
        -: 1599:{
        -: 1600:   /* Allow an error of +/-0.01 (absolute value) on each chromaticity */
       60: 1601:   if (PNG_OUT_OF_RANGE(xy1->whitex, xy2->whitex,delta) ||
       60: 1602:       PNG_OUT_OF_RANGE(xy1->whitey, xy2->whitey,delta) ||
       60: 1603:       PNG_OUT_OF_RANGE(xy1->redx,   xy2->redx,  delta) ||
       60: 1604:       PNG_OUT_OF_RANGE(xy1->redy,   xy2->redy,  delta) ||
       60: 1605:       PNG_OUT_OF_RANGE(xy1->greenx, xy2->greenx,delta) ||
       60: 1606:       PNG_OUT_OF_RANGE(xy1->greeny, xy2->greeny,delta) ||
       60: 1607:       PNG_OUT_OF_RANGE(xy1->bluex,  xy2->bluex, delta) ||
       60: 1608:       PNG_OUT_OF_RANGE(xy1->bluey,  xy2->bluey, delta))
    #####: 1609:      return 0;
       60: 1610:   return 1;
        -: 1611:}
        -: 1612:
        -: 1613:/* Added in libpng-1.6.0, a different check for the validity of a set of cHRM
        -: 1614: * chunk chromaticities.  Earlier checks used to simply look for the overflow
        -: 1615: * condition (where the determinant of the matrix to solve for XYZ ends up zero
        -: 1616: * because the chromaticity values are not all distinct.)  Despite this it is
        -: 1617: * theoretically possible to produce chromaticities that are apparently valid
[...]
        -: 4246:      {
    #####: 4247:         sig_bit = png_ptr->sig_bit.red;
        -: 4248:
    #####: 4249:         if (png_ptr->sig_bit.green > sig_bit)
    #####: 4250:            sig_bit = png_ptr->sig_bit.green;
        -: 4251:
    #####: 4252:         if (png_ptr->sig_bit.blue > sig_bit)
    #####: 4253:            sig_bit = png_ptr->sig_bit.blue;
        -: 4254:      }
        -: 4255:      else
    #####: 4256:         sig_bit = png_ptr->sig_bit.gray;
        -: 4257:
        -: 4258:      /* 16-bit gamma code uses this equation:
        -: 4259:       *
        -: 4260:       *   ov = table[(iv & 0xff) >> gamma_shift][iv >> 8]
        -: 4261:       *
        -: 4262:       * Where 'iv' is the input color value and 'ov' is the output value -
        -: 4263:       * pow(iv, gamma).
        -: 4264:       *
        -: 4265:       * Thus the gamma table consists of up to 256 256-entry tables.  The table
        -: 4266:       * is selected by the (8-gamma_shift) most significant of the low 8 bits
        -: 4267:       * of the color value then indexed by the upper 8 bits:
        -: 4268:       *
        -: 4269:       *   table[low bits][high 8 bits]
        -: 4270:       *
        -: 4271:       * So the table 'n' corresponds to all those 'iv' of:
        -: 4272:       *
        -: 4273:       *   <all high 8-bit values><n << gamma_shift>..<(n+1 << gamma_shift)-1>
        -: 4274:       *
        -: 4275:       */
    #####: 4276:      if (sig_bit > 0 && sig_bit < 16U)
        -: 4277:         /* shift == insignificant bits */
    #####: 4278:         shift = (png_byte)((16U - sig_bit) & 0xff);
        -: 4279:
        -: 4280:      else
    #####: 4281:         shift = 0; /* keep all 16 bits */
        -: 4282:
    #####: 4283:      if ((png_ptr->transformations & (PNG_16_TO_8 | PNG_SCALE_16_TO_8)) != 0)
        -: 4284:      {
        -: 4285:         /* PNG_MAX_GAMMA_8 is the number of bits to keep - effectively
        -: 4286:          * the significant bits in the *input* when the output will
        -: 4287:          * eventually be 8 bits.  By default it is 11.
        -: 4288:          */
    #####: 4289:         if (shift < (16U - PNG_MAX_GAMMA_8))
    #####: 4290:            shift = (16U - PNG_MAX_GAMMA_8);
        -: 4291:      }
        -: 4292:
    #####: 4293:      if (shift > 8U)
    #####: 4294:         shift = 8U; /* Guarantees at least one table! */
        -: 4295:
    #####: 4296:      png_ptr->gamma_shift = shift;
        -: 4297:
        -: 4298:      /* NOTE: prior to 1.5.4 this test used to include PNG_BACKGROUND (now
        -: 4299:       * PNG_COMPOSE).  This effectively smashed the background calculation for
        -: 4300:       * 16-bit output because the 8-bit table assumes the result will be
        -: 4301:       * reduced to 8 bits.
        -: 4302:       */
    #####: 4303:      if ((png_ptr->transformations & (PNG_16_TO_8 | PNG_SCALE_16_TO_8)) != 0)
    #####: 4304:          png_build_16to8_table(png_ptr, &png_ptr->gamma_16_table, shift,
    #####: 4305:          png_ptr->screen_gamma > 0 ? png_product2(png_ptr->colorspace.gamma,
        -: 4306:          png_ptr->screen_gamma) : PNG_FP_1);
        -: 4307:
        -: 4308:      else
    #####: 4309:          png_build_16bit_table(png_ptr, &png_ptr->gamma_16_table, shift,
    #####: 4310:          png_ptr->screen_gamma > 0 ? png_reciprocal2(png_ptr->colorspace.gamma,
        -: 4311:          png_ptr->screen_gamma) : PNG_FP_1);
        -: 4312:
        -: 4313:#if defined(PNG_READ_BACKGROUND_SUPPORTED) || \
        -: 4314:   defined(PNG_READ_ALPHA_MODE_SUPPORTED) || \
        -: 4315:   defined(PNG_READ_RGB_TO_GRAY_SUPPORTED)
    #####: 4316:      if ((png_ptr->transformations & (PNG_COMPOSE | PNG_RGB_TO_GRAY)) != 0)
        -: 4317:      {
    #####: 4318:         png_build_16bit_table(png_ptr, &png_ptr->gamma_16_to_1, shift,
        -: 4319:             png_reciprocal(png_ptr->colorspace.gamma));
        -: 4320:
        -: 4321:         /* Notice that the '16 from 1' table should be full precision, however
        -: 4322:          * the lookup on this table still uses gamma_shift, so it can't be.
        -: 4323:          * TODO: fix this.
        -: 4324:          */
    #####: 4325:         png_build_16bit_table(png_ptr, &png_ptr->gamma_16_from_1, shift,
    #####: 4326:             png_ptr->screen_gamma > 0 ? png_reciprocal(png_ptr->screen_gamma) :
        -: 4327:             png_ptr->colorspace.gamma/* Probably doing rgb_to_gray */);
        -: 4328:      }
        -: 4329:#endif /* READ_BACKGROUND || READ_ALPHA_MODE || RGB_TO_GRAY */
        -: 4330:   }
        -: 4331:#endif /* 16BIT */
    #####: 4332:}
        -: 4333:#endif /* READ_GAMMA */
        -: 4334:
        -: 4335:/* HARDWARE OR SOFTWARE OPTION SUPPORT */
        -: 4336:#ifdef PNG_SET_OPTION_SUPPORTED
        -: 4337:int PNGAPI
    #####: 4338:png_set_option(png_structrp png_ptr, int option, int onoff)
        -: 4339:{
    #####: 4340:   if (png_ptr != NULL && option >= 0 && option < PNG_OPTION_NEXT &&
    #####: 4341:      (option & 1) == 0)
        -: 4342:   {
    #####: 4343:      png_uint_32 mask = 3U << option;
    #####: 4344:      png_uint_32 setting = (2U + (onoff != 0)) << option;
    #####: 4345:      png_uint_32 current = png_ptr->options;
        -: 4346:
    #####: 4347:      png_ptr->options = (png_uint_32)(((current & ~mask) | setting) & 0xff);
        -: 4348:
    #####: 4349:      return (int)(current & mask) >> option;
        -: 4350:   }
        -: 4351:
    #####: 4352:   return PNG_OPTION_INVALID;
        -: 4353:}
        -: 4354:#endif
        -: 4355:
        -: 4356:/* sRGB support */
        -: 4357:#if defined(PNG_SIMPLIFIED_READ_SUPPORTED) ||\
        -: 4358:   defined(PNG_SIMPLIFIED_WRITE_SUPPORTED)
        -: 4359:/* sRGB conversion tables; these are machine generated with the code in
        -: 4360: * contrib/tools/makesRGB.c.  The actual sRGB transfer curve defined in the
        -: 4361: * specification (see the article at https://en.wikipedia.org/wiki/SRGB)
        -: 4362: * is used, not the gamma=1/2.2 approximation use elsewhere in libpng.
        -: 4363: * The sRGB to linear table is exact (to the nearest 16-bit linear fraction).
        -: 4364: * The inverse (linear to sRGB) table has accuracies as follows:
        -: 4365: *
        -: 4366: * For all possible (255*65535+1) input values:
        -: 4367: *
        -: 4368: *    error: -0.515566 - 0.625971, 79441 (0.475369%) of readings inexact
        -: 4369: *
        -: 4370: * For the input values corresponding to the 65536 16-bit values:
        -: 4371: *
        -: 4372: *    error: -0.513727 - 0.607759, 308 (0.469978%) of readings inexact
        -: 4373: *
        -: 4374: * In all cases the inexact readings are only off by one.
        -: 4375: */
        -: 4376:
        -: 4377:#ifdef PNG_SIMPLIFIED_READ_SUPPORTED
        -: 4378:/* The convert-to-sRGB table is only currently required for read. */
        -: 4379:const png_uint_16 png_sRGB_table[256] =
        -: 4380:{
        -: 4381:   0,20,40,60,80,99,119,139,
        -: 4382:   159,179,199,219,241,264,288,313,
        -: 4383:   340,367,396,427,458,491,526,562,
        -: 4384:   599,637,677,718,761,805,851,898,
        -: 4385:   947,997,1048,1101,1156,1212,1270,1330,
        -: 4386:   1391,1453,1517,1583,1651,1720,1790,1863,
        -: 4387:   1937,2013,2090,2170,2250,2333,2418,2504,
        -: 4388:   2592,2681,2773,2866,2961,3058,3157,3258,
        -: 4389:   3360,3464,3570,3678,3788,3900,4014,4129,
        -: 4390:   4247,4366,4488,4611,4736,4864,4993,5124,
        -: 4391:   5257,5392,5530,5669,5810,5953,6099,6246,
        -: 4392:   6395,6547,6700,6856,7014,7174,7335,7500,
        -: 4393:   7666,7834,8004,8177,8352,8528,8708,8889,
        -: 4394:   9072,9258,9445,9635,9828,10022,10219,10417,
        -: 4395:   10619,10822,11028,11235,11446,11658,11873,12090,
        -: 4396:   12309,12530,12754,12980,13209,13440,13673,13909,
        -: 4397:   14146,14387,14629,14874,15122,15371,15623,15878,
        -: 4398:   16135,16394,16656,16920,17187,17456,17727,18001,
        -: 4399:   18277,18556,18837,19121,19407,19696,19987,20281,
        -: 4400:   20577,20876,21177,21481,21787,22096,22407,22721,
        -: 4401:   23038,23357,23678,24002,24329,24658,24990,25325,
        -: 4402:   25662,26001,26344,26688,27036,27386,27739,28094,
        -: 4403:   28452,28813,29176,29542,29911,30282,30656,31033,
        -: 4404:   31412,31794,32179,32567,32957,33350,33745,34143,
        -: 4405:   34544,34948,35355,35764,36176,36591,37008,37429,
        -: 4406:   37852,38278,38706,39138,39572,40009,40449,40891,
        -: 4407:   41337,41785,42236,42690,43147,43606,44069,44534,
        -: 4408:   45002,45473,45947,46423,46903,47385,47871,48359,
        -: 4409:   48850,49344,49841,50341,50844,51349,51858,52369,
        -: 4410:   52884,53401,53921,54445,54971,55500,56032,56567,
        -: 4411:   57105,57646,58190,58737,59287,59840,60396,60955,
        -: 4412:   61517,62082,62650,63221,63795,64372,64952,65535
        -: 4413:};
        -: 4414:#endif /* SIMPLIFIED_READ */
        -: 4415:
        -: 4416:/* The base/delta tables are required for both read and write (but currently
        -: 4417: * only the simplified versions.)
        -: 4418: */
        -: 4419:const png_uint_16 png_sRGB_base[512] =
        -: 4420:{
        -: 4421:   128,1782,3383,4644,5675,6564,7357,8074,
        -: 4422:   8732,9346,9921,10463,10977,11466,11935,12384,
        -: 4423:   12816,13233,13634,14024,14402,14769,15125,15473,
        -: 4424:   15812,16142,16466,16781,17090,17393,17690,17981,
        -: 4425:   18266,18546,18822,19093,19359,19621,19879,20133,
        -: 4426:   20383,20630,20873,21113,21349,21583,21813,22041,
        -: 4427:   22265,22487,22707,22923,23138,23350,23559,23767,
        -: 4428:   23972,24175,24376,24575,24772,24967,25160,25352,
        -: 4429:   25542,25730,25916,26101,26284,26465,26645,26823,
        -: 4430:   27000,27176,27350,27523,27695,27865,28034,28201,
        -: 4431:   28368,28533,28697,28860,29021,29182,29341,29500,
        -: 4432:   29657,29813,29969,30123,30276,30429,30580,30730,
        -: 4433:   30880,31028,31176,31323,31469,31614,31758,31902,
        -: 4434:   32045,32186,32327,32468,32607,32746,32884,33021,
        -: 4435:   33158,33294,33429,33564,33697,33831,33963,34095,
        -: 4436:   34226,34357,34486,34616,34744,34873,35000,35127,
        -: 4437:   35253,35379,35504,35629,35753,35876,35999,36122,
        -: 4438:   36244,36365,36486,36606,36726,36845,36964,37083,
        -: 4439:   37201,37318,37435,37551,37668,37783,37898,38013,
        -: 4440:   38127,38241,38354,38467,38580,38692,38803,38915,
        -: 4441:   39026,39136,39246,39356,39465,39574,39682,39790,
        -: 4442:   39898,40005,40112,40219,40325,40431,40537,40642,
        -: 4443:   40747,40851,40955,41059,41163,41266,41369,41471,
        -: 4444:   41573,41675,41777,41878,41979,42079,42179,42279,
        -: 4445:   42379,42478,42577,42676,42775,42873,42971,43068,
        -: 4446:   43165,43262,43359,43456,43552,43648,43743,43839,
        -: 4447:   43934,44028,44123,44217,44311,44405,44499,44592,
        -: 4448:   44685,44778,44870,44962,45054,45146,45238,45329,
        -: 4449:   45420,45511,45601,45692,45782,45872,45961,46051,
        -: 4450:   46140,46229,46318,46406,46494,46583,46670,46758,
        -: 4451:   46846,46933,47020,47107,47193,47280,47366,47452,
        -: 4452:   47538,47623,47709,47794,47879,47964,48048,48133,
        -: 4453:   48217,48301,48385,48468,48552,48635,48718,48801,
        -: 4454:   48884,48966,49048,49131,49213,49294,49376,49458,
        -: 4455:   49539,49620,49701,49782,49862,49943,50023,50103,
        -: 4456:   50183,50263,50342,50422,50501,50580,50659,50738,
        -: 4457:   50816,50895,50973,51051,51129,51207,51285,51362,
        -: 4458:   51439,51517,51594,51671,51747,51824,51900,51977,
        -: 4459:   52053,52129,52205,52280,52356,52432,52507,52582,
        -: 4460:   52657,52732,52807,52881,52956,53030,53104,53178,
        -: 4461:   53252,53326,53400,53473,53546,53620,53693,53766,
        -: 4462:   53839,53911,53984,54056,54129,54201,54273,54345,
        -: 4463:   54417,54489,54560,54632,54703,54774,54845,54916,
        -: 4464:   54987,55058,55129,55199,55269,55340,55410,55480,
        -: 4465:   55550,55620,55689,55759,55828,55898,55967,56036,
        -: 4466:   56105,56174,56243,56311,56380,56448,56517,56585,
        -: 4467:   56653,56721,56789,56857,56924,56992,57059,57127,
        -: 4468:   57194,57261,57328,57395,57462,57529,57595,57662,
        -: 4469:   57728,57795,57861,57927,57993,58059,58125,58191,
        -: 4470:   58256,58322,58387,58453,58518,58583,58648,58713,
        -: 4471:   58778,58843,58908,58972,59037,59101,59165,59230,
        -: 4472:   59294,59358,59422,59486,59549,59613,59677,59740,
        -: 4473:   59804,59867,59930,59993,60056,60119,60182,60245,
        -: 4474:   60308,60370,60433,60495,60558,60620,60682,60744,
        -: 4475:   60806,60868,60930,60992,61054,61115,61177,61238,
        -: 4476:   61300,61361,61422,61483,61544,61605,61666,61727,
        -: 4477:   61788,61848,61909,61969,62030,62090,62150,62211,
        -: 4478:   62271,62331,62391,62450,62510,62570,62630,62689,
        -: 4479:   62749,62808,62867,62927,62986,63045,63104,63163,
        -: 4480:   63222,63281,63340,63398,63457,63515,63574,63632,
        -: 4481:   63691,63749,63807,63865,63923,63981,64039,64097,
        -: 4482:   64155,64212,64270,64328,64385,64443,64500,64557,
        -: 4483:   64614,64672,64729,64786,64843,64900,64956,65013,
        -: 4484:   65070,65126,65183,65239,65296,65352,65409,65465
        -: 4485:};
        -: 4486:
        -: 4487:const png_byte png_sRGB_delta[512] =
        -: 4488:{
        -: 4489:   207,201,158,129,113,100,90,82,77,72,68,64,61,59,56,54,
        -: 4490:   52,50,49,47,46,45,43,42,41,40,39,39,38,37,36,36,
        -: 4491:   35,34,34,33,33,32,32,31,31,30,30,30,29,29,28,28,
        -: 4492:   28,27,27,27,27,26,26,26,25,25,25,25,24,24,24,24,
        -: 4493:   23,23,23,23,23,22,22,22,22,22,22,21,21,21,21,21,
        -: 4494:   21,20,20,20,20,20,20,20,20,19,19,19,19,19,19,19,
        -: 4495:   19,18,18,18,18,18,18,18,18,18,18,17,17,17,17,17,
        -: 4496:   17,17,17,17,17,17,16,16,16,16,16,16,16,16,16,16,
        -: 4497:   16,16,16,16,15,15,15,15,15,15,15,15,15,15,15,15,
        -: 4498:   15,15,15,15,14,14,14,14,14,14,14,14,14,14,14,14,
        -: 4499:   14,14,14,14,14,14,14,13,13,13,13,13,13,13,13,13,
        -: 4500:   13,13,13,13,13,13,13,13,13,13,13,13,13,13,12,12,
        -: 4501:   12,12,12,12,12,12,12,12,12,12,12,12,12,12,12,12,
        -: 4502:   12,12,12,12,12,12,12,12,12,12,12,12,11,11,11,11,
        -: 4503:   11,11,11,11,11,11,11,11,11,11,11,11,11,11,11,11,
        -: 4504:   11,11,11,11,11,11,11,11,11,11,11,11,11,11,11,11,
        -: 4505:   11,10,10,10,10,10,10,10,10,10,10,10,10,10,10,10,
        -: 4506:   10,10,10,10,10,10,10,10,10,10,10,10,10,10,10,10,
        -: 4507:   10,10,10,10,10,10,10,10,10,10,10,10,10,10,10,10,
        -: 4508:   10,9,9,9,9,9,9,9,9,9,9,9,9,9,9,9,
        -: 4509:   9,9,9,9,9,9,9,9,9,9,9,9,9,9,9,9,
        -: 4510:   9,9,9,9,9,9,9,9,9,9,9,9,9,9,9,9,
        -: 4511:   9,9,9,9,9,9,9,9,9,9,9,9,9,9,9,9,
        -: 4512:   9,8,8,8,8,8,8,8,8,8,8,8,8,8,8,8,
        -: 4513:   8,8,8,8,8,8,8,8,8,8,8,8,8,8,8,8,
        -: 4514:   8,8,8,8,8,8,8,8,8,8,8,8,8,8,8,8,
        -: 4515:   8,8,8,8,8,8,8,8,8,8,8,8,8,8,8,8,
        -: 4516:   8,8,8,8,8,8,8,8,8,8,8,8,8,8,8,8,
        -: 4517:   8,8,8,8,8,8,8,8,8,7,7,7,7,7,7,7,
        -: 4518:   7,7,7,7,7,7,7,7,7,7,7,7,7,7,7,7,
        -: 4519:   7,7,7,7,7,7,7,7,7,7,7,7,7,7,7,7,
        -: 4520:   7,7,7,7,7,7,7,7,7,7,7,7,7,7,7,7
        -: 4521:};
        -: 4522:#endif /* SIMPLIFIED READ/WRITE sRGB support */
        -: 4523:
        -: 4524:/* SIMPLIFIED READ/WRITE SUPPORT */
        -: 4525:#if defined(PNG_SIMPLIFIED_READ_SUPPORTED) ||\
        -: 4526:   defined(PNG_SIMPLIFIED_WRITE_SUPPORTED)
        -: 4527:static int
    #####: 4528:png_image_free_function(png_voidp argument)
        -: 4529:{
    #####: 4530:   png_imagep image = png_voidcast(png_imagep, argument);
    #####: 4531:   png_controlp cp = image->opaque;
        -: 4532:   png_control c;
        -: 4533:
        -: 4534:   /* Double check that we have a png_ptr - it should be impossible to get here
        -: 4535:    * without one.
        -: 4536:    */
    #####: 4537:   if (cp->png_ptr == NULL)
    #####: 4538:      return 0;
        -: 4539:
        -: 4540:   /* First free any data held in the control structure. */
        -: 4541:#  ifdef PNG_STDIO_SUPPORTED
    #####: 4542:      if (cp->owned_file != 0)
        -: 4543:      {
    #####: 4544:         FILE *fp = png_voidcast(FILE*, cp->png_ptr->io_ptr);
    #####: 4545:         cp->owned_file = 0;
        -: 4546:
        -: 4547:         /* Ignore errors here. */
    #####: 4548:         if (fp != NULL)
        -: 4549:         {
    #####: 4550:            cp->png_ptr->io_ptr = NULL;
    #####: 4551:            (void)fclose(fp);
        -: 4552:         }
        -: 4553:      }
        -: 4554:#  endif
        -: 4555:
        -: 4556:   /* Copy the control structure so that the original, allocated, version can be
        -: 4557:    * safely freed.  Notice that a png_error here stops the remainder of the
        -: 4558:    * cleanup, but this is probably fine because that would indicate bad memory
        -: 4559:    * problems anyway.
        -: 4560:    */
    #####: 4561:   c = *cp;
    #####: 4562:   image->opaque = &c;
    #####: 4563:   png_free(c.png_ptr, cp);
        -: 4564:
        -: 4565:   /* Then the structures, calling the correct API. */
    #####: 4566:   if (c.for_write != 0)
        -: 4567:   {
        -: 4568:#     ifdef PNG_SIMPLIFIED_WRITE_SUPPORTED
    #####: 4569:         png_destroy_write_struct(&c.png_ptr, &c.info_ptr);
        -: 4570:#     else
        -: 4571:         png_error(c.png_ptr, "simplified write not supported");
        -: 4572:#     endif
        -: 4573:   }
        -: 4574:   else
        -: 4575:   {
        -: 4576:#     ifdef PNG_SIMPLIFIED_READ_SUPPORTED
    #####: 4577:         png_destroy_read_struct(&c.png_ptr, &c.info_ptr, NULL);
        -: 4578:#     else
        -: 4579:         png_error(c.png_ptr, "simplified read not supported");
        -: 4580:#     endif
        -: 4581:   }
        -: 4582:
        -: 4583:   /* Success. */
    #####: 4584:   return 1;
        -: 4585:}
        -: 4586:
        -: 4587:void PNGAPI
    #####: 4588:png_image_free(png_imagep image)
        -: 4589:{
        -: 4590:   /* Safely call the real function, but only if doing so is safe at this point
        -: 4591:    * (if not inside an error handling context).  Otherwise assume
        -: 4592:    * png_safe_execute will call this API after the return.
        -: 4593:    */
    #####: 4594:   if (image != NULL && image->opaque != NULL &&
    #####: 4595:      image->opaque->error_buf == NULL)
        -: 4596:   {
        -: 4597:      /* Ignore errors here: */
    #####: 4598:      (void)png_safe_execute(image, png_image_free_function, image);
    #####: 4599:      image->opaque = NULL;
        -: 4600:   }
    #####: 4601:}
        -: 4602:
        -: 4603:int /* PRIVATE */
    #####: 4604:png_image_error(png_imagep image, png_const_charp error_message)
        -: 4605:{
        -: 4606:   /* Utility to log an error. */
    #####: 4607:   png_safecat(image->message, (sizeof image->message), 0, error_message);
    #####: 4608:   image->warning_or_error |= PNG_IMAGE_ERROR;
    #####: 4609:   png_image_free(image);
    #####: 4610:   return 0;
        -: 4611:}
        -: 4612:
        -: 4613:#endif /* SIMPLIFIED READ/WRITE */
        -: 4614:#endif /* READ || WRITE */
