        -:    0:Source:pngrtran.c
        -:    1:
        -:    2:/* pngrtran.c - transforms the data in a row for PNG readers
        -:    3: *
        -:    4: * Last changed in libpng 1.6.33 [September 28, 2017]
        -:    5: * Copyright (c) 1998-2002,2004,2006-2017 Glenn Randers-Pehrson
        -:    6: * (Version 0.96 Copyright (c) 1996, 1997 Andreas Dilger)
        -:    7: * (Version 0.88 Copyright (c) 1995, 1996 Guy Eric Schalnat, Group 42, Inc.)
        -:    8: *
        -:    9: * This code is released under the libpng license.
        -:   10: * For conditions of distribution and use, see the disclaimer
        -:   11: * and license in png.h
        -:   12: *
        -:   13: * This file contains functions optionally called by an application
        -:   14: * in order to tell libpng how to handle data when reading a PNG.
        -:   15: * Transformations that are used in both reading and writing are
        -:   16: * in pngtrans.c.
        -:   17: */
        -:   18:
        -:   19:#include "pngpriv.h"
        -:   20:
        -:   21:#ifdef PNG_READ_SUPPORTED
        -:   22:
        -:   23:/* Set the action on getting a CRC error for an ancillary or critical chunk. */
        -:   24:void PNGAPI
    #####:   25:png_set_crc_action(png_structrp png_ptr, int crit_action, int ancil_action)
        -:   26:{
        -:   27:   png_debug(1, "in png_set_crc_action");
        -:   28:
    #####:   29:   if (png_ptr == NULL)
    #####:   30:      return;
        -:   31:
        -:   32:   /* Tell libpng how we react to CRC errors in critical chunks */
    #####:   33:   switch (crit_action)
        -:   34:   {
    #####:   35:      case PNG_CRC_NO_CHANGE:                        /* Leave setting as is */
    #####:   36:         break;
        -:   37:
    #####:   38:      case PNG_CRC_WARN_USE:                               /* Warn/use data */
    #####:   39:         png_ptr->flags &= ~PNG_FLAG_CRC_CRITICAL_MASK;
    #####:   40:         png_ptr->flags |= PNG_FLAG_CRC_CRITICAL_USE;
    #####:   41:         break;
        -:   42:
    #####:   43:      case PNG_CRC_QUIET_USE:                             /* Quiet/use data */
    #####:   44:         png_ptr->flags &= ~PNG_FLAG_CRC_CRITICAL_MASK;
    #####:   45:         png_ptr->flags |= PNG_FLAG_CRC_CRITICAL_USE |
        -:   46:                           PNG_FLAG_CRC_CRITICAL_IGNORE;
    #####:   47:         break;
        -:   48:
    #####:   49:      case PNG_CRC_WARN_DISCARD:    /* Not a valid action for critical data */
    #####:   50:         png_warning(png_ptr,
        -:   51:             "Can't discard critical data on CRC error");
        -:   52:         /* FALLTHROUGH */
    #####:   53:      case PNG_CRC_ERROR_QUIT:                                /* Error/quit */
        -:   54:
        -:   55:      case PNG_CRC_DEFAULT:
        -:   56:      default:
    #####:   57:         png_ptr->flags &= ~PNG_FLAG_CRC_CRITICAL_MASK;
    #####:   58:         break;
        -:   59:   }
        -:   60:
        -:   61:   /* Tell libpng how we react to CRC errors in ancillary chunks */
    #####:   62:   switch (ancil_action)
        -:   63:   {
    #####:   64:      case PNG_CRC_NO_CHANGE:                       /* Leave setting as is */
    #####:   65:         break;
        -:   66:
    #####:   67:      case PNG_CRC_WARN_USE:                              /* Warn/use data */
    #####:   68:         png_ptr->flags &= ~PNG_FLAG_CRC_ANCILLARY_MASK;
    #####:   69:         png_ptr->flags |= PNG_FLAG_CRC_ANCILLARY_USE;
    #####:   70:         break;
        -:   71:
    #####:   72:      case PNG_CRC_QUIET_USE:                            /* Quiet/use data */
    #####:   73:         png_ptr->flags &= ~PNG_FLAG_CRC_ANCILLARY_MASK;
    #####:   74:         png_ptr->flags |= PNG_FLAG_CRC_ANCILLARY_USE |
        -:   75:                           PNG_FLAG_CRC_ANCILLARY_NOWARN;
    #####:   76:         break;
        -:   77:
    #####:   78:      case PNG_CRC_ERROR_QUIT:                               /* Error/quit */
    #####:   79:         png_ptr->flags &= ~PNG_FLAG_CRC_ANCILLARY_MASK;
    #####:   80:         png_ptr->flags |= PNG_FLAG_CRC_ANCILLARY_NOWARN;
    #####:   81:         break;
        -:   82:
    #####:   83:      case PNG_CRC_WARN_DISCARD:                      /* Warn/discard data */
        -:   84:
        -:   85:      case PNG_CRC_DEFAULT:
        -:   86:      default:
    #####:   87:         png_ptr->flags &= ~PNG_FLAG_CRC_ANCILLARY_MASK;
    #####:   88:         break;
        -:   89:   }
        -:   90:}
        -:   91:
        -:   92:#ifdef PNG_READ_TRANSFORMS_SUPPORTED
        -:   93:/* Is it OK to set a transformation now?  Only if png_start_read_image or
        -:   94: * png_read_update_info have not been called.  It is not necessary for the IHDR
        -:   95: * to have been read in all cases; the need_IHDR parameter allows for this
        -:   96: * check too.
        -:   97: */
        -:   98:static int
    #####:   99:png_rtran_ok(png_structrp png_ptr, int need_IHDR)
        -:  100:{
    #####:  101:   if (png_ptr != NULL)
        -:  102:   {
    #####:  103:      if ((png_ptr->flags & PNG_FLAG_ROW_INIT) != 0)
    #####:  104:         png_app_error(png_ptr,
        -:  105:             "invalid after png_start_read_image or png_read_update_info");
        -:  106:
    #####:  107:      else if (need_IHDR && (png_ptr->mode & PNG_HAVE_IHDR) == 0)
    #####:  108:         png_app_error(png_ptr, "invalid before the PNG header has been read");
        -:  109:
        -:  110:      else
        -:  111:      {
        -:  112:         /* Turn on failure to initialize correctly for all transforms. */
    #####:  113:         png_ptr->flags |= PNG_FLAG_DETECT_UNINITIALIZED;
        -:  114:
    #####:  115:         return 1; /* Ok */
        -:  116:      }
        -:  117:   }
        -:  118:
    #####:  119:   return 0; /* no png_error possible! */
        -:  120:}
        -:  121:#endif
        -:  122:
        -:  123:#ifdef PNG_READ_BACKGROUND_SUPPORTED
        -:  124:/* Handle alpha and tRNS via a background color */
        -:  125:void PNGFAPI
    #####:  126:png_set_background_fixed(png_structrp png_ptr,
        -:  127:    png_const_color_16p background_color, int background_gamma_code,
        -:  128:    int need_expand, png_fixed_point background_gamma)
        -:  129:{
        -:  130:   png_debug(1, "in png_set_background_fixed");
        -:  131:
    #####:  132:   if (png_rtran_ok(png_ptr, 0) == 0 || background_color == NULL)
    #####:  133:      return;
        -:  134:
    #####:  135:   if (background_gamma_code == PNG_BACKGROUND_GAMMA_UNKNOWN)
        -:  136:   {
    #####:  137:      png_warning(png_ptr, "Application must supply a known background gamma");
    #####:  138:      return;
        -:  139:   }
        -:  140:
    #####:  141:   png_ptr->transformations |= PNG_COMPOSE | PNG_STRIP_ALPHA;
    #####:  142:   png_ptr->transformations &= ~PNG_ENCODE_ALPHA;
    #####:  143:   png_ptr->flags &= ~PNG_FLAG_OPTIMIZE_ALPHA;
        -:  144:
    #####:  145:   png_ptr->background = *background_color;
    #####:  146:   png_ptr->background_gamma = background_gamma;
    #####:  147:   png_ptr->background_gamma_type = (png_byte)(background_gamma_code);
    #####:  148:   if (need_expand != 0)
    #####:  149:      png_ptr->transformations |= PNG_BACKGROUND_EXPAND;
        -:  150:   else
    #####:  151:      png_ptr->transformations &= ~PNG_BACKGROUND_EXPAND;
        -:  152:}
        -:  153:
        -:  154:#  ifdef PNG_FLOATING_POINT_SUPPORTED
        -:  155:void PNGAPI
    #####:  156:png_set_background(png_structrp png_ptr,
        -:  157:    png_const_color_16p background_color, int background_gamma_code,
        -:  158:    int need_expand, double background_gamma)
        -:  159:{
    #####:  160:   png_set_background_fixed(png_ptr, background_color, background_gamma_code,
        -:  161:      need_expand, png_fixed(png_ptr, background_gamma, "png_set_background"));
    #####:  162:}
        -:  163:#  endif /* FLOATING_POINT */
        -:  164:#endif /* READ_BACKGROUND */
        -:  165:
        -:  166:/* Scale 16-bit depth files to 8-bit depth.  If both of these are set then the
        -:  167: * one that pngrtran does first (scale) happens.  This is necessary to allow the
        -:  168: * TRANSFORM and API behavior to be somewhat consistent, and it's simpler.
        -:  169: */
        -:  170:#ifdef PNG_READ_SCALE_16_TO_8_SUPPORTED
        -:  171:void PNGAPI
    #####:  172:png_set_scale_16(png_structrp png_ptr)
        -:  173:{
        -:  174:   png_debug(1, "in png_set_scale_16");
        -:  175:
    #####:  176:   if (png_rtran_ok(png_ptr, 0) == 0)
    #####:  177:      return;
        -:  178:
    #####:  179:   png_ptr->transformations |= PNG_SCALE_16_TO_8;
        -:  180:}
        -:  181:#endif
        -:  182:
        -:  183:#ifdef PNG_READ_STRIP_16_TO_8_SUPPORTED
        -:  184:/* Chop 16-bit depth files to 8-bit depth */
        -:  185:void PNGAPI
    #####:  186:png_set_strip_16(png_structrp png_ptr)
        -:  187:{
        -:  188:   png_debug(1, "in png_set_strip_16");
        -:  189:
    #####:  190:   if (png_rtran_ok(png_ptr, 0) == 0)
    #####:  191:      return;
        -:  192:
    #####:  193:   png_ptr->transformations |= PNG_16_TO_8;
        -:  194:}
        -:  195:#endif
        -:  196:
        -:  197:#ifdef PNG_READ_STRIP_ALPHA_SUPPORTED
        -:  198:void PNGAPI
    #####:  199:png_set_strip_alpha(png_structrp png_ptr)
        -:  200:{
        -:  201:   png_debug(1, "in png_set_strip_alpha");
        -:  202:
    #####:  203:   if (png_rtran_ok(png_ptr, 0) == 0)
    #####:  204:      return;
        -:  205:
    #####:  206:   png_ptr->transformations |= PNG_STRIP_ALPHA;
        -:  207:}
        -:  208:#endif
        -:  209:
        -:  210:#if defined(PNG_READ_ALPHA_MODE_SUPPORTED) || defined(PNG_READ_GAMMA_SUPPORTED)
        -:  211:static png_fixed_point
    #####:  212:translate_gamma_flags(png_structrp png_ptr, png_fixed_point output_gamma,
        -:  213:    int is_screen)
        -:  214:{
        -:  215:   /* Check for flag values.  The main reason for having the old Mac value as a
        -:  216:    * flag is that it is pretty near impossible to work out what the correct
        -:  217:    * value is from Apple documentation - a working Mac system is needed to
        -:  218:    * discover the value!
        -:  219:    */
    #####:  220:   if (output_gamma == PNG_DEFAULT_sRGB ||
        -:  221:      output_gamma == PNG_FP_1 / PNG_DEFAULT_sRGB)
        -:  222:   {
        -:  223:      /* If there is no sRGB support this just sets the gamma to the standard
        -:  224:       * sRGB value.  (This is a side effect of using this function!)
        -:  225:       */
        -:  226:#     ifdef PNG_READ_sRGB_SUPPORTED
    #####:  227:         png_ptr->flags |= PNG_FLAG_ASSUME_sRGB;
        -:  228:#     else
        -:  229:         PNG_UNUSED(png_ptr)
        -:  230:#     endif
    #####:  231:      if (is_screen != 0)
    #####:  232:         output_gamma = PNG_GAMMA_sRGB;
        -:  233:      else
    #####:  234:         output_gamma = PNG_GAMMA_sRGB_INVERSE;
        -:  235:   }
        -:  236:
    #####:  237:   else if (output_gamma == PNG_GAMMA_MAC_18 ||
        -:  238:      output_gamma == PNG_FP_1 / PNG_GAMMA_MAC_18)
        -:  239:   {
    #####:  240:      if (is_screen != 0)
    #####:  241:         output_gamma = PNG_GAMMA_MAC_OLD;
        -:  242:      else
    #####:  243:         output_gamma = PNG_GAMMA_MAC_INVERSE;
        -:  244:   }
        -:  245:
    #####:  246:   return output_gamma;
        -:  247:}
        -:  248:
        -:  249:#  ifdef PNG_FLOATING_POINT_SUPPORTED
        -:  250:static png_fixed_point
    #####:  251:convert_gamma_value(png_structrp png_ptr, double output_gamma)
        -:  252:{
        -:  253:   /* The following silently ignores cases where fixed point (times 100,000)
        -:  254:    * gamma values are passed to the floating point API.  This is safe and it
        -:  255:    * means the fixed point constants work just fine with the floating point
        -:  256:    * API.  The alternative would just lead to undetected errors and spurious
        -:  257:    * bug reports.  Negative values fail inside the _fixed API unless they
        -:  258:    * correspond to the flag values.
        -:  259:    */
    #####:  260:   if (output_gamma > 0 && output_gamma < 128)
    #####:  261:      output_gamma *= PNG_FP_1;
        -:  262:
        -:  263:   /* This preserves -1 and -2 exactly: */
    #####:  264:   output_gamma = floor(output_gamma + .5);
        -:  265:
    #####:  266:   if (output_gamma > PNG_FP_MAX || output_gamma < PNG_FP_MIN)
    #####:  267:      png_fixed_error(png_ptr, "gamma value");
        -:  268:
    #####:  269:   return (png_fixed_point)output_gamma;
        -:  270:}
        -:  271:#  endif
        -:  272:#endif /* READ_ALPHA_MODE || READ_GAMMA */
        -:  273:
        -:  274:#ifdef PNG_READ_ALPHA_MODE_SUPPORTED
        -:  275:void PNGFAPI
    #####:  276:png_set_alpha_mode_fixed(png_structrp png_ptr, int mode,
        -:  277:    png_fixed_point output_gamma)
        -:  278:{
    #####:  279:   int compose = 0;
        -:  280:   png_fixed_point file_gamma;
        -:  281:
        -:  282:   png_debug(1, "in png_set_alpha_mode");
        -:  283:
    #####:  284:   if (png_rtran_ok(png_ptr, 0) == 0)
    #####:  285:      return;
        -:  286:
    #####:  287:   output_gamma = translate_gamma_flags(png_ptr, output_gamma, 1/*screen*/);
        -:  288:
        -:  289:   /* Validate the value to ensure it is in a reasonable range. The value
        -:  290:    * is expected to be 1 or greater, but this range test allows for some
        -:  291:    * viewing correction values.  The intent is to weed out users of this API
        -:  292:    * who use the inverse of the gamma value accidentally!  Since some of these
        -:  293:    * values are reasonable this may have to be changed:
        -:  294:    *
        -:  295:    * 1.6.x: changed from 0.07..3 to 0.01..100 (to accomodate the optimal 16-bit
        -:  296:    * gamma of 36, and its reciprocal.)
        -:  297:    */
    #####:  298:   if (output_gamma < 1000 || output_gamma > 10000000)
    #####:  299:      png_error(png_ptr, "output gamma out of expected range");
        -:  300:
        -:  301:   /* The default file gamma is the inverse of the output gamma; the output
        -:  302:    * gamma may be changed below so get the file value first:
        -:  303:    */
    #####:  304:   file_gamma = png_reciprocal(output_gamma);
        -:  305:
        -:  306:   /* There are really 8 possibilities here, composed of any combination
        -:  307:    * of:
        -:  308:    *
        -:  309:    *    premultiply the color channels
        -:  310:    *    do not encode non-opaque pixels
        -:  311:    *    encode the alpha as well as the color channels
        -:  312:    *
        -:  313:    * The differences disappear if the input/output ('screen') gamma is 1.0,
        -:  314:    * because then the encoding is a no-op and there is only the choice of
        -:  315:    * premultiplying the color channels or not.
        -:  316:    *
        -:  317:    * png_set_alpha_mode and png_set_background interact because both use
        -:  318:    * png_compose to do the work.  Calling both is only useful when
        -:  319:    * png_set_alpha_mode is used to set the default mode - PNG_ALPHA_PNG - along
        -:  320:    * with a default gamma value.  Otherwise PNG_COMPOSE must not be set.
        -:  321:    */
    #####:  322:   switch (mode)
        -:  323:   {
    #####:  324:      case PNG_ALPHA_PNG:        /* default: png standard */
        -:  325:         /* No compose, but it may be set by png_set_background! */
    #####:  326:         png_ptr->transformations &= ~PNG_ENCODE_ALPHA;
    #####:  327:         png_ptr->flags &= ~PNG_FLAG_OPTIMIZE_ALPHA;
    #####:  328:         break;
        -:  329:
    #####:  330:      case PNG_ALPHA_ASSOCIATED: /* color channels premultiplied */
    #####:  331:         compose = 1;
    #####:  332:         png_ptr->transformations &= ~PNG_ENCODE_ALPHA;
    #####:  333:         png_ptr->flags &= ~PNG_FLAG_OPTIMIZE_ALPHA;
        -:  334:         /* The output is linear: */
    #####:  335:         output_gamma = PNG_FP_1;
    #####:  336:         break;
        -:  337:
    #####:  338:      case PNG_ALPHA_OPTIMIZED:  /* associated, non-opaque pixels linear */
    #####:  339:         compose = 1;
    #####:  340:         png_ptr->transformations &= ~PNG_ENCODE_ALPHA;
    #####:  341:         png_ptr->flags |= PNG_FLAG_OPTIMIZE_ALPHA;
        -:  342:         /* output_gamma records the encoding of opaque pixels! */
    #####:  343:         break;
        -:  344:
    #####:  345:      case PNG_ALPHA_BROKEN:     /* associated, non-linear, alpha encoded */
    #####:  346:         compose = 1;
    #####:  347:         png_ptr->transformations |= PNG_ENCODE_ALPHA;
    #####:  348:         png_ptr->flags &= ~PNG_FLAG_OPTIMIZE_ALPHA;
    #####:  349:         break;
        -:  350:
    #####:  351:      default:
    #####:  352:         png_error(png_ptr, "invalid alpha mode");
        -:  353:   }
        -:  354:
        -:  355:   /* Only set the default gamma if the file gamma has not been set (this has
        -:  356:    * the side effect that the gamma in a second call to png_set_alpha_mode will
        -:  357:    * be ignored.)
        -:  358:    */
    #####:  359:   if (png_ptr->colorspace.gamma == 0)
        -:  360:   {
    #####:  361:      png_ptr->colorspace.gamma = file_gamma;
    #####:  362:      png_ptr->colorspace.flags |= PNG_COLORSPACE_HAVE_GAMMA;
        -:  363:   }
        -:  364:
        -:  365:   /* But always set the output gamma: */
    #####:  366:   png_ptr->screen_gamma = output_gamma;
        -:  367:
        -:  368:   /* Finally, if pre-multiplying, set the background fields to achieve the
        -:  369:    * desired result.
        -:  370:    */
    #####:  371:   if (compose != 0)
        -:  372:   {
        -:  373:      /* And obtain alpha pre-multiplication by composing on black: */
    #####:  374:      memset(&png_ptr->background, 0, (sizeof png_ptr->background));
    #####:  375:      png_ptr->background_gamma = png_ptr->colorspace.gamma; /* just in case */
    #####:  376:      png_ptr->background_gamma_type = PNG_BACKGROUND_GAMMA_FILE;
    #####:  377:      png_ptr->transformations &= ~PNG_BACKGROUND_EXPAND;
        -:  378:
    #####:  379:      if ((png_ptr->transformations & PNG_COMPOSE) != 0)
    #####:  380:         png_error(png_ptr,
        -:  381:             "conflicting calls to set alpha mode and background");
        -:  382:
    #####:  383:      png_ptr->transformations |= PNG_COMPOSE;
        -:  384:   }
        -:  385:}
        -:  386:
        -:  387:#  ifdef PNG_FLOATING_POINT_SUPPORTED
        -:  388:void PNGAPI
    #####:  389:png_set_alpha_mode(png_structrp png_ptr, int mode, double output_gamma)
        -:  390:{
    #####:  391:   png_set_alpha_mode_fixed(png_ptr, mode, convert_gamma_value(png_ptr,
        -:  392:       output_gamma));
    #####:  393:}
        -:  394:#  endif
        -:  395:#endif
        -:  396:
        -:  397:#ifdef PNG_READ_QUANTIZE_SUPPORTED
        -:  398:/* Dither file to 8-bit.  Supply a palette, the current number
        -:  399: * of elements in the palette, the maximum number of elements
        -:  400: * allowed, and a histogram if possible.  If the current number
        -:  401: * of colors is greater than the maximum number, the palette will be
        -:  402: * modified to fit in the maximum number.  "full_quantize" indicates
        -:  403: * whether we need a quantizing cube set up for RGB images, or if we
        -:  404: * simply are reducing the number of colors in a paletted image.
        -:  405: */
        -:  406:
        -:  407:typedef struct png_dsort_struct
        -:  408:{
        -:  409:   struct png_dsort_struct * next;
        -:  410:   png_byte left;
        -:  411:   png_byte right;
        -:  412:} png_dsort;
        -:  413:typedef png_dsort *   png_dsortp;
        -:  414:typedef png_dsort * * png_dsortpp;
        -:  415:
        -:  416:void PNGAPI
    #####:  417:png_set_quantize(png_structrp png_ptr, png_colorp palette,
        -:  418:    int num_palette, int maximum_colors, png_const_uint_16p histogram,
        -:  419:    int full_quantize)
        -:  420:{
        -:  421:   png_debug(1, "in png_set_quantize");
        -:  422:
    #####:  423:   if (png_rtran_ok(png_ptr, 0) == 0)
    #####:  424:      return;
        -:  425:
    #####:  426:   png_ptr->transformations |= PNG_QUANTIZE;
        -:  427:
    #####:  428:   if (full_quantize == 0)
        -:  429:   {
        -:  430:      int i;
        -:  431:
    #####:  432:      png_ptr->quantize_index = (png_bytep)png_malloc(png_ptr,
    #####:  433:          (png_alloc_size_t)((png_uint_32)num_palette * (sizeof (png_byte))));
    #####:  434:      for (i = 0; i < num_palette; i++)
    #####:  435:         png_ptr->quantize_index[i] = (png_byte)i;
        -:  436:   }
        -:  437:
    #####:  438:   if (num_palette > maximum_colors)
        -:  439:   {
    #####:  440:      if (histogram != NULL)
        -:  441:      {
        -:  442:         /* This is easy enough, just throw out the least used colors.
        -:  443:          * Perhaps not the best solution, but good enough.
        -:  444:          */
        -:  445:
        -:  446:         int i;
        -:  447:
        -:  448:         /* Initialize an array to sort colors */
    #####:  449:         png_ptr->quantize_sort = (png_bytep)png_malloc(png_ptr,
    #####:  450:             (png_alloc_size_t)((png_uint_32)num_palette * (sizeof (png_byte))));
        -:  451:
        -:  452:         /* Initialize the quantize_sort array */
    #####:  453:         for (i = 0; i < num_palette; i++)
    #####:  454:            png_ptr->quantize_sort[i] = (png_byte)i;
        -:  455:
        -:  456:         /* Find the least used palette entries by starting a
        -:  457:          * bubble sort, and running it until we have sorted
        -:  458:          * out enough colors.  Note that we don't care about
        -:  459:          * sorting all the colors, just finding which are
        -:  460:          * least used.
        -:  461:          */
        -:  462:
    #####:  463:         for (i = num_palette - 1; i >= maximum_colors; i--)
        -:  464:         {
        -:  465:            int done; /* To stop early if the list is pre-sorted */
        -:  466:            int j;
        -:  467:
    #####:  468:            done = 1;
    #####:  469:            for (j = 0; j < i; j++)
        -:  470:            {
    #####:  471:               if (histogram[png_ptr->quantize_sort[j]]
    #####:  472:                   < histogram[png_ptr->quantize_sort[j + 1]])
        -:  473:               {
        -:  474:                  png_byte t;
        -:  475:
    #####:  476:                  t = png_ptr->quantize_sort[j];
    #####:  477:                  png_ptr->quantize_sort[j] = png_ptr->quantize_sort[j + 1];
    #####:  478:                  png_ptr->quantize_sort[j + 1] = t;
    #####:  479:                  done = 0;
        -:  480:               }
        -:  481:            }
        -:  482:
    #####:  483:            if (done != 0)
    #####:  484:               break;
        -:  485:         }
        -:  486:
        -:  487:         /* Swap the palette around, and set up a table, if necessary */
    #####:  488:         if (full_quantize != 0)
        -:  489:         {
    #####:  490:            int j = num_palette;
        -:  491:
        -:  492:            /* Put all the useful colors within the max, but don't
        -:  493:             * move the others.
        -:  494:             */
    #####:  495:            for (i = 0; i < maximum_colors; i++)
        -:  496:            {
    #####:  497:               if ((int)png_ptr->quantize_sort[i] >= maximum_colors)
        -:  498:               {
        -:  499:                  do
    #####:  500:                     j--;
    #####:  501:                  while ((int)png_ptr->quantize_sort[j] >= maximum_colors);
        -:  502:
    #####:  503:                  palette[i] = palette[j];
        -:  504:               }
        -:  505:            }
        -:  506:         }
        -:  507:         else
        -:  508:         {
    #####:  509:            int j = num_palette;
        -:  510:
        -:  511:            /* Move all the used colors inside the max limit, and
        -:  512:             * develop a translation table.
        -:  513:             */
    #####:  514:            for (i = 0; i < maximum_colors; i++)
        -:  515:            {
        -:  516:               /* Only move the colors we need to */
    #####:  517:               if ((int)png_ptr->quantize_sort[i] >= maximum_colors)
        -:  518:               {
        -:  519:                  png_color tmp_color;
        -:  520:
        -:  521:                  do
    #####:  522:                     j--;
    #####:  523:                  while ((int)png_ptr->quantize_sort[j] >= maximum_colors);
        -:  524:
    #####:  525:                  tmp_color = palette[j];
    #####:  526:                  palette[j] = palette[i];
    #####:  527:                  palette[i] = tmp_color;
        -:  528:                  /* Indicate where the color went */
    #####:  529:                  png_ptr->quantize_index[j] = (png_byte)i;
    #####:  530:                  png_ptr->quantize_index[i] = (png_byte)j;
        -:  531:               }
        -:  532:            }
        -:  533:
        -:  534:            /* Find closest color for those colors we are not using */
    #####:  535:            for (i = 0; i < num_palette; i++)
        -:  536:            {
    #####:  537:               if ((int)png_ptr->quantize_index[i] >= maximum_colors)
        -:  538:               {
        -:  539:                  int min_d, k, min_k, d_index;
        -:  540:
        -:  541:                  /* Find the closest color to one we threw out */
    #####:  542:                  d_index = png_ptr->quantize_index[i];
    #####:  543:                  min_d = PNG_COLOR_DIST(palette[d_index], palette[0]);
    #####:  544:                  for (k = 1, min_k = 0; k < maximum_colors; k++)
        -:  545:                  {
        -:  546:                     int d;
        -:  547:
    #####:  548:                     d = PNG_COLOR_DIST(palette[d_index], palette[k]);
        -:  549:
    #####:  550:                     if (d < min_d)
        -:  551:                     {
    #####:  552:                        min_d = d;
    #####:  553:                        min_k = k;
        -:  554:                     }
        -:  555:                  }
        -:  556:                  /* Point to closest color */
    #####:  557:                  png_ptr->quantize_index[i] = (png_byte)min_k;
        -:  558:               }
        -:  559:            }
        -:  560:         }
    #####:  561:         png_free(png_ptr, png_ptr->quantize_sort);
    #####:  562:         png_ptr->quantize_sort = NULL;
        -:  563:      }
        -:  564:      else
        -:  565:      {
        -:  566:         /* This is much harder to do simply (and quickly).  Perhaps
        -:  567:          * we need to go through a median cut routine, but those
        -:  568:          * don't always behave themselves with only a few colors
        -:  569:          * as input.  So we will just find the closest two colors,
        -:  570:          * and throw out one of them (chosen somewhat randomly).
        -:  571:          * [We don't understand this at all, so if someone wants to
        -:  572:          *  work on improving it, be our guest - AED, GRP]
        -:  573:          */
        -:  574:         int i;
        -:  575:         int max_d;
        -:  576:         int num_new_palette;
        -:  577:         png_dsortp t;
        -:  578:         png_dsortpp hash;
        -:  579:
    #####:  580:         t = NULL;
        -:  581:
        -:  582:         /* Initialize palette index arrays */
    #####:  583:         png_ptr->index_to_palette = (png_bytep)png_malloc(png_ptr,
    #####:  584:             (png_alloc_size_t)((png_uint_32)num_palette *
        -:  585:             (sizeof (png_byte))));
    #####:  586:         png_ptr->palette_to_index = (png_bytep)png_malloc(png_ptr,
    #####:  587:             (png_alloc_size_t)((png_uint_32)num_palette *
        -:  588:             (sizeof (png_byte))));
        -:  589:
        -:  590:         /* Initialize the sort array */
    #####:  591:         for (i = 0; i < num_palette; i++)
        -:  592:         {
    #####:  593:            png_ptr->index_to_palette[i] = (png_byte)i;
    #####:  594:            png_ptr->palette_to_index[i] = (png_byte)i;
        -:  595:         }
        -:  596:
    #####:  597:         hash = (png_dsortpp)png_calloc(png_ptr, (png_alloc_size_t)(769 *
        -:  598:             (sizeof (png_dsortp))));
        -:  599:
    #####:  600:         num_new_palette = num_palette;
        -:  601:
        -:  602:         /* Initial wild guess at how far apart the farthest pixel
        -:  603:          * pair we will be eliminating will be.  Larger
        -:  604:          * numbers mean more areas will be allocated, Smaller
        -:  605:          * numbers run the risk of not saving enough data, and
        -:  606:          * having to do this all over again.
        -:  607:          *
        -:  608:          * I have not done extensive checking on this number.
        -:  609:          */
    #####:  610:         max_d = 96;
        -:  611:
    #####:  612:         while (num_new_palette > maximum_colors)
        -:  613:         {
    #####:  614:            for (i = 0; i < num_new_palette - 1; i++)
        -:  615:            {
        -:  616:               int j;
        -:  617:
    #####:  618:               for (j = i + 1; j < num_new_palette; j++)
        -:  619:               {
        -:  620:                  int d;
        -:  621:
    #####:  622:                  d = PNG_COLOR_DIST(palette[i], palette[j]);
        -:  623:
    #####:  624:                  if (d <= max_d)
        -:  625:                  {
        -:  626:
    #####:  627:                     t = (png_dsortp)png_malloc_warn(png_ptr,
        -:  628:                         (png_alloc_size_t)(sizeof (png_dsort)));
        -:  629:
    #####:  630:                     if (t == NULL)
    #####:  631:                         break;
        -:  632:
    #####:  633:                     t->next = hash[d];
    #####:  634:                     t->left = (png_byte)i;
    #####:  635:                     t->right = (png_byte)j;
    #####:  636:                     hash[d] = t;
        -:  637:                  }
        -:  638:               }
    #####:  639:               if (t == NULL)
    #####:  640:                  break;
        -:  641:            }
        -:  642:
    #####:  643:            if (t != NULL)
    #####:  644:            for (i = 0; i <= max_d; i++)
        -:  645:            {
    #####:  646:               if (hash[i] != NULL)
        -:  647:               {
        -:  648:                  png_dsortp p;
        -:  649:
    #####:  650:                  for (p = hash[i]; p; p = p->next)
        -:  651:                  {
    #####:  652:                     if ((int)png_ptr->index_to_palette[p->left]
    #####:  653:                         < num_new_palette &&
    #####:  654:                         (int)png_ptr->index_to_palette[p->right]
        -:  655:                         < num_new_palette)
        -:  656:                     {
        -:  657:                        int j, next_j;
        -:  658:
    #####:  659:                        if (num_new_palette & 0x01)
        -:  660:                        {
    #####:  661:                           j = p->left;
    #####:  662:                           next_j = p->right;
        -:  663:                        }
        -:  664:                        else
        -:  665:                        {
    #####:  666:                           j = p->right;
    #####:  667:                           next_j = p->left;
        -:  668:                        }
        -:  669:
    #####:  670:                        num_new_palette--;
    #####:  671:                        palette[png_ptr->index_to_palette[j]]
    #####:  672:                            = palette[num_new_palette];
    #####:  673:                        if (full_quantize == 0)
        -:  674:                        {
        -:  675:                           int k;
        -:  676:
    #####:  677:                           for (k = 0; k < num_palette; k++)
        -:  678:                           {
    #####:  679:                              if (png_ptr->quantize_index[k] ==
    #####:  680:                                  png_ptr->index_to_palette[j])
    #####:  681:                                 png_ptr->quantize_index[k] =
    #####:  682:                                     png_ptr->index_to_palette[next_j];
        -:  683:
    #####:  684:                              if ((int)png_ptr->quantize_index[k] ==
        -:  685:                                  num_new_palette)
    #####:  686:                                 png_ptr->quantize_index[k] =
    #####:  687:                                     png_ptr->index_to_palette[j];
        -:  688:                           }
        -:  689:                        }
        -:  690:
    #####:  691:                        png_ptr->index_to_palette[png_ptr->palette_to_index
    #####:  692:                            [num_new_palette]] = png_ptr->index_to_palette[j];
        -:  693:
    #####:  694:                        png_ptr->palette_to_index[png_ptr->index_to_palette[j]]
    #####:  695:                            = png_ptr->palette_to_index[num_new_palette];
        -:  696:
    #####:  697:                        png_ptr->index_to_palette[j] =
    #####:  698:                            (png_byte)num_new_palette;
        -:  699:
    #####:  700:                        png_ptr->palette_to_index[num_new_palette] =
    #####:  701:                            (png_byte)j;
        -:  702:                     }
    #####:  703:                     if (num_new_palette <= maximum_colors)
    #####:  704:                        break;
        -:  705:                  }
    #####:  706:                  if (num_new_palette <= maximum_colors)
    #####:  707:                     break;
        -:  708:               }
        -:  709:            }
        -:  710:
    #####:  711:            for (i = 0; i < 769; i++)
        -:  712:            {
    #####:  713:               if (hash[i] != NULL)
        -:  714:               {
    #####:  715:                  png_dsortp p = hash[i];
    #####:  716:                  while (p)
        -:  717:                  {
    #####:  718:                     t = p->next;
    #####:  719:                     png_free(png_ptr, p);
    #####:  720:                     p = t;
        -:  721:                  }
        -:  722:               }
    #####:  723:               hash[i] = 0;
        -:  724:            }
    #####:  725:            max_d += 96;
        -:  726:         }
    #####:  727:         png_free(png_ptr, hash);
    #####:  728:         png_free(png_ptr, png_ptr->palette_to_index);
    #####:  729:         png_free(png_ptr, png_ptr->index_to_palette);
    #####:  730:         png_ptr->palette_to_index = NULL;
    #####:  731:         png_ptr->index_to_palette = NULL;
        -:  732:      }
    #####:  733:      num_palette = maximum_colors;
        -:  734:   }
    #####:  735:   if (png_ptr->palette == NULL)
        -:  736:   {
    #####:  737:      png_ptr->palette = palette;
        -:  738:   }
    #####:  739:   png_ptr->num_palette = (png_uint_16)num_palette;
        -:  740:
    #####:  741:   if (full_quantize != 0)
        -:  742:   {
        -:  743:      int i;
        -:  744:      png_bytep distance;
    #####:  745:      int total_bits = PNG_QUANTIZE_RED_BITS + PNG_QUANTIZE_GREEN_BITS +
        -:  746:          PNG_QUANTIZE_BLUE_BITS;
    #####:  747:      int num_red = (1 << PNG_QUANTIZE_RED_BITS);
    #####:  748:      int num_green = (1 << PNG_QUANTIZE_GREEN_BITS);
    #####:  749:      int num_blue = (1 << PNG_QUANTIZE_BLUE_BITS);
    #####:  750:      png_size_t num_entries = ((png_size_t)1 << total_bits);
        -:  751:
    #####:  752:      png_ptr->palette_lookup = (png_bytep)png_calloc(png_ptr,
        -:  753:          (png_alloc_size_t)(num_entries * (sizeof (png_byte))));
        -:  754:
    #####:  755:      distance = (png_bytep)png_malloc(png_ptr, (png_alloc_size_t)(num_entries *
        -:  756:          (sizeof (png_byte))));
        -:  757:
    #####:  758:      memset(distance, 0xff, num_entries * (sizeof (png_byte)));
        -:  759:
    #####:  760:      for (i = 0; i < num_palette; i++)
        -:  761:      {
        -:  762:         int ir, ig, ib;
    #####:  763:         int r = (palette[i].red >> (8 - PNG_QUANTIZE_RED_BITS));
    #####:  764:         int g = (palette[i].green >> (8 - PNG_QUANTIZE_GREEN_BITS));
    #####:  765:         int b = (palette[i].blue >> (8 - PNG_QUANTIZE_BLUE_BITS));
        -:  766:
    #####:  767:         for (ir = 0; ir < num_red; ir++)
        -:  768:         {
        -:  769:            /* int dr = abs(ir - r); */
    #####:  770:            int dr = ((ir > r) ? ir - r : r - ir);
    #####:  771:            int index_r = (ir << (PNG_QUANTIZE_BLUE_BITS +
        -:  772:                PNG_QUANTIZE_GREEN_BITS));
        -:  773:
    #####:  774:            for (ig = 0; ig < num_green; ig++)
        -:  775:            {
        -:  776:               /* int dg = abs(ig - g); */
    #####:  777:               int dg = ((ig > g) ? ig - g : g - ig);
    #####:  778:               int dt = dr + dg;
    #####:  779:               int dm = ((dr > dg) ? dr : dg);
    #####:  780:               int index_g = index_r | (ig << PNG_QUANTIZE_BLUE_BITS);
        -:  781:
    #####:  782:               for (ib = 0; ib < num_blue; ib++)
        -:  783:               {
    #####:  784:                  int d_index = index_g | ib;
        -:  785:                  /* int db = abs(ib - b); */
    #####:  786:                  int db = ((ib > b) ? ib - b : b - ib);
    #####:  787:                  int dmax = ((dm > db) ? dm : db);
    #####:  788:                  int d = dmax + dt + db;
        -:  789:
    #####:  790:                  if (d < (int)distance[d_index])
        -:  791:                  {
    #####:  792:                     distance[d_index] = (png_byte)d;
    #####:  793:                     png_ptr->palette_lookup[d_index] = (png_byte)i;
        -:  794:                  }
        -:  795:               }
        -:  796:            }
        -:  797:         }
        -:  798:      }
        -:  799:
    #####:  800:      png_free(png_ptr, distance);
        -:  801:   }
        -:  802:}
        -:  803:#endif /* READ_QUANTIZE */
        -:  804:
        -:  805:#ifdef PNG_READ_GAMMA_SUPPORTED
        -:  806:void PNGFAPI
    #####:  807:png_set_gamma_fixed(png_structrp png_ptr, png_fixed_point scrn_gamma,
        -:  808:    png_fixed_point file_gamma)
        -:  809:{
        -:  810:   png_debug(1, "in png_set_gamma_fixed");
        -:  811:
    #####:  812:   if (png_rtran_ok(png_ptr, 0) == 0)
    #####:  813:      return;
        -:  814:
        -:  815:   /* New in libpng-1.5.4 - reserve particular negative values as flags. */
    #####:  816:   scrn_gamma = translate_gamma_flags(png_ptr, scrn_gamma, 1/*screen*/);
    #####:  817:   file_gamma = translate_gamma_flags(png_ptr, file_gamma, 0/*file*/);
        -:  818:
        -:  819:   /* Checking the gamma values for being >0 was added in 1.5.4 along with the
        -:  820:    * premultiplied alpha support; this actually hides an undocumented feature
        -:  821:    * of the previous implementation which allowed gamma processing to be
        -:  822:    * disabled in background handling.  There is no evidence (so far) that this
        -:  823:    * was being used; however, png_set_background itself accepted and must still
        -:  824:    * accept '0' for the gamma value it takes, because it isn't always used.
        -:  825:    *
        -:  826:    * Since this is an API change (albeit a very minor one that removes an
        -:  827:    * undocumented API feature) the following checks were only enabled in
        -:  828:    * libpng-1.6.0.
        -:  829:    */
    #####:  830:   if (file_gamma <= 0)
    #####:  831:      png_error(png_ptr, "invalid file gamma in png_set_gamma");
        -:  832:
    #####:  833:   if (scrn_gamma <= 0)
    #####:  834:      png_error(png_ptr, "invalid screen gamma in png_set_gamma");
        -:  835:
        -:  836:   /* Set the gamma values unconditionally - this overrides the value in the PNG
        -:  837:    * file if a gAMA chunk was present.  png_set_alpha_mode provides a
        -:  838:    * different, easier, way to default the file gamma.
        -:  839:    */
    #####:  840:   png_ptr->colorspace.gamma = file_gamma;
    #####:  841:   png_ptr->colorspace.flags |= PNG_COLORSPACE_HAVE_GAMMA;
    #####:  842:   png_ptr->screen_gamma = scrn_gamma;
        -:  843:}
        -:  844:
        -:  845:#  ifdef PNG_FLOATING_POINT_SUPPORTED
        -:  846:void PNGAPI
    #####:  847:png_set_gamma(png_structrp png_ptr, double scrn_gamma, double file_gamma)
        -:  848:{
    #####:  849:   png_set_gamma_fixed(png_ptr, convert_gamma_value(png_ptr, scrn_gamma),
        -:  850:       convert_gamma_value(png_ptr, file_gamma));
    #####:  851:}
        -:  852:#  endif /* FLOATING_POINT */
        -:  853:#endif /* READ_GAMMA */
        -:  854:
        -:  855:#ifdef PNG_READ_EXPAND_SUPPORTED
        -:  856:/* Expand paletted images to RGB, expand grayscale images of
        -:  857: * less than 8-bit depth to 8-bit depth, and expand tRNS chunks
        -:  858: * to alpha channels.
        -:  859: */
        -:  860:void PNGAPI
    #####:  861:png_set_expand(png_structrp png_ptr)
        -:  862:{
        -:  863:   png_debug(1, "in png_set_expand");
        -:  864:
    #####:  865:   if (png_rtran_ok(png_ptr, 0) == 0)
    #####:  866:      return;
        -:  867:
    #####:  868:   png_ptr->transformations |= (PNG_EXPAND | PNG_EXPAND_tRNS);
        -:  869:}
        -:  870:
        -:  871:/* GRR 19990627:  the following three functions currently are identical
        -:  872: *  to png_set_expand().  However, it is entirely reasonable that someone
        -:  873: *  might wish to expand an indexed image to RGB but *not* expand a single,
        -:  874: *  fully transparent palette entry to a full alpha channel--perhaps instead
        -:  875: *  convert tRNS to the grayscale/RGB format (16-bit RGB value), or replace
        -:  876: *  the transparent color with a particular RGB value, or drop tRNS entirely.
        -:  877: *  IOW, a future version of the library may make the transformations flag
        -:  878: *  a bit more fine-grained, with separate bits for each of these three
        -:  879: *  functions.
        -:  880: *
        -:  881: *  More to the point, these functions make it obvious what libpng will be
        -:  882: *  doing, whereas "expand" can (and does) mean any number of things.
        -:  883: *
        -:  884: *  GRP 20060307: In libpng-1.2.9, png_set_gray_1_2_4_to_8() was modified
        -:  885: *  to expand only the sample depth but not to expand the tRNS to alpha
        -:  886: *  and its name was changed to png_set_expand_gray_1_2_4_to_8().
        -:  887: */
        -:  888:
        -:  889:/* Expand paletted images to RGB. */
        -:  890:void PNGAPI
    #####:  891:png_set_palette_to_rgb(png_structrp png_ptr)
        -:  892:{
        -:  893:   png_debug(1, "in png_set_palette_to_rgb");
        -:  894:
    #####:  895:   if (png_rtran_ok(png_ptr, 0) == 0)
    #####:  896:      return;
        -:  897:
    #####:  898:   png_ptr->transformations |= (PNG_EXPAND | PNG_EXPAND_tRNS);
        -:  899:}
        -:  900:
        -:  901:/* Expand grayscale images of less than 8-bit depth to 8 bits. */
        -:  902:void PNGAPI
    #####:  903:png_set_expand_gray_1_2_4_to_8(png_structrp png_ptr)
        -:  904:{
        -:  905:   png_debug(1, "in png_set_expand_gray_1_2_4_to_8");
        -:  906:
    #####:  907:   if (png_rtran_ok(png_ptr, 0) == 0)
    #####:  908:      return;
        -:  909:
    #####:  910:   png_ptr->transformations |= PNG_EXPAND;
        -:  911:}
        -:  912:
        -:  913:/* Expand tRNS chunks to alpha channels. */
        -:  914:void PNGAPI
    #####:  915:png_set_tRNS_to_alpha(png_structrp png_ptr)
        -:  916:{
        -:  917:   png_debug(1, "in png_set_tRNS_to_alpha");
        -:  918:
    #####:  919:   if (png_rtran_ok(png_ptr, 0) == 0)
    #####:  920:      return;
        -:  921:
    #####:  922:   png_ptr->transformations |= (PNG_EXPAND | PNG_EXPAND_tRNS);
        -:  923:}
        -:  924:#endif /* READ_EXPAND */
        -:  925:
        -:  926:#ifdef PNG_READ_EXPAND_16_SUPPORTED
        -:  927:/* Expand to 16-bit channels, expand the tRNS chunk too (because otherwise
        -:  928: * it may not work correctly.)
        -:  929: */
        -:  930:void PNGAPI
    #####:  931:png_set_expand_16(png_structrp png_ptr)
        -:  932:{
        -:  933:   png_debug(1, "in png_set_expand_16");
        -:  934:
    #####:  935:   if (png_rtran_ok(png_ptr, 0) == 0)
    #####:  936:      return;
        -:  937:
    #####:  938:   png_ptr->transformations |= (PNG_EXPAND_16 | PNG_EXPAND | PNG_EXPAND_tRNS);
        -:  939:}
        -:  940:#endif
        -:  941:
        -:  942:#ifdef PNG_READ_GRAY_TO_RGB_SUPPORTED
        -:  943:void PNGAPI
    #####:  944:png_set_gray_to_rgb(png_structrp png_ptr)
        -:  945:{
        -:  946:   png_debug(1, "in png_set_gray_to_rgb");
        -:  947:
    #####:  948:   if (png_rtran_ok(png_ptr, 0) == 0)
    #####:  949:      return;
        -:  950:
        -:  951:   /* Because rgb must be 8 bits or more: */
    #####:  952:   png_set_expand_gray_1_2_4_to_8(png_ptr);
    #####:  953:   png_ptr->transformations |= PNG_GRAY_TO_RGB;
        -:  954:}
        -:  955:#endif
        -:  956:
        -:  957:#ifdef PNG_READ_RGB_TO_GRAY_SUPPORTED
        -:  958:void PNGFAPI
    #####:  959:png_set_rgb_to_gray_fixed(png_structrp png_ptr, int error_action,
        -:  960:    png_fixed_point red, png_fixed_point green)
        -:  961:{
        -:  962:   png_debug(1, "in png_set_rgb_to_gray");
        -:  963:
        -:  964:   /* Need the IHDR here because of the check on color_type below. */
        -:  965:   /* TODO: fix this */
    #####:  966:   if (png_rtran_ok(png_ptr, 1) == 0)
    #####:  967:      return;
        -:  968:
    #####:  969:   switch (error_action)
        -:  970:   {
    #####:  971:      case PNG_ERROR_ACTION_NONE:
    #####:  972:         png_ptr->transformations |= PNG_RGB_TO_GRAY;
    #####:  973:         break;
        -:  974:
    #####:  975:      case PNG_ERROR_ACTION_WARN:
    #####:  976:         png_ptr->transformations |= PNG_RGB_TO_GRAY_WARN;
    #####:  977:         break;
        -:  978:
    #####:  979:      case PNG_ERROR_ACTION_ERROR:
    #####:  980:         png_ptr->transformations |= PNG_RGB_TO_GRAY_ERR;
    #####:  981:         break;
        -:  982:
    #####:  983:      default:
    #####:  984:         png_error(png_ptr, "invalid error action to rgb_to_gray");
        -:  985:   }
        -:  986:
    #####:  987:   if (png_ptr->color_type == PNG_COLOR_TYPE_PALETTE)
        -:  988:#ifdef PNG_READ_EXPAND_SUPPORTED
    #####:  989:      png_ptr->transformations |= PNG_EXPAND;
        -:  990:#else
        -:  991:   {
        -:  992:      /* Make this an error in 1.6 because otherwise the application may assume
        -:  993:       * that it just worked and get a memory overwrite.
        -:  994:       */
        -:  995:      png_error(png_ptr,
        -:  996:          "Cannot do RGB_TO_GRAY without EXPAND_SUPPORTED");
        -:  997:
        -:  998:      /* png_ptr->transformations &= ~PNG_RGB_TO_GRAY; */
        -:  999:   }
        -: 1000:#endif
        -: 1001:   {
    #####: 1002:      if (red >= 0 && green >= 0 && red + green <= PNG_FP_1)
    #####: 1003:      {
        -: 1004:         png_uint_16 red_int, green_int;
        -: 1005:
        -: 1006:         /* NOTE: this calculation does not round, but this behavior is retained
        -: 1007:          * for consistency; the inaccuracy is very small.  The code here always
        -: 1008:          * overwrites the coefficients, regardless of whether they have been
        -: 1009:          * defaulted or set already.
        -: 1010:          */
    #####: 1011:         red_int = (png_uint_16)(((png_uint_32)red*32768)/100000);
    #####: 1012:         green_int = (png_uint_16)(((png_uint_32)green*32768)/100000);
        -: 1013:
    #####: 1014:         png_ptr->rgb_to_gray_red_coeff   = red_int;
    #####: 1015:         png_ptr->rgb_to_gray_green_coeff = green_int;
    #####: 1016:         png_ptr->rgb_to_gray_coefficients_set = 1;
        -: 1017:      }
        -: 1018:
        -: 1019:      else
        -: 1020:      {
    #####: 1021:         if (red >= 0 && green >= 0)
    #####: 1022:            png_app_warning(png_ptr,
        -: 1023:                "ignoring out of range rgb_to_gray coefficients");
        -: 1024:
        -: 1025:         /* Use the defaults, from the cHRM chunk if set, else the historical
        -: 1026:          * values which are close to the sRGB/HDTV/ITU-Rec 709 values.  See
        -: 1027:          * png_do_rgb_to_gray for more discussion of the values.  In this case
        -: 1028:          * the coefficients are not marked as 'set' and are not overwritten if
        -: 1029:          * something has already provided a default.
        -: 1030:          */
    #####: 1031:         if (png_ptr->rgb_to_gray_red_coeff == 0 &&
    #####: 1032:             png_ptr->rgb_to_gray_green_coeff == 0)
        -: 1033:         {
    #####: 1034:            png_ptr->rgb_to_gray_red_coeff   = 6968;
    #####: 1035:            png_ptr->rgb_to_gray_green_coeff = 23434;
        -: 1036:            /* png_ptr->rgb_to_gray_blue_coeff  = 2366; */
        -: 1037:         }
        -: 1038:      }
        -: 1039:   }
        -: 1040:}
        -: 1041:
        -: 1042:#ifdef PNG_FLOATING_POINT_SUPPORTED
        -: 1043:/* Convert a RGB image to a grayscale of the same width.  This allows us,
        -: 1044: * for example, to convert a 24 bpp RGB image into an 8 bpp grayscale image.
        -: 1045: */
        -: 1046:
        -: 1047:void PNGAPI
    #####: 1048:png_set_rgb_to_gray(png_structrp png_ptr, int error_action, double red,
        -: 1049:    double green)
        -: 1050:{
    #####: 1051:   png_set_rgb_to_gray_fixed(png_ptr, error_action,
        -: 1052:       png_fixed(png_ptr, red, "rgb to gray red coefficient"),
        -: 1053:      png_fixed(png_ptr, green, "rgb to gray green coefficient"));
    #####: 1054:}
        -: 1055:#endif /* FLOATING POINT */
        -: 1056:
        -: 1057:#endif /* RGB_TO_GRAY */
        -: 1058:
        -: 1059:#if defined(PNG_READ_USER_TRANSFORM_SUPPORTED) || \
        -: 1060:    defined(PNG_WRITE_USER_TRANSFORM_SUPPORTED)
        -: 1061:void PNGAPI
        3: 1062:png_set_read_user_transform_fn(png_structrp png_ptr, png_user_transform_ptr
        -: 1063:    read_user_transform_fn)
        -: 1064:{
        -: 1065:   png_debug(1, "in png_set_read_user_transform_fn");
        -: 1066:
        -: 1067:#ifdef PNG_READ_USER_TRANSFORM_SUPPORTED
        3: 1068:   png_ptr->transformations |= PNG_USER_TRANSFORM;
        3: 1069:   png_ptr->read_user_transform_fn = read_user_transform_fn;
        -: 1070:#endif
        3: 1071:}
        -: 1072:#endif
        -: 1073:
        -: 1074:#ifdef PNG_READ_TRANSFORMS_SUPPORTED
        -: 1075:#ifdef PNG_READ_GAMMA_SUPPORTED
        -: 1076:/* In the case of gamma transformations only do transformations on images where
        -: 1077: * the [file] gamma and screen_gamma are not close reciprocals, otherwise it
        -: 1078: * slows things down slightly, and also needlessly introduces small errors.
        -: 1079: */
        -: 1080:static int /* PRIVATE */
    #####: 1081:png_gamma_threshold(png_fixed_point screen_gamma, png_fixed_point file_gamma)
        -: 1082:{
        -: 1083:   /* PNG_GAMMA_THRESHOLD is the threshold for performing gamma
        -: 1084:    * correction as a difference of the overall transform from 1.0
        -: 1085:    *
        -: 1086:    * We want to compare the threshold with s*f - 1, if we get
        -: 1087:    * overflow here it is because of wacky gamma values so we
        -: 1088:    * turn on processing anyway.
        -: 1089:    */
        -: 1090:   png_fixed_point gtest;
    #####: 1091:   return !png_muldiv(&gtest, screen_gamma, file_gamma, PNG_FP_1) ||
    #####: 1092:       png_gamma_significant(gtest);
        -: 1093:}
        -: 1094:#endif
        -: 1095:
        -: 1096:/* Initialize everything needed for the read.  This includes modifying
        -: 1097: * the palette.
        -: 1098: */
        -: 1099:
        -: 1100:/* For the moment 'png_init_palette_transformations' and
        -: 1101: * 'png_init_rgb_transformations' only do some flag canceling optimizations.
        -: 1102: * The intent is that these two routines should have palette or rgb operations
        -: 1103: * extracted from 'png_init_read_transformations'.
        -: 1104: */
        -: 1105:static void /* PRIVATE */
    #####: 1106:png_init_palette_transformations(png_structrp png_ptr)
        -: 1107:{
        -: 1108:   /* Called to handle the (input) palette case.  In png_do_read_transformations
        -: 1109:    * the first step is to expand the palette if requested, so this code must
        -: 1110:    * take care to only make changes that are invariant with respect to the
        -: 1111:    * palette expansion, or only do them if there is no expansion.
        -: 1112:    *
        -: 1113:    * STRIP_ALPHA has already been handled in the caller (by setting num_trans
        -: 1114:    * to 0.)
        -: 1115:    */
    #####: 1116:   int input_has_alpha = 0;
    #####: 1117:   int input_has_transparency = 0;
        -: 1118:
    #####: 1119:   if (png_ptr->num_trans > 0)
        -: 1120:   {
        -: 1121:      int i;
        -: 1122:
        -: 1123:      /* Ignore if all the entries are opaque (unlikely!) */
    #####: 1124:      for (i=0; i<png_ptr->num_trans; ++i)
        -: 1125:      {
    #####: 1126:         if (png_ptr->trans_alpha[i] == 255)
    #####: 1127:            continue;
    #####: 1128:         else if (png_ptr->trans_alpha[i] == 0)
    #####: 1129:            input_has_transparency = 1;
        -: 1130:         else
        -: 1131:         {
    #####: 1132:            input_has_transparency = 1;
    #####: 1133:            input_has_alpha = 1;
    #####: 1134:            break;
        -: 1135:         }
        -: 1136:      }
        -: 1137:   }
        -: 1138:
        -: 1139:   /* If no alpha we can optimize. */
    #####: 1140:   if (input_has_alpha == 0)
        -: 1141:   {
        -: 1142:      /* Any alpha means background and associative alpha processing is
        -: 1143:       * required, however if the alpha is 0 or 1 throughout OPTIMIZE_ALPHA
        -: 1144:       * and ENCODE_ALPHA are irrelevant.
        -: 1145:       */
    #####: 1146:      png_ptr->transformations &= ~PNG_ENCODE_ALPHA;
    #####: 1147:      png_ptr->flags &= ~PNG_FLAG_OPTIMIZE_ALPHA;
        -: 1148:
    #####: 1149:      if (input_has_transparency == 0)
    #####: 1150:         png_ptr->transformations &= ~(PNG_COMPOSE | PNG_BACKGROUND_EXPAND);
        -: 1151:   }
        -: 1152:
        -: 1153:#if defined(PNG_READ_EXPAND_SUPPORTED) && defined(PNG_READ_BACKGROUND_SUPPORTED)
        -: 1154:   /* png_set_background handling - deals with the complexity of whether the
        -: 1155:    * background color is in the file format or the screen format in the case
        -: 1156:    * where an 'expand' will happen.
        -: 1157:    */
        -: 1158:
        -: 1159:   /* The following code cannot be entered in the alpha pre-multiplication case
        -: 1160:    * because PNG_BACKGROUND_EXPAND is cancelled below.
        -: 1161:    */
    #####: 1162:   if ((png_ptr->transformations & PNG_BACKGROUND_EXPAND) != 0 &&
    #####: 1163:       (png_ptr->transformations & PNG_EXPAND) != 0)
        -: 1164:   {
        -: 1165:      {
    #####: 1166:         png_ptr->background.red   =
    #####: 1167:             png_ptr->palette[png_ptr->background.index].red;
    #####: 1168:         png_ptr->background.green =
    #####: 1169:             png_ptr->palette[png_ptr->background.index].green;
    #####: 1170:         png_ptr->background.blue  =
    #####: 1171:             png_ptr->palette[png_ptr->background.index].blue;
        -: 1172:
        -: 1173:#ifdef PNG_READ_INVERT_ALPHA_SUPPORTED
    #####: 1174:        if ((png_ptr->transformations & PNG_INVERT_ALPHA) != 0)
        -: 1175:        {
    #####: 1176:           if ((png_ptr->transformations & PNG_EXPAND_tRNS) == 0)
        -: 1177:           {
        -: 1178:              /* Invert the alpha channel (in tRNS) unless the pixels are
        -: 1179:               * going to be expanded, in which case leave it for later
        -: 1180:               */
    #####: 1181:              int i, istop = png_ptr->num_trans;
        -: 1182:
    #####: 1183:              for (i=0; i<istop; i++)
    #####: 1184:                 png_ptr->trans_alpha[i] = (png_byte)(255 -
    #####: 1185:                    png_ptr->trans_alpha[i]);
        -: 1186:           }
        -: 1187:        }
        -: 1188:#endif /* READ_INVERT_ALPHA */
        -: 1189:      }
        -: 1190:   } /* background expand and (therefore) no alpha association. */
        -: 1191:#endif /* READ_EXPAND && READ_BACKGROUND */
    #####: 1192:}
        -: 1193:
        -: 1194:static void /* PRIVATE */
    #####: 1195:png_init_rgb_transformations(png_structrp png_ptr)
        -: 1196:{
        -: 1197:   /* Added to libpng-1.5.4: check the color type to determine whether there
        -: 1198:    * is any alpha or transparency in the image and simply cancel the
        -: 1199:    * background and alpha mode stuff if there isn't.
        -: 1200:    */
    #####: 1201:   int input_has_alpha = (png_ptr->color_type & PNG_COLOR_MASK_ALPHA) != 0;
    #####: 1202:   int input_has_transparency = png_ptr->num_trans > 0;
        -: 1203:
        -: 1204:   /* If no alpha we can optimize. */
    #####: 1205:   if (input_has_alpha == 0)
        -: 1206:   {
        -: 1207:      /* Any alpha means background and associative alpha processing is
        -: 1208:       * required, however if the alpha is 0 or 1 throughout OPTIMIZE_ALPHA
        -: 1209:       * and ENCODE_ALPHA are irrelevant.
        -: 1210:       */
        -: 1211:#     ifdef PNG_READ_ALPHA_MODE_SUPPORTED
    #####: 1212:         png_ptr->transformations &= ~PNG_ENCODE_ALPHA;
    #####: 1213:         png_ptr->flags &= ~PNG_FLAG_OPTIMIZE_ALPHA;
        -: 1214:#     endif
        -: 1215:
    #####: 1216:      if (input_has_transparency == 0)
    #####: 1217:         png_ptr->transformations &= ~(PNG_COMPOSE | PNG_BACKGROUND_EXPAND);
        -: 1218:   }
        -: 1219:
        -: 1220:#if defined(PNG_READ_EXPAND_SUPPORTED) && defined(PNG_READ_BACKGROUND_SUPPORTED)
        -: 1221:   /* png_set_background handling - deals with the complexity of whether the
        -: 1222:    * background color is in the file format or the screen format in the case
        -: 1223:    * where an 'expand' will happen.
        -: 1224:    */
        -: 1225:
        -: 1226:   /* The following code cannot be entered in the alpha pre-multiplication case
        -: 1227:    * because PNG_BACKGROUND_EXPAND is cancelled below.
        -: 1228:    */
    #####: 1229:   if ((png_ptr->transformations & PNG_BACKGROUND_EXPAND) != 0 &&
    #####: 1230:       (png_ptr->transformations & PNG_EXPAND) != 0 &&
    #####: 1231:       (png_ptr->color_type & PNG_COLOR_MASK_COLOR) == 0)
        -: 1232:       /* i.e., GRAY or GRAY_ALPHA */
        -: 1233:   {
        -: 1234:      {
        -: 1235:         /* Expand background and tRNS chunks */
    #####: 1236:         int gray = png_ptr->background.gray;
    #####: 1237:         int trans_gray = png_ptr->trans_color.gray;
        -: 1238:
    #####: 1239:         switch (png_ptr->bit_depth)
        -: 1240:         {
    #####: 1241:            case 1:
    #####: 1242:               gray *= 0xff;
    #####: 1243:               trans_gray *= 0xff;
    #####: 1244:               break;
        -: 1245:
    #####: 1246:            case 2:
    #####: 1247:               gray *= 0x55;
    #####: 1248:               trans_gray *= 0x55;
    #####: 1249:               break;
        -: 1250:
    #####: 1251:            case 4:
    #####: 1252:               gray *= 0x11;
    #####: 1253:               trans_gray *= 0x11;
    #####: 1254:               break;
        -: 1255:
    #####: 1256:            default:
        -: 1257:
        -: 1258:            case 8:
        -: 1259:               /* FALLTHROUGH */ /*  (Already 8 bits) */
        -: 1260:
        -: 1261:            case 16:
        -: 1262:               /* Already a full 16 bits */
    #####: 1263:               break;
        -: 1264:         }
        -: 1265:
    #####: 1266:         png_ptr->background.red = png_ptr->background.green =
    #####: 1267:            png_ptr->background.blue = (png_uint_16)gray;
        -: 1268:
    #####: 1269:         if ((png_ptr->transformations & PNG_EXPAND_tRNS) == 0)
        -: 1270:         {
    #####: 1271:            png_ptr->trans_color.red = png_ptr->trans_color.green =
    #####: 1272:               png_ptr->trans_color.blue = (png_uint_16)trans_gray;
        -: 1273:         }
        -: 1274:      }
        -: 1275:   } /* background expand and (therefore) no alpha association. */
        -: 1276:#endif /* READ_EXPAND && READ_BACKGROUND */
    #####: 1277:}
        -: 1278:
        -: 1279:void /* PRIVATE */
    #####: 1280:png_init_read_transformations(png_structrp png_ptr)
        -: 1281:{
        -: 1282:   png_debug(1, "in png_init_read_transformations");
        -: 1283:
        -: 1284:   /* This internal function is called from png_read_start_row in pngrutil.c
        -: 1285:    * and it is called before the 'rowbytes' calculation is done, so the code
        -: 1286:    * in here can change or update the transformations flags.
        -: 1287:    *
        -: 1288:    * First do updates that do not depend on the details of the PNG image data
        -: 1289:    * being processed.
        -: 1290:    */
        -: 1291:
        -: 1292:#ifdef PNG_READ_GAMMA_SUPPORTED
        -: 1293:   /* Prior to 1.5.4 these tests were performed from png_set_gamma, 1.5.4 adds
        -: 1294:    * png_set_alpha_mode and this is another source for a default file gamma so
        -: 1295:    * the test needs to be performed later - here.  In addition prior to 1.5.4
        -: 1296:    * the tests were repeated for the PALETTE color type here - this is no
        -: 1297:    * longer necessary (and doesn't seem to have been necessary before.)
        -: 1298:    */
        -: 1299:   {
        -: 1300:      /* The following temporary indicates if overall gamma correction is
        -: 1301:       * required.
        -: 1302:       */
    #####: 1303:      int gamma_correction = 0;
        -: 1304:
    #####: 1305:      if (png_ptr->colorspace.gamma != 0) /* has been set */
        -: 1306:      {
    #####: 1307:         if (png_ptr->screen_gamma != 0) /* screen set too */
    #####: 1308:            gamma_correction = png_gamma_threshold(png_ptr->colorspace.gamma,
        -: 1309:                png_ptr->screen_gamma);
        -: 1310:
        -: 1311:         else
        -: 1312:            /* Assume the output matches the input; a long time default behavior
        -: 1313:             * of libpng, although the standard has nothing to say about this.
        -: 1314:             */
    #####: 1315:            png_ptr->screen_gamma = png_reciprocal(png_ptr->colorspace.gamma);
        -: 1316:      }
        -: 1317:
    #####: 1318:      else if (png_ptr->screen_gamma != 0)
        -: 1319:         /* The converse - assume the file matches the screen, note that this
        -: 1320:          * perhaps undesireable default can (from 1.5.4) be changed by calling
        -: 1321:          * png_set_alpha_mode (even if the alpha handling mode isn't required
        -: 1322:          * or isn't changed from the default.)
        -: 1323:          */
    #####: 1324:         png_ptr->colorspace.gamma = png_reciprocal(png_ptr->screen_gamma);
        -: 1325:
        -: 1326:      else /* neither are set */
        -: 1327:         /* Just in case the following prevents any processing - file and screen
        -: 1328:          * are both assumed to be linear and there is no way to introduce a
        -: 1329:          * third gamma value other than png_set_background with 'UNIQUE', and,
        -: 1330:          * prior to 1.5.4
        -: 1331:          */
    #####: 1332:         png_ptr->screen_gamma = png_ptr->colorspace.gamma = PNG_FP_1;
        -: 1333:
        -: 1334:      /* We have a gamma value now. */
    #####: 1335:      png_ptr->colorspace.flags |= PNG_COLORSPACE_HAVE_GAMMA;
        -: 1336:
        -: 1337:      /* Now turn the gamma transformation on or off as appropriate.  Notice
        -: 1338:       * that PNG_GAMMA just refers to the file->screen correction.  Alpha
        -: 1339:       * composition may independently cause gamma correction because it needs
        -: 1340:       * linear data (e.g. if the file has a gAMA chunk but the screen gamma
        -: 1341:       * hasn't been specified.)  In any case this flag may get turned off in
        -: 1342:       * the code immediately below if the transform can be handled outside the
        -: 1343:       * row loop.
        -: 1344:       */
    #####: 1345:      if (gamma_correction != 0)
    #####: 1346:         png_ptr->transformations |= PNG_GAMMA;
        -: 1347:
        -: 1348:      else
    #####: 1349:         png_ptr->transformations &= ~PNG_GAMMA;
        -: 1350:   }
        -: 1351:#endif
        -: 1352:
        -: 1353:   /* Certain transformations have the effect of preventing other
        -: 1354:    * transformations that happen afterward in png_do_read_transformations;
        -: 1355:    * resolve the interdependencies here.  From the code of
        -: 1356:    * png_do_read_transformations the order is:
        -: 1357:    *
        -: 1358:    *  1) PNG_EXPAND (including PNG_EXPAND_tRNS)
        -: 1359:    *  2) PNG_STRIP_ALPHA (if no compose)
        -: 1360:    *  3) PNG_RGB_TO_GRAY
        -: 1361:    *  4) PNG_GRAY_TO_RGB iff !PNG_BACKGROUND_IS_GRAY
        -: 1362:    *  5) PNG_COMPOSE
        -: 1363:    *  6) PNG_GAMMA
        -: 1364:    *  7) PNG_STRIP_ALPHA (if compose)
        -: 1365:    *  8) PNG_ENCODE_ALPHA
        -: 1366:    *  9) PNG_SCALE_16_TO_8
        -: 1367:    * 10) PNG_16_TO_8
        -: 1368:    * 11) PNG_QUANTIZE (converts to palette)
        -: 1369:    * 12) PNG_EXPAND_16
        -: 1370:    * 13) PNG_GRAY_TO_RGB iff PNG_BACKGROUND_IS_GRAY
        -: 1371:    * 14) PNG_INVERT_MONO
        -: 1372:    * 15) PNG_INVERT_ALPHA
        -: 1373:    * 16) PNG_SHIFT
        -: 1374:    * 17) PNG_PACK
        -: 1375:    * 18) PNG_BGR
        -: 1376:    * 19) PNG_PACKSWAP
        -: 1377:    * 20) PNG_FILLER (includes PNG_ADD_ALPHA)
        -: 1378:    * 21) PNG_SWAP_ALPHA
        -: 1379:    * 22) PNG_SWAP_BYTES
        -: 1380:    * 23) PNG_USER_TRANSFORM [must be last]
        -: 1381:    */
        -: 1382:#ifdef PNG_READ_STRIP_ALPHA_SUPPORTED
    #####: 1383:   if ((png_ptr->transformations & PNG_STRIP_ALPHA) != 0 &&
    #####: 1384:       (png_ptr->transformations & PNG_COMPOSE) == 0)
        -: 1385:   {
        -: 1386:      /* Stripping the alpha channel happens immediately after the 'expand'
        -: 1387:       * transformations, before all other transformation, so it cancels out
        -: 1388:       * the alpha handling.  It has the side effect negating the effect of
        -: 1389:       * PNG_EXPAND_tRNS too:
        -: 1390:       */
    #####: 1391:      png_ptr->transformations &= ~(PNG_BACKGROUND_EXPAND | PNG_ENCODE_ALPHA |
        -: 1392:         PNG_EXPAND_tRNS);
    #####: 1393:      png_ptr->flags &= ~PNG_FLAG_OPTIMIZE_ALPHA;
        -: 1394:
        -: 1395:      /* Kill the tRNS chunk itself too.  Prior to 1.5.4 this did not happen
        -: 1396:       * so transparency information would remain just so long as it wasn't
        -: 1397:       * expanded.  This produces unexpected API changes if the set of things
        -: 1398:       * that do PNG_EXPAND_tRNS changes (perfectly possible given the
        -: 1399:       * documentation - which says ask for what you want, accept what you
        -: 1400:       * get.)  This makes the behavior consistent from 1.5.4:
        -: 1401:       */
    #####: 1402:      png_ptr->num_trans = 0;
        -: 1403:   }
        -: 1404:#endif /* STRIP_ALPHA supported, no COMPOSE */
        -: 1405:
        -: 1406:#ifdef PNG_READ_ALPHA_MODE_SUPPORTED
        -: 1407:   /* If the screen gamma is about 1.0 then the OPTIMIZE_ALPHA and ENCODE_ALPHA
        -: 1408:    * settings will have no effect.
        -: 1409:    */
    #####: 1410:   if (png_gamma_significant(png_ptr->screen_gamma) == 0)
        -: 1411:   {
    #####: 1412:      png_ptr->transformations &= ~PNG_ENCODE_ALPHA;
    #####: 1413:      png_ptr->flags &= ~PNG_FLAG_OPTIMIZE_ALPHA;
        -: 1414:   }
        -: 1415:#endif
        -: 1416:
        -: 1417:#ifdef PNG_READ_RGB_TO_GRAY_SUPPORTED
        -: 1418:   /* Make sure the coefficients for the rgb to gray conversion are set
        -: 1419:    * appropriately.
        -: 1420:    */
    #####: 1421:   if ((png_ptr->transformations & PNG_RGB_TO_GRAY) != 0)
    #####: 1422:      png_colorspace_set_rgb_coefficients(png_ptr);
        -: 1423:#endif
        -: 1424:
        -: 1425:#ifdef PNG_READ_GRAY_TO_RGB_SUPPORTED
        -: 1426:#if defined(PNG_READ_EXPAND_SUPPORTED) && defined(PNG_READ_BACKGROUND_SUPPORTED)
        -: 1427:   /* Detect gray background and attempt to enable optimization for
        -: 1428:    * gray --> RGB case.
        -: 1429:    *
        -: 1430:    * Note:  if PNG_BACKGROUND_EXPAND is set and color_type is either RGB or
        -: 1431:    * RGB_ALPHA (in which case need_expand is superfluous anyway), the
        -: 1432:    * background color might actually be gray yet not be flagged as such.
        -: 1433:    * This is not a problem for the current code, which uses
        -: 1434:    * PNG_BACKGROUND_IS_GRAY only to decide when to do the
        -: 1435:    * png_do_gray_to_rgb() transformation.
        -: 1436:    *
        -: 1437:    * TODO: this code needs to be revised to avoid the complexity and
        -: 1438:    * interdependencies.  The color type of the background should be recorded in
        -: 1439:    * png_set_background, along with the bit depth, then the code has a record
        -: 1440:    * of exactly what color space the background is currently in.
        -: 1441:    */
    #####: 1442:   if ((png_ptr->transformations & PNG_BACKGROUND_EXPAND) != 0)
        -: 1443:   {
        -: 1444:      /* PNG_BACKGROUND_EXPAND: the background is in the file color space, so if
        -: 1445:       * the file was grayscale the background value is gray.
        -: 1446:       */
    #####: 1447:      if ((png_ptr->color_type & PNG_COLOR_MASK_COLOR) == 0)
    #####: 1448:         png_ptr->mode |= PNG_BACKGROUND_IS_GRAY;
        -: 1449:   }
        -: 1450:
    #####: 1451:   else if ((png_ptr->transformations & PNG_COMPOSE) != 0)
        -: 1452:   {
        -: 1453:      /* PNG_COMPOSE: png_set_background was called with need_expand false,
        -: 1454:       * so the color is in the color space of the output or png_set_alpha_mode
        -: 1455:       * was called and the color is black.  Ignore RGB_TO_GRAY because that
        -: 1456:       * happens before GRAY_TO_RGB.
        -: 1457:       */
    #####: 1458:      if ((png_ptr->transformations & PNG_GRAY_TO_RGB) != 0)
        -: 1459:      {
    #####: 1460:         if (png_ptr->background.red == png_ptr->background.green &&
    #####: 1461:             png_ptr->background.red == png_ptr->background.blue)
        -: 1462:         {
    #####: 1463:            png_ptr->mode |= PNG_BACKGROUND_IS_GRAY;
    #####: 1464:            png_ptr->background.gray = png_ptr->background.red;
        -: 1465:         }
        -: 1466:      }
        -: 1467:   }
        -: 1468:#endif /* READ_EXPAND && READ_BACKGROUND */
        -: 1469:#endif /* READ_GRAY_TO_RGB */
        -: 1470:
        -: 1471:   /* For indexed PNG data (PNG_COLOR_TYPE_PALETTE) many of the transformations
        -: 1472:    * can be performed directly on the palette, and some (such as rgb to gray)
        -: 1473:    * can be optimized inside the palette.  This is particularly true of the
        -: 1474:    * composite (background and alpha) stuff, which can be pretty much all done
        -: 1475:    * in the palette even if the result is expanded to RGB or gray afterward.
        -: 1476:    *
        -: 1477:    * NOTE: this is Not Yet Implemented, the code behaves as in 1.5.1 and
        -: 1478:    * earlier and the palette stuff is actually handled on the first row.  This
        -: 1479:    * leads to the reported bug that the palette returned by png_get_PLTE is not
        -: 1480:    * updated.
        -: 1481:    */
    #####: 1482:   if (png_ptr->color_type == PNG_COLOR_TYPE_PALETTE)
    #####: 1483:      png_init_palette_transformations(png_ptr);
        -: 1484:
        -: 1485:   else
    #####: 1486:      png_init_rgb_transformations(png_ptr);
        -: 1487:
        -: 1488:#if defined(PNG_READ_BACKGROUND_SUPPORTED) && \
        -: 1489:   defined(PNG_READ_EXPAND_16_SUPPORTED)
    #####: 1490:   if ((png_ptr->transformations & PNG_EXPAND_16) != 0 &&
    #####: 1491:       (png_ptr->transformations & PNG_COMPOSE) != 0 &&
    #####: 1492:       (png_ptr->transformations & PNG_BACKGROUND_EXPAND) == 0 &&
    #####: 1493:       png_ptr->bit_depth != 16)
        -: 1494:   {
        -: 1495:      /* TODO: fix this.  Because the expand_16 operation is after the compose
        -: 1496:       * handling the background color must be 8, not 16, bits deep, but the
        -: 1497:       * application will supply a 16-bit value so reduce it here.
        -: 1498:       *
        -: 1499:       * The PNG_BACKGROUND_EXPAND code above does not expand to 16 bits at
        -: 1500:       * present, so that case is ok (until do_expand_16 is moved.)
        -: 1501:       *
        -: 1502:       * NOTE: this discards the low 16 bits of the user supplied background
        -: 1503:       * color, but until expand_16 works properly there is no choice!
        -: 1504:       */
        -: 1505:#     define CHOP(x) (x)=((png_uint_16)PNG_DIV257(x))
    #####: 1506:      CHOP(png_ptr->background.red);
    #####: 1507:      CHOP(png_ptr->background.green);
    #####: 1508:      CHOP(png_ptr->background.blue);
    #####: 1509:      CHOP(png_ptr->background.gray);
        -: 1510:#     undef CHOP
        -: 1511:   }
        -: 1512:#endif /* READ_BACKGROUND && READ_EXPAND_16 */
        -: 1513:
        -: 1514:#if defined(PNG_READ_BACKGROUND_SUPPORTED) && \
        -: 1515:   (defined(PNG_READ_SCALE_16_TO_8_SUPPORTED) || \
        -: 1516:   defined(PNG_READ_STRIP_16_TO_8_SUPPORTED))
    #####: 1517:   if ((png_ptr->transformations & (PNG_16_TO_8|PNG_SCALE_16_TO_8)) != 0 &&
    #####: 1518:       (png_ptr->transformations & PNG_COMPOSE) != 0 &&
    #####: 1519:       (png_ptr->transformations & PNG_BACKGROUND_EXPAND) == 0 &&
    #####: 1520:       png_ptr->bit_depth == 16)
        -: 1521:   {
        -: 1522:      /* On the other hand, if a 16-bit file is to be reduced to 8-bits per
        -: 1523:       * component this will also happen after PNG_COMPOSE and so the background
        -: 1524:       * color must be pre-expanded here.
        -: 1525:       *
        -: 1526:       * TODO: fix this too.
        -: 1527:       */
    #####: 1528:      png_ptr->background.red = (png_uint_16)(png_ptr->background.red * 257);
    #####: 1529:      png_ptr->background.green =
    #####: 1530:         (png_uint_16)(png_ptr->background.green * 257);
    #####: 1531:      png_ptr->background.blue = (png_uint_16)(png_ptr->background.blue * 257);
    #####: 1532:      png_ptr->background.gray = (png_uint_16)(png_ptr->background.gray * 257);
        -: 1533:   }
        -: 1534:#endif
        -: 1535:
        -: 1536:   /* NOTE: below 'PNG_READ_ALPHA_MODE_SUPPORTED' is presumed to also enable the
        -: 1537:    * background support (see the comments in scripts/pnglibconf.dfa), this
        -: 1538:    * allows pre-multiplication of the alpha channel to be implemented as
        -: 1539:    * compositing on black.  This is probably sub-optimal and has been done in
        -: 1540:    * 1.5.4 betas simply to enable external critique and testing (i.e. to
        -: 1541:    * implement the new API quickly, without lots of internal changes.)
        -: 1542:    */
        -: 1543:
        -: 1544:#ifdef PNG_READ_GAMMA_SUPPORTED
        -: 1545:#  ifdef PNG_READ_BACKGROUND_SUPPORTED
        -: 1546:      /* Includes ALPHA_MODE */
    #####: 1547:      png_ptr->background_1 = png_ptr->background;
        -: 1548:#  endif
        -: 1549:
        -: 1550:   /* This needs to change - in the palette image case a whole set of tables are
        -: 1551:    * built when it would be quicker to just calculate the correct value for
        -: 1552:    * each palette entry directly.  Also, the test is too tricky - why check
        -: 1553:    * PNG_RGB_TO_GRAY if PNG_GAMMA is not set?  The answer seems to be that
        -: 1554:    * PNG_GAMMA is cancelled even if the gamma is known?  The test excludes the
        -: 1555:    * PNG_COMPOSE case, so apparently if there is no *overall* gamma correction
        -: 1556:    * the gamma tables will not be built even if composition is required on a
        -: 1557:    * gamma encoded value.
        -: 1558:    *
        -: 1559:    * In 1.5.4 this is addressed below by an additional check on the individual
        -: 1560:    * file gamma - if it is not 1.0 both RGB_TO_GRAY and COMPOSE need the
        -: 1561:    * tables.
        -: 1562:    */
    #####: 1563:   if ((png_ptr->transformations & PNG_GAMMA) != 0 ||
    #####: 1564:       ((png_ptr->transformations & PNG_RGB_TO_GRAY) != 0 &&
[...]
    #####: 4639:            g = *sp++;
    #####: 4640:            b = *sp++;
        -: 4641:
        -: 4642:            /* This looks real messy, but the compiler will reduce
        -: 4643:             * it down to a reasonable formula.  For example, with
        -: 4644:             * 5 bits per color, we get:
        -: 4645:             * p = (((r >> 3) & 0x1f) << 10) |
        -: 4646:             *    (((g >> 3) & 0x1f) << 5) |
        -: 4647:             *    ((b >> 3) & 0x1f);
        -: 4648:             */
    #####: 4649:            p = (((r >> (8 - PNG_QUANTIZE_RED_BITS)) &
    #####: 4650:                ((1 << PNG_QUANTIZE_RED_BITS) - 1)) <<
    #####: 4651:                (PNG_QUANTIZE_GREEN_BITS + PNG_QUANTIZE_BLUE_BITS)) |
    #####: 4652:                (((g >> (8 - PNG_QUANTIZE_GREEN_BITS)) &
    #####: 4653:                ((1 << PNG_QUANTIZE_GREEN_BITS) - 1)) <<
        -: 4654:                (PNG_QUANTIZE_BLUE_BITS)) |
    #####: 4655:                ((b >> (8 - PNG_QUANTIZE_BLUE_BITS)) &
        -: 4656:                ((1 << PNG_QUANTIZE_BLUE_BITS) - 1));
        -: 4657:
    #####: 4658:            *dp++ = palette_lookup[p];
        -: 4659:         }
        -: 4660:
    #####: 4661:         row_info->color_type = PNG_COLOR_TYPE_PALETTE;
    #####: 4662:         row_info->channels = 1;
    #####: 4663:         row_info->pixel_depth = row_info->bit_depth;
    #####: 4664:         row_info->rowbytes = PNG_ROWBYTES(row_info->pixel_depth, row_width);
        -: 4665:      }
        -: 4666:
    #####: 4667:      else if (row_info->color_type == PNG_COLOR_TYPE_RGB_ALPHA &&
        -: 4668:         palette_lookup != NULL)
    #####: 4669:      {
        -: 4670:         int r, g, b, p;
    #####: 4671:         sp = row;
    #####: 4672:         dp = row;
    #####: 4673:         for (i = 0; i < row_width; i++)
        -: 4674:         {
    #####: 4675:            r = *sp++;
    #####: 4676:            g = *sp++;
    #####: 4677:            b = *sp++;
    #####: 4678:            sp++;
        -: 4679:
    #####: 4680:            p = (((r >> (8 - PNG_QUANTIZE_RED_BITS)) &
    #####: 4681:                ((1 << PNG_QUANTIZE_RED_BITS) - 1)) <<
    #####: 4682:                (PNG_QUANTIZE_GREEN_BITS + PNG_QUANTIZE_BLUE_BITS)) |
    #####: 4683:                (((g >> (8 - PNG_QUANTIZE_GREEN_BITS)) &
    #####: 4684:                ((1 << PNG_QUANTIZE_GREEN_BITS) - 1)) <<
        -: 4685:                (PNG_QUANTIZE_BLUE_BITS)) |
    #####: 4686:                ((b >> (8 - PNG_QUANTIZE_BLUE_BITS)) &
        -: 4687:                ((1 << PNG_QUANTIZE_BLUE_BITS) - 1));
        -: 4688:
    #####: 4689:            *dp++ = palette_lookup[p];
        -: 4690:         }
        -: 4691:
    #####: 4692:         row_info->color_type = PNG_COLOR_TYPE_PALETTE;
    #####: 4693:         row_info->channels = 1;
    #####: 4694:         row_info->pixel_depth = row_info->bit_depth;
    #####: 4695:         row_info->rowbytes = PNG_ROWBYTES(row_info->pixel_depth, row_width);
        -: 4696:      }
        -: 4697:
    #####: 4698:      else if (row_info->color_type == PNG_COLOR_TYPE_PALETTE &&
        -: 4699:         quantize_lookup)
        -: 4700:      {
    #####: 4701:         sp = row;
        -: 4702:
    #####: 4703:         for (i = 0; i < row_width; i++, sp++)
        -: 4704:         {
    #####: 4705:            *sp = quantize_lookup[*sp];
        -: 4706:         }
        -: 4707:      }
        -: 4708:   }
    #####: 4709:}
        -: 4710:#endif /* READ_QUANTIZE */
        -: 4711:
        -: 4712:/* Transform the row.  The order of transformations is significant,
        -: 4713: * and is very touchy.  If you add a transformation, take care to
        -: 4714: * decide how it fits in with the other transformations here.
        -: 4715: */
        -: 4716:void /* PRIVATE */
    #####: 4717:png_do_read_transformations(png_structrp png_ptr, png_row_infop row_info)
        -: 4718:{
        -: 4719:   png_debug(1, "in png_do_read_transformations");
        -: 4720:
    #####: 4721:   if (png_ptr->row_buf == NULL)
        -: 4722:   {
        -: 4723:      /* Prior to 1.5.4 this output row/pass where the NULL pointer is, but this
        -: 4724:       * error is incredibly rare and incredibly easy to debug without this
        -: 4725:       * information.
        -: 4726:       */
    #####: 4727:      png_error(png_ptr, "NULL row buffer");
        -: 4728:   }
        -: 4729:
        -: 4730:   /* The following is debugging; prior to 1.5.4 the code was never compiled in;
        -: 4731:    * in 1.5.4 PNG_FLAG_DETECT_UNINITIALIZED was added and the macro
        -: 4732:    * PNG_WARN_UNINITIALIZED_ROW removed.  In 1.6 the new flag is set only for
        -: 4733:    * all transformations, however in practice the ROW_INIT always gets done on
        -: 4734:    * demand, if necessary.
        -: 4735:    */
    #####: 4736:   if ((png_ptr->flags & PNG_FLAG_DETECT_UNINITIALIZED) != 0 &&
    #####: 4737:       (png_ptr->flags & PNG_FLAG_ROW_INIT) == 0)
        -: 4738:   {
        -: 4739:      /* Application has failed to call either png_read_start_image() or
        -: 4740:       * png_read_update_info() after setting transforms that expand pixels.
        -: 4741:       * This check added to libpng-1.2.19 (but not enabled until 1.5.4).
        -: 4742:       */
    #####: 4743:      png_error(png_ptr, "Uninitialized row");
        -: 4744:   }
        -: 4745:
        -: 4746:#ifdef PNG_READ_EXPAND_SUPPORTED
    #####: 4747:   if ((png_ptr->transformations & PNG_EXPAND) != 0)
        -: 4748:   {
    #####: 4749:      if (row_info->color_type == PNG_COLOR_TYPE_PALETTE)
        -: 4750:      {
    #####: 4751:         png_do_expand_palette(row_info, png_ptr->row_buf + 1,
    #####: 4752:             png_ptr->palette, png_ptr->trans_alpha, png_ptr->num_trans);
        -: 4753:      }
        -: 4754:
        -: 4755:      else
        -: 4756:      {
    #####: 4757:         if (png_ptr->num_trans != 0 &&
    #####: 4758:             (png_ptr->transformations & PNG_EXPAND_tRNS) != 0)
    #####: 4759:            png_do_expand(row_info, png_ptr->row_buf + 1,
    #####: 4760:                &(png_ptr->trans_color));
        -: 4761:
        -: 4762:         else
    #####: 4763:            png_do_expand(row_info, png_ptr->row_buf + 1,
        -: 4764:                NULL);
        -: 4765:      }
        -: 4766:   }
        -: 4767:#endif
        -: 4768:
        -: 4769:#ifdef PNG_READ_STRIP_ALPHA_SUPPORTED
    #####: 4770:   if ((png_ptr->transformations & PNG_STRIP_ALPHA) != 0 &&
    #####: 4771:       (png_ptr->transformations & PNG_COMPOSE) == 0 &&
    #####: 4772:       (row_info->color_type == PNG_COLOR_TYPE_RGB_ALPHA ||
    #####: 4773:       row_info->color_type == PNG_COLOR_TYPE_GRAY_ALPHA))
    #####: 4774:      png_do_strip_channel(row_info, png_ptr->row_buf + 1,
        -: 4775:          0 /* at_start == false, because SWAP_ALPHA happens later */);
        -: 4776:#endif
        -: 4777:
        -: 4778:#ifdef PNG_READ_RGB_TO_GRAY_SUPPORTED
    #####: 4779:   if ((png_ptr->transformations & PNG_RGB_TO_GRAY) != 0)
        -: 4780:   {
        -: 4781:      int rgb_error =
    #####: 4782:          png_do_rgb_to_gray(png_ptr, row_info,
    #####: 4783:              png_ptr->row_buf + 1);
        -: 4784:
    #####: 4785:      if (rgb_error != 0)
        -: 4786:      {
    #####: 4787:         png_ptr->rgb_to_gray_status=1;
    #####: 4788:         if ((png_ptr->transformations & PNG_RGB_TO_GRAY) ==
        -: 4789:             PNG_RGB_TO_GRAY_WARN)
    #####: 4790:            png_warning(png_ptr, "png_do_rgb_to_gray found nongray pixel");
        -: 4791:
    #####: 4792:         if ((png_ptr->transformations & PNG_RGB_TO_GRAY) ==
        -: 4793:             PNG_RGB_TO_GRAY_ERR)
    #####: 4794:            png_error(png_ptr, "png_do_rgb_to_gray found nongray pixel");
        -: 4795:      }
        -: 4796:   }
        -: 4797:#endif
        -: 4798:
        -: 4799:/* From Andreas Dilger e-mail to png-implement, 26 March 1998:
        -: 4800: *
        -: 4801: *   In most cases, the "simple transparency" should be done prior to doing
        -: 4802: *   gray-to-RGB, or you will have to test 3x as many bytes to check if a
        -: 4803: *   pixel is transparent.  You would also need to make sure that the
        -: 4804: *   transparency information is upgraded to RGB.
        -: 4805: *
        -: 4806: *   To summarize, the current flow is:
        -: 4807: *   - Gray + simple transparency -> compare 1 or 2 gray bytes and composite
        -: 4808: *                                   with background "in place" if transparent,
        -: 4809: *                                   convert to RGB if necessary
        -: 4810: *   - Gray + alpha -> composite with gray background and remove alpha bytes,
        -: 4811: *                                   convert to RGB if necessary
        -: 4812: *
        -: 4813: *   To support RGB backgrounds for gray images we need:
        -: 4814: *   - Gray + simple transparency -> convert to RGB + simple transparency,
        -: 4815: *                                   compare 3 or 6 bytes and composite with
        -: 4816: *                                   background "in place" if transparent
        -: 4817: *                                   (3x compare/pixel compared to doing
        -: 4818: *                                   composite with gray bkgrnd)
        -: 4819: *   - Gray + alpha -> convert to RGB + alpha, composite with background and
        -: 4820: *                                   remove alpha bytes (3x float
        -: 4821: *                                   operations/pixel compared with composite
        -: 4822: *                                   on gray background)
        -: 4823: *
        -: 4824: *  Greg's change will do this.  The reason it wasn't done before is for
        -: 4825: *  performance, as this increases the per-pixel operations.  If we would check
        -: 4826: *  in advance if the background was gray or RGB, and position the gray-to-RGB
        -: 4827: *  transform appropriately, then it would save a lot of work/time.
        -: 4828: */
        -: 4829:
        -: 4830:#ifdef PNG_READ_GRAY_TO_RGB_SUPPORTED
        -: 4831:   /* If gray -> RGB, do so now only if background is non-gray; else do later
        -: 4832:    * for performance reasons
        -: 4833:    */
    #####: 4834:   if ((png_ptr->transformations & PNG_GRAY_TO_RGB) != 0 &&
    #####: 4835:       (png_ptr->mode & PNG_BACKGROUND_IS_GRAY) == 0)
    #####: 4836:      png_do_gray_to_rgb(row_info, png_ptr->row_buf + 1);
        -: 4837:#endif
        -: 4838:
        -: 4839:#if defined(PNG_READ_BACKGROUND_SUPPORTED) ||\
        -: 4840:   defined(PNG_READ_ALPHA_MODE_SUPPORTED)
    #####: 4841:   if ((png_ptr->transformations & PNG_COMPOSE) != 0)
    #####: 4842:      png_do_compose(row_info, png_ptr->row_buf + 1, png_ptr);
        -: 4843:#endif
        -: 4844:
        -: 4845:#ifdef PNG_READ_GAMMA_SUPPORTED
    #####: 4846:   if ((png_ptr->transformations & PNG_GAMMA) != 0 &&
        -: 4847:#ifdef PNG_READ_RGB_TO_GRAY_SUPPORTED
        -: 4848:      /* Because RGB_TO_GRAY does the gamma transform. */
    #####: 4849:      (png_ptr->transformations & PNG_RGB_TO_GRAY) == 0 &&
        -: 4850:#endif
        -: 4851:#if defined(PNG_READ_BACKGROUND_SUPPORTED) ||\
        -: 4852:   defined(PNG_READ_ALPHA_MODE_SUPPORTED)
        -: 4853:      /* Because PNG_COMPOSE does the gamma transform if there is something to
        -: 4854:       * do (if there is an alpha channel or transparency.)
        -: 4855:       */
    #####: 4856:       !((png_ptr->transformations & PNG_COMPOSE) != 0 &&
    #####: 4857:       ((png_ptr->num_trans != 0) ||
    #####: 4858:       (png_ptr->color_type & PNG_COLOR_MASK_ALPHA) != 0)) &&
        -: 4859:#endif
        -: 4860:      /* Because png_init_read_transformations transforms the palette, unless
        -: 4861:       * RGB_TO_GRAY will do the transform.
        -: 4862:       */
    #####: 4863:       (png_ptr->color_type != PNG_COLOR_TYPE_PALETTE))
    #####: 4864:      png_do_gamma(row_info, png_ptr->row_buf + 1, png_ptr);
        -: 4865:#endif
        -: 4866:
        -: 4867:#ifdef PNG_READ_STRIP_ALPHA_SUPPORTED
    #####: 4868:   if ((png_ptr->transformations & PNG_STRIP_ALPHA) != 0 &&
    #####: 4869:       (png_ptr->transformations & PNG_COMPOSE) != 0 &&
    #####: 4870:       (row_info->color_type == PNG_COLOR_TYPE_RGB_ALPHA ||
    #####: 4871:       row_info->color_type == PNG_COLOR_TYPE_GRAY_ALPHA))
    #####: 4872:      png_do_strip_channel(row_info, png_ptr->row_buf + 1,
        -: 4873:          0 /* at_start == false, because SWAP_ALPHA happens later */);
        -: 4874:#endif
        -: 4875:
        -: 4876:#ifdef PNG_READ_ALPHA_MODE_SUPPORTED
    #####: 4877:   if ((png_ptr->transformations & PNG_ENCODE_ALPHA) != 0 &&
    #####: 4878:       (row_info->color_type & PNG_COLOR_MASK_ALPHA) != 0)
    #####: 4879:      png_do_encode_alpha(row_info, png_ptr->row_buf + 1, png_ptr);
        -: 4880:#endif
        -: 4881:
        -: 4882:#ifdef PNG_READ_SCALE_16_TO_8_SUPPORTED
    #####: 4883:   if ((png_ptr->transformations & PNG_SCALE_16_TO_8) != 0)
    #####: 4884:      png_do_scale_16_to_8(row_info, png_ptr->row_buf + 1);
        -: 4885:#endif
        -: 4886:
        -: 4887:#ifdef PNG_READ_STRIP_16_TO_8_SUPPORTED
        -: 4888:   /* There is no harm in doing both of these because only one has any effect,
        -: 4889:    * by putting the 'scale' option first if the app asks for scale (either by
        -: 4890:    * calling the API or in a TRANSFORM flag) this is what happens.
        -: 4891:    */
    #####: 4892:   if ((png_ptr->transformations & PNG_16_TO_8) != 0)
    #####: 4893:      png_do_chop(row_info, png_ptr->row_buf + 1);
        -: 4894:#endif
        -: 4895:
        -: 4896:#ifdef PNG_READ_QUANTIZE_SUPPORTED
    #####: 4897:   if ((png_ptr->transformations & PNG_QUANTIZE) != 0)
        -: 4898:   {
    #####: 4899:      png_do_quantize(row_info, png_ptr->row_buf + 1,
    #####: 4900:          png_ptr->palette_lookup, png_ptr->quantize_index);
        -: 4901:
    #####: 4902:      if (row_info->rowbytes == 0)
    #####: 4903:         png_error(png_ptr, "png_do_quantize returned rowbytes=0");
        -: 4904:   }
        -: 4905:#endif /* READ_QUANTIZE */
        -: 4906:
        -: 4907:#ifdef PNG_READ_EXPAND_16_SUPPORTED
        -: 4908:   /* Do the expansion now, after all the arithmetic has been done.  Notice
        -: 4909:    * that previous transformations can handle the PNG_EXPAND_16 flag if this
        -: 4910:    * is efficient (particularly true in the case of gamma correction, where
        -: 4911:    * better accuracy results faster!)
        -: 4912:    */
    #####: 4913:   if ((png_ptr->transformations & PNG_EXPAND_16) != 0)
    #####: 4914:      png_do_expand_16(row_info, png_ptr->row_buf + 1);
        -: 4915:#endif
        -: 4916:
        -: 4917:#ifdef PNG_READ_GRAY_TO_RGB_SUPPORTED
        -: 4918:   /* NOTE: moved here in 1.5.4 (from much later in this list.) */
    #####: 4919:   if ((png_ptr->transformations & PNG_GRAY_TO_RGB) != 0 &&
    #####: 4920:       (png_ptr->mode & PNG_BACKGROUND_IS_GRAY) != 0)
    #####: 4921:      png_do_gray_to_rgb(row_info, png_ptr->row_buf + 1);
        -: 4922:#endif
        -: 4923:
        -: 4924:#ifdef PNG_READ_INVERT_SUPPORTED
    #####: 4925:   if ((png_ptr->transformations & PNG_INVERT_MONO) != 0)
    #####: 4926:      png_do_invert(row_info, png_ptr->row_buf + 1);
        -: 4927:#endif
        -: 4928:
        -: 4929:#ifdef PNG_READ_INVERT_ALPHA_SUPPORTED
    #####: 4930:   if ((png_ptr->transformations & PNG_INVERT_ALPHA) != 0)
    #####: 4931:      png_do_read_invert_alpha(row_info, png_ptr->row_buf + 1);
        -: 4932:#endif
        -: 4933:
        -: 4934:#ifdef PNG_READ_SHIFT_SUPPORTED
    #####: 4935:   if ((png_ptr->transformations & PNG_SHIFT) != 0)
    #####: 4936:      png_do_unshift(row_info, png_ptr->row_buf + 1,
    #####: 4937:          &(png_ptr->shift));
        -: 4938:#endif
        -: 4939:
        -: 4940:#ifdef PNG_READ_PACK_SUPPORTED
    #####: 4941:   if ((png_ptr->transformations & PNG_PACK) != 0)
    #####: 4942:      png_do_unpack(row_info, png_ptr->row_buf + 1);
        -: 4943:#endif
        -: 4944:
        -: 4945:#ifdef PNG_READ_CHECK_FOR_INVALID_INDEX_SUPPORTED
        -: 4946:   /* Added at libpng-1.5.10 */
    #####: 4947:   if (row_info->color_type == PNG_COLOR_TYPE_PALETTE &&
    #####: 4948:       png_ptr->num_palette_max >= 0)
    #####: 4949:      png_do_check_palette_indexes(png_ptr, row_info);
        -: 4950:#endif
        -: 4951:
        -: 4952:#ifdef PNG_READ_BGR_SUPPORTED
    #####: 4953:   if ((png_ptr->transformations & PNG_BGR) != 0)
    #####: 4954:      png_do_bgr(row_info, png_ptr->row_buf + 1);
        -: 4955:#endif
        -: 4956:
        -: 4957:#ifdef PNG_READ_PACKSWAP_SUPPORTED
    #####: 4958:   if ((png_ptr->transformations & PNG_PACKSWAP) != 0)
    #####: 4959:      png_do_packswap(row_info, png_ptr->row_buf + 1);
        -: 4960:#endif
        -: 4961:
        -: 4962:#ifdef PNG_READ_FILLER_SUPPORTED
    #####: 4963:   if ((png_ptr->transformations & PNG_FILLER) != 0)
    #####: 4964:      png_do_read_filler(row_info, png_ptr->row_buf + 1,
    #####: 4965:          (png_uint_32)png_ptr->filler, png_ptr->flags);
        -: 4966:#endif
        -: 4967:
        -: 4968:#ifdef PNG_READ_SWAP_ALPHA_SUPPORTED
    #####: 4969:   if ((png_ptr->transformations & PNG_SWAP_ALPHA) != 0)
    #####: 4970:      png_do_read_swap_alpha(row_info, png_ptr->row_buf + 1);
        -: 4971:#endif
        -: 4972:
        -: 4973:#ifdef PNG_READ_16BIT_SUPPORTED
        -: 4974:#ifdef PNG_READ_SWAP_SUPPORTED
    #####: 4975:   if ((png_ptr->transformations & PNG_SWAP_BYTES) != 0)
    #####: 4976:      png_do_swap(row_info, png_ptr->row_buf + 1);
        -: 4977:#endif
        -: 4978:#endif
        -: 4979:
        -: 4980:#ifdef PNG_READ_USER_TRANSFORM_SUPPORTED
    #####: 4981:   if ((png_ptr->transformations & PNG_USER_TRANSFORM) != 0)
        -: 4982:   {
    #####: 4983:      if (png_ptr->read_user_transform_fn != NULL)
    #####: 4984:         (*(png_ptr->read_user_transform_fn)) /* User read transform function */
        -: 4985:             (png_ptr,     /* png_ptr */
        -: 4986:             row_info,     /* row_info: */
        -: 4987:                /*  png_uint_32 width;       width of row */
        -: 4988:                /*  png_size_t rowbytes;     number of bytes in row */
        -: 4989:                /*  png_byte color_type;     color type of pixels */
        -: 4990:                /*  png_byte bit_depth;      bit depth of samples */
        -: 4991:                /*  png_byte channels;       number of channels (1-4) */
        -: 4992:                /*  png_byte pixel_depth;    bits per pixel (depth*channels) */
    #####: 4993:             png_ptr->row_buf + 1);    /* start of pixel data for row */
        -: 4994:#ifdef PNG_USER_TRANSFORM_PTR_SUPPORTED
    #####: 4995:      if (png_ptr->user_transform_depth != 0)
    #####: 4996:         row_info->bit_depth = png_ptr->user_transform_depth;
        -: 4997:
    #####: 4998:      if (png_ptr->user_transform_channels != 0)
    #####: 4999:         row_info->channels = png_ptr->user_transform_channels;
        -: 5000:#endif
    #####: 5001:      row_info->pixel_depth = (png_byte)(row_info->bit_depth *
    #####: 5002:          row_info->channels);
        -: 5003:
    #####: 5004:      row_info->rowbytes = PNG_ROWBYTES(row_info->pixel_depth, row_info->width);
        -: 5005:   }
        -: 5006:#endif
    #####: 5007:}
        -: 5008:
        -: 5009:#endif /* READ_TRANSFORMS */
        -: 5010:#endif /* READ */
